[ 2016-11-16T19:59:20+08:00 ] ::1 /mypro/cms/admin.php?c=Index
INFO: [ app_init ] --START--
INFO: Run Behavior\BuildLiteBehavior [ RunTime:0.000036s ]
INFO: [ app_init ] --END-- [ RunTime:0.000734s ]
INFO: [ app_begin ] --START--
INFO: Run Behavior\ReadHtmlCacheBehavior [ RunTime:0.000905s ]
INFO: [ app_begin ] --END-- [ RunTime:0.001122s ]

[ 2016-11-16T19:59:44+08:00 ] ::1 /mypro/cms/admin.php?c=Index
INFO: [ app_init ] --START--
INFO: Run Behavior\BuildLiteBehavior [ RunTime:0.000035s ]
INFO: [ app_init ] --END-- [ RunTime:0.000639s ]
INFO: [ app_begin ] --START--
INFO: Run Behavior\ReadHtmlCacheBehavior [ RunTime:0.000663s ]
INFO: [ app_begin ] --END-- [ RunTime:0.000822s ]
NOTIC: [8192] mysql_connect(): The mysql extension is deprecated and will be removed in the future: use mysqli or PDO instead E:\wampserv\wamp\www\mypro\cms\ThinkPHP\Library\Think\Db\Driver\Mysql.class.php 第 52 行.
SQL: SHOW COLUMNS FROM `cms_menu` [ RunTime:0.152449s ]
SQL: SELECT * FROM `cms_menu` WHERE ( type=1 )  [ RunTime:0.000400s ]
SQL: SHOW COLUMNS FROM `cms_news` [ RunTime:0.005413s ]
NOTIC: [2] Missing argument 1 for Common\Model\ContentModel::getlist(), called in E:\wampserv\wamp\www\mypro\cms\Application\Admin\Controller\IndexController.class.php on line 13 and defined E:\wampserv\wamp\www\mypro\cms\Application\Common\Model\ContentModel.class.php 第 17 行.
NOTIC: [8] Undefined variable: condation E:\wampserv\wamp\www\mypro\cms\Application\Common\Model\ContentModel.class.php 第 18 行.
SQL: SELECT COUNT(*) AS tp_Count FROM `cms_news` LIMIT 1   [ RunTime:0.000292s ]
SQL: SHOW COLUMNS FROM `cms_position` [ RunTime:0.008400s ]
NOTIC: [2] Missing argument 1 for Common\Model\PositionModel::getPositionList(), called in E:\wampserv\wamp\www\mypro\cms\Application\Admin\Controller\IndexController.class.php on line 16 and defined E:\wampserv\wamp\www\mypro\cms\Application\Common\Model\PositionModel.class.php 第 22 行.
NOTIC: [2] Missing argument 2 for Common\Model\PositionModel::getPositionList(), called in E:\wampserv\wamp\www\mypro\cms\Application\Admin\Controller\IndexController.class.php on line 16 and defined E:\wampserv\wamp\www\mypro\cms\Application\Common\Model\PositionModel.class.php 第 22 行.
NOTIC: [2] Missing argument 3 for Common\Model\PositionModel::getPositionList(), called in E:\wampserv\wamp\www\mypro\cms\Application\Admin\Controller\IndexController.class.php on line 16 and defined E:\wampserv\wamp\www\mypro\cms\Application\Common\Model\PositionModel.class.php 第 22 行.
NOTIC: [8] Undefined variable: condition E:\wampserv\wamp\www\mypro\cms\Application\Common\Model\PositionModel.class.php 第 23 行.
NOTIC: [8] Undefined variable: offset E:\wampserv\wamp\www\mypro\cms\Application\Common\Model\PositionModel.class.php 第 23 行.
NOTIC: [8] Undefined variable: perPageCount E:\wampserv\wamp\www\mypro\cms\Application\Common\Model\PositionModel.class.php 第 23 行.
SQL: SELECT * FROM `cms_position`  [ RunTime:0.048355s ]
NOTIC: [2] Missing argument 1 for Common\Model\ContentModel::getMaxReadCount(), called in E:\wampserv\wamp\www\mypro\cms\Application\Admin\Controller\IndexController.class.php on line 19 and defined E:\wampserv\wamp\www\mypro\cms\Application\Common\Model\ContentModel.class.php 第 33 行.
NOTIC: [2] Missing argument 2 for Common\Model\ContentModel::getMaxReadCount(), called in E:\wampserv\wamp\www\mypro\cms\Application\Admin\Controller\IndexController.class.php on line 19 and defined E:\wampserv\wamp\www\mypro\cms\Application\Common\Model\ContentModel.class.php 第 33 行.
NOTIC: [8] Undefined variable: offset E:\wampserv\wamp\www\mypro\cms\Application\Common\Model\ContentModel.class.php 第 34 行.
NOTIC: [8] Undefined variable: count E:\wampserv\wamp\www\mypro\cms\Application\Common\Model\ContentModel.class.php 第 34 行.
SQL: SELECT * FROM `cms_news` ORDER BY count desc  [ RunTime:0.000658s ]
INFO: [ view_parse ] --START--
INFO: [ template_filter ] --START--
INFO: Run Behavior\ContentReplaceBehavior [ RunTime:0.000070s ]
INFO: [ template_filter ] --END-- [ RunTime:0.000203s ]
INFO: Run Behavior\ParseTemplateBehavior [ RunTime:0.091442s ]
INFO: [ view_parse ] --END-- [ RunTime:0.091663s ]
INFO: [ view_filter ] --START--
INFO: Run Behavior\WriteHtmlCacheBehavior [ RunTime:0.001044s ]
INFO: [ view_filter ] --END-- [ RunTime:0.001347s ]
INFO: [ app_end ] --START--
INFO: Run Behavior\ShowPageTraceBehavior [ RunTime:0.001123s ]
INFO: [ app_end ] --END-- [ RunTime:0.001268s ]

[ 2016-11-16T19:59:47+08:00 ] ::1 /mypro/cms/admin.php?c=Index
INFO: [ app_init ] --START--
INFO: Run Behavior\BuildLiteBehavior [ RunTime:0.000038s ]
INFO: [ app_init ] --END-- [ RunTime:0.000613s ]
INFO: [ app_begin ] --START--
INFO: Run Behavior\ReadHtmlCacheBehavior [ RunTime:0.001092s ]
INFO: [ app_begin ] --END-- [ RunTime:0.001379s ]
NOTIC: [8192] mysql_connect(): The mysql extension is deprecated and will be removed in the future: use mysqli or PDO instead E:\wampserv\wamp\www\mypro\cms\ThinkPHP\Library\Think\Db\Driver\Mysql.class.php 第 52 行.
SQL: SHOW COLUMNS FROM `cms_menu` [ RunTime:0.006368s ]
SQL: SELECT * FROM `cms_menu` WHERE ( type=1 )  [ RunTime:0.000438s ]
SQL: SHOW COLUMNS FROM `cms_news` [ RunTime:0.005552s ]
NOTIC: [2] Missing argument 1 for Common\Model\ContentModel::getlist(), called in E:\wampserv\wamp\www\mypro\cms\Application\Admin\Controller\IndexController.class.php on line 13 and defined E:\wampserv\wamp\www\mypro\cms\Application\Common\Model\ContentModel.class.php 第 17 行.
NOTIC: [8] Undefined variable: condation E:\wampserv\wamp\www\mypro\cms\Application\Common\Model\ContentModel.class.php 第 18 行.
SQL: SELECT COUNT(*) AS tp_Count FROM `cms_news` LIMIT 1   [ RunTime:0.000361s ]
SQL: SHOW COLUMNS FROM `cms_position` [ RunTime:0.007149s ]
NOTIC: [2] Missing argument 1 for Common\Model\PositionModel::getPositionList(), called in E:\wampserv\wamp\www\mypro\cms\Application\Admin\Controller\IndexController.class.php on line 16 and defined E:\wampserv\wamp\www\mypro\cms\Application\Common\Model\PositionModel.class.php 第 22 行.
NOTIC: [2] Missing argument 2 for Common\Model\PositionModel::getPositionList(), called in E:\wampserv\wamp\www\mypro\cms\Application\Admin\Controller\IndexController.class.php on line 16 and defined E:\wampserv\wamp\www\mypro\cms\Application\Common\Model\PositionModel.class.php 第 22 行.
NOTIC: [2] Missing argument 3 for Common\Model\PositionModel::getPositionList(), called in E:\wampserv\wamp\www\mypro\cms\Application\Admin\Controller\IndexController.class.php on line 16 and defined E:\wampserv\wamp\www\mypro\cms\Application\Common\Model\PositionModel.class.php 第 22 行.
NOTIC: [8] Undefined variable: condition E:\wampserv\wamp\www\mypro\cms\Application\Common\Model\PositionModel.class.php 第 23 行.
NOTIC: [8] Undefined variable: offset E:\wampserv\wamp\www\mypro\cms\Application\Common\Model\PositionModel.class.php 第 23 行.
NOTIC: [8] Undefined variable: perPageCount E:\wampserv\wamp\www\mypro\cms\Application\Common\Model\PositionModel.class.php 第 23 行.
SQL: SELECT * FROM `cms_position`  [ RunTime:0.000387s ]
NOTIC: [2] Missing argument 1 for Common\Model\ContentModel::getMaxReadCount(), called in E:\wampserv\wamp\www\mypro\cms\Application\Admin\Controller\IndexController.class.php on line 19 and defined E:\wampserv\wamp\www\mypro\cms\Application\Common\Model\ContentModel.class.php 第 33 行.
NOTIC: [2] Missing argument 2 for Common\Model\ContentModel::getMaxReadCount(), called in E:\wampserv\wamp\www\mypro\cms\Application\Admin\Controller\IndexController.class.php on line 19 and defined E:\wampserv\wamp\www\mypro\cms\Application\Common\Model\ContentModel.class.php 第 33 行.
NOTIC: [8] Undefined variable: offset E:\wampserv\wamp\www\mypro\cms\Application\Common\Model\ContentModel.class.php 第 34 行.
NOTIC: [8] Undefined variable: count E:\wampserv\wamp\www\mypro\cms\Application\Common\Model\ContentModel.class.php 第 34 行.
SQL: SELECT * FROM `cms_news` ORDER BY count desc  [ RunTime:0.000601s ]
INFO: [ view_parse ] --START--
INFO: [ template_filter ] --START--
INFO: Run Behavior\ContentReplaceBehavior [ RunTime:0.000075s ]
INFO: [ template_filter ] --END-- [ RunTime:0.000215s ]
INFO: Run Behavior\ParseTemplateBehavior [ RunTime:0.013504s ]
INFO: [ view_parse ] --END-- [ RunTime:0.013658s ]
INFO: [ view_filter ] --START--
INFO: Run Behavior\WriteHtmlCacheBehavior [ RunTime:0.000606s ]
INFO: [ view_filter ] --END-- [ RunTime:0.000732s ]
INFO: [ app_end ] --START--
INFO: Run Behavior\ShowPageTraceBehavior [ RunTime:0.000716s ]
INFO: [ app_end ] --END-- [ RunTime:0.000836s ]

[ 2016-11-16T19:59:48+08:00 ] ::1 /mypro/cms/admin.php?c=login&a=loginOut
INFO: [ app_init ] --START--
INFO: Run Behavior\BuildLiteBehavior [ RunTime:0.000037s ]
INFO: [ app_init ] --END-- [ RunTime:0.000887s ]
INFO: [ app_begin ] --START--
INFO: Run Behavior\ReadHtmlCacheBehavior [ RunTime:0.001229s ]
INFO: [ app_begin ] --END-- [ RunTime:0.001550s ]
INFO: [ app_end ] --START--
INFO: Run Behavior\ShowPageTraceBehavior [ RunTime:0.001293s ]
INFO: [ app_end ] --END-- [ RunTime:0.001634s ]

[ 2016-11-16T19:59:49+08:00 ] ::1 /mypro/cms/admin.php
INFO: [ app_init ] --START--
INFO: Run Behavior\BuildLiteBehavior [ RunTime:0.000081s ]
INFO: [ app_init ] --END-- [ RunTime:0.001132s ]
INFO: [ app_begin ] --START--
INFO: Run Behavior\ReadHtmlCacheBehavior [ RunTime:0.001195s ]
INFO: [ app_begin ] --END-- [ RunTime:0.001499s ]
INFO: [ view_parse ] --START--
INFO: [ template_filter ] --START--
INFO: Run Behavior\ContentReplaceBehavior [ RunTime:0.000077s ]
INFO: [ template_filter ] --END-- [ RunTime:0.000251s ]
INFO: Run Behavior\ParseTemplateBehavior [ RunTime:0.028712s ]
INFO: [ view_parse ] --END-- [ RunTime:0.029011s ]
INFO: [ view_filter ] --START--
INFO: Run Behavior\WriteHtmlCacheBehavior [ RunTime:0.000723s ]
INFO: [ view_filter ] --END-- [ RunTime:0.000926s ]
INFO: [ app_end ] --START--
INFO: Run Behavior\ShowPageTraceBehavior [ RunTime:0.000798s ]
INFO: [ app_end ] --END-- [ RunTime:0.000939s ]

[ 2016-11-16T19:59:53+08:00 ] ::1 /mypro/cms/admin.php?c=Index
INFO: [ app_init ] --START--
INFO: Run Behavior\BuildLiteBehavior [ RunTime:0.000036s ]
INFO: [ app_init ] --END-- [ RunTime:0.000671s ]
INFO: [ app_begin ] --START--
INFO: Run Behavior\ReadHtmlCacheBehavior [ RunTime:0.000836s ]
INFO: [ app_begin ] --END-- [ RunTime:0.000995s ]
INFO: [ app_end ] --START--
INFO: Run Behavior\ShowPageTraceBehavior [ RunTime:0.000891s ]
INFO: [ app_end ] --END-- [ RunTime:0.001063s ]

[ 2016-11-16T19:59:53+08:00 ] ::1 /mypro/cms/admin.php
INFO: [ app_init ] --START--
INFO: Run Behavior\BuildLiteBehavior [ RunTime:0.000033s ]
INFO: [ app_init ] --END-- [ RunTime:0.000574s ]
INFO: [ app_begin ] --START--
INFO: Run Behavior\ReadHtmlCacheBehavior [ RunTime:0.001238s ]
INFO: [ app_begin ] --END-- [ RunTime:0.001594s ]
INFO: [ view_parse ] --START--
INFO: [ template_filter ] --START--
INFO: Run Behavior\ContentReplaceBehavior [ RunTime:0.000062s ]
INFO: [ template_filter ] --END-- [ RunTime:0.000196s ]
INFO: Run Behavior\ParseTemplateBehavior [ RunTime:0.007521s ]
INFO: [ view_parse ] --END-- [ RunTime:0.007755s ]
INFO: [ view_filter ] --START--
INFO: Run Behavior\WriteHtmlCacheBehavior [ RunTime:0.000794s ]
INFO: [ view_filter ] --END-- [ RunTime:0.000984s ]
INFO: [ app_end ] --START--
INFO: Run Behavior\ShowPageTraceBehavior [ RunTime:0.000765s ]
INFO: [ app_end ] --END-- [ RunTime:0.000899s ]

[ 2016-11-16T20:00:11+08:00 ] ::1 /mypro/cms/admin.php?c=Index
INFO: [ app_init ] --START--
INFO: Run Behavior\BuildLiteBehavior [ RunTime:0.000042s ]
INFO: [ app_init ] --END-- [ RunTime:0.001210s ]
INFO: [ app_begin ] --START--
INFO: Run Behavior\ReadHtmlCacheBehavior [ RunTime:0.000691s ]
INFO: [ app_begin ] --END-- [ RunTime:0.000860s ]
INFO: [ app_end ] --START--
INFO: Run Behavior\ShowPageTraceBehavior [ RunTime:0.000814s ]
INFO: [ app_end ] --END-- [ RunTime:0.000997s ]

[ 2016-11-16T20:00:11+08:00 ] ::1 /mypro/cms/admin.php
INFO: [ app_init ] --START--
INFO: Run Behavior\BuildLiteBehavior [ RunTime:0.000030s ]
INFO: [ app_init ] --END-- [ RunTime:0.000522s ]
INFO: [ app_begin ] --START--
INFO: Run Behavior\ReadHtmlCacheBehavior [ RunTime:0.000542s ]
INFO: [ app_begin ] --END-- [ RunTime:0.000682s ]
INFO: [ view_parse ] --START--
INFO: [ template_filter ] --START--
INFO: Run Behavior\ContentReplaceBehavior [ RunTime:0.000067s ]
INFO: [ template_filter ] --END-- [ RunTime:0.000214s ]
INFO: Run Behavior\ParseTemplateBehavior [ RunTime:0.009066s ]
INFO: [ view_parse ] --END-- [ RunTime:0.009315s ]
INFO: [ view_filter ] --START--
INFO: Run Behavior\WriteHtmlCacheBehavior [ RunTime:0.000709s ]
INFO: [ view_filter ] --END-- [ RunTime:0.000854s ]
INFO: [ app_end ] --START--
INFO: Run Behavior\ShowPageTraceBehavior [ RunTime:0.000714s ]
INFO: [ app_end ] --END-- [ RunTime:0.000848s ]

[ 2016-11-16T20:00:12+08:00 ] ::1 /mypro/cms/admin.php?c=Index
INFO: [ app_init ] --START--
INFO: Run Behavior\BuildLiteBehavior [ RunTime:0.000029s ]
INFO: [ app_init ] --END-- [ RunTime:0.000548s ]
INFO: [ app_begin ] --START--
INFO: Run Behavior\ReadHtmlCacheBehavior [ RunTime:0.000542s ]
INFO: [ app_begin ] --END-- [ RunTime:0.000681s ]
INFO: [ app_end ] --START--
INFO: Run Behavior\ShowPageTraceBehavior [ RunTime:0.001672s ]
INFO: [ app_end ] --END-- [ RunTime:0.001983s ]

[ 2016-11-16T20:00:12+08:00 ] ::1 /mypro/cms/admin.php
INFO: [ app_init ] --START--
INFO: Run Behavior\BuildLiteBehavior [ RunTime:0.000062s ]
INFO: [ app_init ] --END-- [ RunTime:0.000924s ]
INFO: [ app_begin ] --START--
INFO: Run Behavior\ReadHtmlCacheBehavior [ RunTime:0.000671s ]
INFO: [ app_begin ] --END-- [ RunTime:0.000828s ]
INFO: [ view_parse ] --START--
INFO: [ template_filter ] --START--
INFO: Run Behavior\ContentReplaceBehavior [ RunTime:0.000063s ]
INFO: [ template_filter ] --END-- [ RunTime:0.000230s ]
INFO: Run Behavior\ParseTemplateBehavior [ RunTime:0.007421s ]
INFO: [ view_parse ] --END-- [ RunTime:0.007594s ]
INFO: [ view_filter ] --START--
INFO: Run Behavior\WriteHtmlCacheBehavior [ RunTime:0.000603s ]
INFO: [ view_filter ] --END-- [ RunTime:0.000737s ]
INFO: [ app_end ] --START--
INFO: Run Behavior\ShowPageTraceBehavior [ RunTime:0.000792s ]
INFO: [ app_end ] --END-- [ RunTime:0.000916s ]

[ 2016-11-16T20:00:12+08:00 ] ::1 /mypro/cms/admin.php?c=Index
INFO: [ app_init ] --START--
INFO: Run Behavior\BuildLiteBehavior [ RunTime:0.000061s ]
INFO: [ app_init ] --END-- [ RunTime:0.000853s ]
INFO: [ app_begin ] --START--
INFO: Run Behavior\ReadHtmlCacheBehavior [ RunTime:0.000717s ]
INFO: [ app_begin ] --END-- [ RunTime:0.000887s ]
INFO: [ app_end ] --START--
INFO: Run Behavior\ShowPageTraceBehavior [ RunTime:0.000911s ]
INFO: [ app_end ] --END-- [ RunTime:0.001089s ]

[ 2016-11-16T20:00:12+08:00 ] ::1 /mypro/cms/admin.php
INFO: [ app_init ] --START--
INFO: Run Behavior\BuildLiteBehavior [ RunTime:0.000029s ]
INFO: [ app_init ] --END-- [ RunTime:0.000553s ]
INFO: [ app_begin ] --START--
INFO: Run Behavior\ReadHtmlCacheBehavior [ RunTime:0.000554s ]
INFO: [ app_begin ] --END-- [ RunTime:0.000692s ]
INFO: [ view_parse ] --START--
INFO: [ template_filter ] --START--
INFO: Run Behavior\ContentReplaceBehavior [ RunTime:0.000067s ]
INFO: [ template_filter ] --END-- [ RunTime:0.000216s ]
INFO: Run Behavior\ParseTemplateBehavior [ RunTime:0.008624s ]
INFO: [ view_parse ] --END-- [ RunTime:0.008786s ]
INFO: [ view_filter ] --START--
INFO: Run Behavior\WriteHtmlCacheBehavior [ RunTime:0.000506s ]
INFO: [ view_filter ] --END-- [ RunTime:0.000633s ]
INFO: [ app_end ] --START--
INFO: Run Behavior\ShowPageTraceBehavior [ RunTime:0.000705s ]
INFO: [ app_end ] --END-- [ RunTime:0.000836s ]

[ 2016-11-16T20:00:13+08:00 ] ::1 /mypro/cms/admin.php?c=login&a=check
INFO: [ app_init ] --START--
INFO: Run Behavior\BuildLiteBehavior [ RunTime:0.000031s ]
INFO: [ app_init ] --END-- [ RunTime:0.000575s ]
INFO: [ app_begin ] --START--
INFO: Run Behavior\ReadHtmlCacheBehavior [ RunTime:0.000550s ]
INFO: [ app_begin ] --END-- [ RunTime:0.000664s ]
NOTIC: [8192] mysql_connect(): The mysql extension is deprecated and will be removed in the future: use mysqli or PDO instead E:\wampserv\wamp\www\mypro\cms\ThinkPHP\Library\Think\Db\Driver\Mysql.class.php 第 52 行.
SQL: SHOW COLUMNS FROM `cms_admin` [ RunTime:0.005182s ]
SQL: SELECT * FROM `cms_admin` WHERE `username` = 'admin' AND `password` = 'e10adc3949ba59abbe56e057f20f883e' LIMIT 1   [ RunTime:0.000433s ]
SQL: UPDATE `cms_admin` SET `admin_id`=1,`username`='admin',`password`='e10adc3949ba59abbe56e057f20f883e',`lastloginip`='::1',`lastlogintime`=1479297613,`email`='732005030@qq.com',`realname`='毕丛明',`status`=1 WHERE ( admin_id=1 ) [ RunTime:0.000378s ]
INFO: [ app_end ] --START--
INFO: Run Behavior\ShowPageTraceBehavior [ RunTime:0.000905s ]
INFO: [ app_end ] --END-- [ RunTime:0.001015s ]

[ 2016-11-16T20:00:15+08:00 ] ::1 /mypro/cms/admin.php?c=Index
INFO: [ app_init ] --START--
INFO: Run Behavior\BuildLiteBehavior [ RunTime:0.000084s ]
INFO: [ app_init ] --END-- [ RunTime:0.001052s ]
INFO: [ app_begin ] --START--
INFO: Run Behavior\ReadHtmlCacheBehavior [ RunTime:0.000803s ]
INFO: [ app_begin ] --END-- [ RunTime:0.000958s ]
NOTIC: [8192] mysql_connect(): The mysql extension is deprecated and will be removed in the future: use mysqli or PDO instead E:\wampserv\wamp\www\mypro\cms\ThinkPHP\Library\Think\Db\Driver\Mysql.class.php 第 52 行.
SQL: SHOW COLUMNS FROM `cms_menu` [ RunTime:0.006749s ]
SQL: SELECT * FROM `cms_menu` WHERE ( type=1 )  [ RunTime:0.000446s ]
SQL: SHOW COLUMNS FROM `cms_news` [ RunTime:0.006061s ]
NOTIC: [2] Missing argument 1 for Common\Model\ContentModel::getlist(), called in E:\wampserv\wamp\www\mypro\cms\Application\Admin\Controller\IndexController.class.php on line 13 and defined E:\wampserv\wamp\www\mypro\cms\Application\Common\Model\ContentModel.class.php 第 17 行.
NOTIC: [8] Undefined variable: condation E:\wampserv\wamp\www\mypro\cms\Application\Common\Model\ContentModel.class.php 第 18 行.
SQL: SELECT COUNT(*) AS tp_Count FROM `cms_news` LIMIT 1   [ RunTime:0.000287s ]
SQL: SHOW COLUMNS FROM `cms_position` [ RunTime:0.005835s ]
NOTIC: [2] Missing argument 1 for Common\Model\PositionModel::getPositionList(), called in E:\wampserv\wamp\www\mypro\cms\Application\Admin\Controller\IndexController.class.php on line 16 and defined E:\wampserv\wamp\www\mypro\cms\Application\Common\Model\PositionModel.class.php 第 22 行.
NOTIC: [2] Missing argument 2 for Common\Model\PositionModel::getPositionList(), called in E:\wampserv\wamp\www\mypro\cms\Application\Admin\Controller\IndexController.class.php on line 16 and defined E:\wampserv\wamp\www\mypro\cms\Application\Common\Model\PositionModel.class.php 第 22 行.
NOTIC: [2] Missing argument 3 for Common\Model\PositionModel::getPositionList(), called in E:\wampserv\wamp\www\mypro\cms\Application\Admin\Controller\IndexController.class.php on line 16 and defined E:\wampserv\wamp\www\mypro\cms\Application\Common\Model\PositionModel.class.php 第 22 行.
NOTIC: [8] Undefined variable: condition E:\wampserv\wamp\www\mypro\cms\Application\Common\Model\PositionModel.class.php 第 23 行.
NOTIC: [8] Undefined variable: offset E:\wampserv\wamp\www\mypro\cms\Application\Common\Model\PositionModel.class.php 第 23 行.
NOTIC: [8] Undefined variable: perPageCount E:\wampserv\wamp\www\mypro\cms\Application\Common\Model\PositionModel.class.php 第 23 行.
SQL: SELECT * FROM `cms_position`  [ RunTime:0.000562s ]
NOTIC: [2] Missing argument 1 for Common\Model\ContentModel::getMaxReadCount(), called in E:\wampserv\wamp\www\mypro\cms\Application\Admin\Controller\IndexController.class.php on line 19 and defined E:\wampserv\wamp\www\mypro\cms\Application\Common\Model\ContentModel.class.php 第 33 行.
NOTIC: [2] Missing argument 2 for Common\Model\ContentModel::getMaxReadCount(), called in E:\wampserv\wamp\www\mypro\cms\Application\Admin\Controller\IndexController.class.php on line 19 and defined E:\wampserv\wamp\www\mypro\cms\Application\Common\Model\ContentModel.class.php 第 33 行.
NOTIC: [8] Undefined variable: offset E:\wampserv\wamp\www\mypro\cms\Application\Common\Model\ContentModel.class.php 第 34 行.
NOTIC: [8] Undefined variable: count E:\wampserv\wamp\www\mypro\cms\Application\Common\Model\ContentModel.class.php 第 34 行.
SQL: SELECT * FROM `cms_news` ORDER BY count desc  [ RunTime:0.000749s ]
INFO: [ view_parse ] --START--
INFO: [ template_filter ] --START--
INFO: Run Behavior\ContentReplaceBehavior [ RunTime:0.000074s ]
INFO: [ template_filter ] --END-- [ RunTime:0.000216s ]
INFO: Run Behavior\ParseTemplateBehavior [ RunTime:0.014304s ]
INFO: [ view_parse ] --END-- [ RunTime:0.014527s ]
INFO: [ view_filter ] --START--
INFO: Run Behavior\WriteHtmlCacheBehavior [ RunTime:0.000565s ]
INFO: [ view_filter ] --END-- [ RunTime:0.000713s ]
INFO: [ app_end ] --START--
INFO: Run Behavior\ShowPageTraceBehavior [ RunTime:0.000720s ]
INFO: [ app_end ] --END-- [ RunTime:0.000862s ]

[ 2016-11-16T20:00:17+08:00 ] ::1 /mypro/cms/admin.php?c=login&a=loginOut
INFO: [ app_init ] --START--
INFO: Run Behavior\BuildLiteBehavior [ RunTime:0.000032s ]
INFO: [ app_init ] --END-- [ RunTime:0.000580s ]
INFO: [ app_begin ] --START--
INFO: Run Behavior\ReadHtmlCacheBehavior [ RunTime:0.000572s ]
INFO: [ app_begin ] --END-- [ RunTime:0.000715s ]
INFO: [ app_end ] --START--
INFO: Run Behavior\ShowPageTraceBehavior [ RunTime:0.000797s ]
INFO: [ app_end ] --END-- [ RunTime:0.000943s ]

[ 2016-11-16T20:00:17+08:00 ] ::1 /mypro/cms/admin.php
INFO: [ app_init ] --START--
INFO: Run Behavior\BuildLiteBehavior [ RunTime:0.000029s ]
INFO: [ app_init ] --END-- [ RunTime:0.000531s ]
INFO: [ app_begin ] --START--
INFO: Run Behavior\ReadHtmlCacheBehavior [ RunTime:0.000600s ]
INFO: [ app_begin ] --END-- [ RunTime:0.000775s ]
INFO: [ view_parse ] --START--
INFO: [ template_filter ] --START--
INFO: Run Behavior\ContentReplaceBehavior [ RunTime:0.000072s ]
INFO: [ template_filter ] --END-- [ RunTime:0.000233s ]
INFO: Run Behavior\ParseTemplateBehavior [ RunTime:0.010328s ]
INFO: [ view_parse ] --END-- [ RunTime:0.010576s ]
INFO: [ view_filter ] --START--
INFO: Run Behavior\WriteHtmlCacheBehavior [ RunTime:0.000823s ]
INFO: [ view_filter ] --END-- [ RunTime:0.001126s ]
INFO: [ app_end ] --START--
INFO: Run Behavior\ShowPageTraceBehavior [ RunTime:0.001258s ]
INFO: [ app_end ] --END-- [ RunTime:0.001536s ]

[ 2016-11-16T20:00:25+08:00 ] ::1 /mypro/cms/admin.php?c=menu
INFO: [ app_init ] --START--
INFO: Run Behavior\BuildLiteBehavior [ RunTime:0.000034s ]
INFO: [ app_init ] --END-- [ RunTime:0.000647s ]
INFO: [ app_begin ] --START--
INFO: Run Behavior\ReadHtmlCacheBehavior [ RunTime:0.000773s ]
INFO: [ app_begin ] --END-- [ RunTime:0.000988s ]
NOTIC: [8] Undefined index: type E:\wampserv\wamp\www\mypro\cms\Application\Admin\Controller\MenuController.class.php 第 6 行.
NOTIC: [8] Undefined index: type E:\wampserv\wamp\www\mypro\cms\Application\Admin\Controller\MenuController.class.php 第 10 行.
NOTIC: [8192] mysql_connect(): The mysql extension is deprecated and will be removed in the future: use mysqli or PDO instead E:\wampserv\wamp\www\mypro\cms\ThinkPHP\Library\Think\Db\Driver\Mysql.class.php 第 52 行.
SQL: SHOW COLUMNS FROM `cms_menu` [ RunTime:0.006583s ]
SQL: SELECT * FROM `cms_menu` ORDER BY listorder desc  [ RunTime:0.000550s ]
SQL: SELECT * FROM `cms_menu` WHERE ( type=1 )  [ RunTime:0.000437s ]
INFO: [ view_parse ] --START--
INFO: [ template_filter ] --START--
INFO: Run Behavior\ContentReplaceBehavior [ RunTime:0.000098s ]
INFO: [ template_filter ] --END-- [ RunTime:0.000313s ]
INFO: Run Behavior\ParseTemplateBehavior [ RunTime:0.086661s ]
INFO: [ view_parse ] --END-- [ RunTime:0.086946s ]
INFO: [ view_filter ] --START--
INFO: Run Behavior\WriteHtmlCacheBehavior [ RunTime:0.001100s ]
INFO: [ view_filter ] --END-- [ RunTime:0.001450s ]
INFO: [ app_end ] --START--
INFO: Run Behavior\ShowPageTraceBehavior [ RunTime:0.001369s ]
INFO: [ app_end ] --END-- [ RunTime:0.001648s ]

[ 2016-11-16T20:00:26+08:00 ] ::1 /mypro/cms/admin.php?c=menu
INFO: [ app_init ] --START--
INFO: Run Behavior\BuildLiteBehavior [ RunTime:0.000029s ]
INFO: [ app_init ] --END-- [ RunTime:0.000561s ]
INFO: [ app_begin ] --START--
INFO: Run Behavior\ReadHtmlCacheBehavior [ RunTime:0.000557s ]
INFO: [ app_begin ] --END-- [ RunTime:0.000694s ]
NOTIC: [8] Undefined index: type E:\wampserv\wamp\www\mypro\cms\Application\Admin\Controller\MenuController.class.php 第 6 行.
NOTIC: [8] Undefined index: type E:\wampserv\wamp\www\mypro\cms\Application\Admin\Controller\MenuController.class.php 第 10 行.
NOTIC: [8192] mysql_connect(): The mysql extension is deprecated and will be removed in the future: use mysqli or PDO instead E:\wampserv\wamp\www\mypro\cms\ThinkPHP\Library\Think\Db\Driver\Mysql.class.php 第 52 行.
SQL: SHOW COLUMNS FROM `cms_menu` [ RunTime:0.006061s ]
SQL: SELECT * FROM `cms_menu` ORDER BY listorder desc  [ RunTime:0.000403s ]
SQL: SELECT * FROM `cms_menu` WHERE ( type=1 )  [ RunTime:0.000314s ]
INFO: [ view_parse ] --START--
INFO: [ template_filter ] --START--
INFO: Run Behavior\ContentReplaceBehavior [ RunTime:0.000073s ]
INFO: [ template_filter ] --END-- [ RunTime:0.000231s ]
INFO: Run Behavior\ParseTemplateBehavior [ RunTime:0.015770s ]
INFO: [ view_parse ] --END-- [ RunTime:0.015993s ]
INFO: [ view_filter ] --START--
INFO: Run Behavior\WriteHtmlCacheBehavior [ RunTime:0.000728s ]
INFO: [ view_filter ] --END-- [ RunTime:0.000916s ]
INFO: [ app_end ] --START--
INFO: Run Behavior\ShowPageTraceBehavior [ RunTime:0.001254s ]
INFO: [ app_end ] --END-- [ RunTime:0.001691s ]

[ 2016-11-16T20:01:03+08:00 ] ::1 /mypro/cms/admin.php?c=user
INFO: [ app_init ] --START--
INFO: Run Behavior\BuildLiteBehavior [ RunTime:0.000031s ]
INFO: [ app_init ] --END-- [ RunTime:0.000572s ]
INFO: [ app_begin ] --START--
INFO: Run Behavior\ReadHtmlCacheBehavior [ RunTime:0.000596s ]
INFO: [ app_begin ] --END-- [ RunTime:0.000734s ]
NOTIC: [8192] mysql_connect(): The mysql extension is deprecated and will be removed in the future: use mysqli or PDO instead E:\wampserv\wamp\www\mypro\cms\ThinkPHP\Library\Think\Db\Driver\Mysql.class.php 第 52 行.
SQL: SHOW COLUMNS FROM `cms_menu` [ RunTime:0.005388s ]
SQL: SELECT * FROM `cms_menu` WHERE ( type=1 )  [ RunTime:0.000435s ]
NOTIC: [8] Undefined index: username E:\wampserv\wamp\www\mypro\cms\Application\Admin\Controller\UserController.class.php 第 17 行.
NOTIC: [8] Undefined index: username E:\wampserv\wamp\www\mypro\cms\Application\Admin\Controller\UserController.class.php 第 21 行.
SQL: SHOW COLUMNS FROM `cms_admin` [ RunTime:0.006080s ]
SQL: SELECT COUNT(*) AS tp_Count FROM `cms_admin` LIMIT 1   [ RunTime:0.000246s ]
SQL: SELECT * FROM `cms_admin` LIMIT 0,6   [ RunTime:0.000284s ]
NOTIC: [2] Missing argument 1 for Admin\Model\AdminModel::getUserList(), called in E:\wampserv\wamp\www\mypro\cms\Application\Admin\Controller\UserController.class.php on line 52 and defined E:\wampserv\wamp\www\mypro\cms\Application\Admin\Model\AdminModel.class.php 第 35 行.
NOTIC: [2] Missing argument 2 for Admin\Model\AdminModel::getUserList(), called in E:\wampserv\wamp\www\mypro\cms\Application\Admin\Controller\UserController.class.php on line 52 and defined E:\wampserv\wamp\www\mypro\cms\Application\Admin\Model\AdminModel.class.php 第 35 行.
NOTIC: [2] Missing argument 3 for Admin\Model\AdminModel::getUserList(), called in E:\wampserv\wamp\www\mypro\cms\Application\Admin\Controller\UserController.class.php on line 52 and defined E:\wampserv\wamp\www\mypro\cms\Application\Admin\Model\AdminModel.class.php 第 35 行.
NOTIC: [8] Undefined variable: condation E:\wampserv\wamp\www\mypro\cms\Application\Admin\Model\AdminModel.class.php 第 36 行.
NOTIC: [8] Undefined variable: offset E:\wampserv\wamp\www\mypro\cms\Application\Admin\Model\AdminModel.class.php 第 36 行.
NOTIC: [8] Undefined variable: perPageCount E:\wampserv\wamp\www\mypro\cms\Application\Admin\Model\AdminModel.class.php 第 36 行.
SQL: SELECT * FROM `cms_admin`  [ RunTime:0.000864s ]
INFO: [ view_parse ] --START--
INFO: [ template_filter ] --START--
INFO: Run Behavior\ContentReplaceBehavior [ RunTime:0.000207s ]
INFO: [ template_filter ] --END-- [ RunTime:0.000561s ]
NOTIC: [8] Undefined index: username E:\wampserv\wamp\www\mypro\cms\Application\Runtime\Cache\Admin\65e605872ed5d34210f5b33beb13f5a3.php 第 42 行.
INFO: Run Behavior\ParseTemplateBehavior [ RunTime:0.079446s ]
INFO: [ view_parse ] --END-- [ RunTime:0.079857s ]
INFO: [ view_filter ] --START--
INFO: Run Behavior\WriteHtmlCacheBehavior [ RunTime:0.000771s ]
INFO: [ view_filter ] --END-- [ RunTime:0.000950s ]
INFO: [ app_end ] --START--
INFO: Run Behavior\ShowPageTraceBehavior [ RunTime:0.001759s ]
INFO: [ app_end ] --END-- [ RunTime:0.002143s ]

[ 2016-11-16T20:07:37+08:00 ] ::1 /mypro/cms/admin.php?c=login&a=loginOut
INFO: [ app_init ] --START--
INFO: Run Behavior\BuildLiteBehavior [ RunTime:0.000036s ]
INFO: [ app_init ] --END-- [ RunTime:0.000710s ]
INFO: [ app_begin ] --START--
INFO: Run Behavior\ReadHtmlCacheBehavior [ RunTime:0.001318s ]
INFO: [ app_begin ] --END-- [ RunTime:0.001506s ]
INFO: [ app_end ] --START--
INFO: Run Behavior\ShowPageTraceBehavior [ RunTime:0.000901s ]
INFO: [ app_end ] --END-- [ RunTime:0.001106s ]

[ 2016-11-16T20:07:37+08:00 ] ::1 /mypro/cms/admin.php
INFO: [ app_init ] --START--
INFO: Run Behavior\BuildLiteBehavior [ RunTime:0.000029s ]
INFO: [ app_init ] --END-- [ RunTime:0.000607s ]
INFO: [ app_begin ] --START--
INFO: Run Behavior\ReadHtmlCacheBehavior [ RunTime:0.000601s ]
INFO: [ app_begin ] --END-- [ RunTime:0.000743s ]
INFO: [ view_parse ] --START--
INFO: [ template_filter ] --START--
INFO: Run Behavior\ContentReplaceBehavior [ RunTime:0.000111s ]
INFO: [ template_filter ] --END-- [ RunTime:0.000362s ]
INFO: Run Behavior\ParseTemplateBehavior [ RunTime:0.008657s ]
INFO: [ view_parse ] --END-- [ RunTime:0.008890s ]
INFO: [ view_filter ] --START--
INFO: Run Behavior\WriteHtmlCacheBehavior [ RunTime:0.000715s ]
INFO: [ view_filter ] --END-- [ RunTime:0.000906s ]
INFO: [ app_end ] --START--
INFO: Run Behavior\ShowPageTraceBehavior [ RunTime:0.000720s ]
INFO: [ app_end ] --END-- [ RunTime:0.000854s ]

[ 2016-11-16T20:07:39+08:00 ] ::1 /mypro/cms/admin.php?c=login&a=check
INFO: [ app_init ] --START--
INFO: Run Behavior\BuildLiteBehavior [ RunTime:0.000029s ]
INFO: [ app_init ] --END-- [ RunTime:0.000513s ]
INFO: [ app_begin ] --START--
INFO: Run Behavior\ReadHtmlCacheBehavior [ RunTime:0.000564s ]
INFO: [ app_begin ] --END-- [ RunTime:0.000687s ]
NOTIC: [8192] mysql_connect(): The mysql extension is deprecated and will be removed in the future: use mysqli or PDO instead E:\wampserv\wamp\www\mypro\cms\ThinkPHP\Library\Think\Db\Driver\Mysql.class.php 第 52 行.
SQL: SHOW COLUMNS FROM `cms_admin` [ RunTime:0.005381s ]
SQL: SELECT * FROM `cms_admin` WHERE `username` = 'admin' AND `password` = 'e10adc3949ba59abbe56e057f20f883e' LIMIT 1   [ RunTime:0.000471s ]
SQL: UPDATE `cms_admin` SET `admin_id`=1,`username`='admin',`password`='e10adc3949ba59abbe56e057f20f883e',`lastloginip`='::1',`lastlogintime`=1479298059,`email`='732005030@qq.com',`realname`='毕丛明',`status`=1 WHERE ( admin_id=1 ) [ RunTime:0.000333s ]
INFO: [ app_end ] --START--
INFO: Run Behavior\ShowPageTraceBehavior [ RunTime:0.000922s ]
INFO: [ app_end ] --END-- [ RunTime:0.001035s ]

[ 2016-11-16T20:07:40+08:00 ] ::1 /mypro/cms/admin.php?c=Index
INFO: [ app_init ] --START--
INFO: Run Behavior\BuildLiteBehavior [ RunTime:0.000029s ]
INFO: [ app_init ] --END-- [ RunTime:0.000538s ]
INFO: [ app_begin ] --START--
INFO: Run Behavior\ReadHtmlCacheBehavior [ RunTime:0.000656s ]
INFO: [ app_begin ] --END-- [ RunTime:0.000840s ]
NOTIC: [8192] mysql_connect(): The mysql extension is deprecated and will be removed in the future: use mysqli or PDO instead E:\wampserv\wamp\www\mypro\cms\ThinkPHP\Library\Think\Db\Driver\Mysql.class.php 第 52 行.
SQL: SHOW COLUMNS FROM `cms_menu` [ RunTime:0.005210s ]
SQL: SELECT * FROM `cms_menu` WHERE ( type=1 )  [ RunTime:0.000387s ]
SQL: SHOW COLUMNS FROM `cms_news` [ RunTime:0.006543s ]
NOTIC: [2] Missing argument 1 for Common\Model\ContentModel::getlist(), called in E:\wampserv\wamp\www\mypro\cms\Application\Admin\Controller\IndexController.class.php on line 14 and defined E:\wampserv\wamp\www\mypro\cms\Application\Common\Model\ContentModel.class.php 第 17 行.
NOTIC: [8] Undefined variable: condation E:\wampserv\wamp\www\mypro\cms\Application\Common\Model\ContentModel.class.php 第 18 行.
SQL: SELECT COUNT(*) AS tp_Count FROM `cms_news` LIMIT 1   [ RunTime:0.000268s ]
SQL: SHOW COLUMNS FROM `cms_position` [ RunTime:0.004927s ]
NOTIC: [2] Missing argument 1 for Common\Model\PositionModel::getPositionList(), called in E:\wampserv\wamp\www\mypro\cms\Application\Admin\Controller\IndexController.class.php on line 17 and defined E:\wampserv\wamp\www\mypro\cms\Application\Common\Model\PositionModel.class.php 第 22 行.
NOTIC: [2] Missing argument 2 for Common\Model\PositionModel::getPositionList(), called in E:\wampserv\wamp\www\mypro\cms\Application\Admin\Controller\IndexController.class.php on line 17 and defined E:\wampserv\wamp\www\mypro\cms\Application\Common\Model\PositionModel.class.php 第 22 行.
NOTIC: [2] Missing argument 3 for Common\Model\PositionModel::getPositionList(), called in E:\wampserv\wamp\www\mypro\cms\Application\Admin\Controller\IndexController.class.php on line 17 and defined E:\wampserv\wamp\www\mypro\cms\Application\Common\Model\PositionModel.class.php 第 22 行.
NOTIC: [8] Undefined variable: condition E:\wampserv\wamp\www\mypro\cms\Application\Common\Model\PositionModel.class.php 第 23 行.
NOTIC: [8] Undefined variable: offset E:\wampserv\wamp\www\mypro\cms\Application\Common\Model\PositionModel.class.php 第 23 行.
NOTIC: [8] Undefined variable: perPageCount E:\wampserv\wamp\www\mypro\cms\Application\Common\Model\PositionModel.class.php 第 23 行.
SQL: SELECT * FROM `cms_position`  [ RunTime:0.000318s ]
NOTIC: [2] Missing argument 1 for Common\Model\ContentModel::getMaxReadCount(), called in E:\wampserv\wamp\www\mypro\cms\Application\Admin\Controller\IndexController.class.php on line 20 and defined E:\wampserv\wamp\www\mypro\cms\Application\Common\Model\ContentModel.class.php 第 33 行.
NOTIC: [2] Missing argument 2 for Common\Model\ContentModel::getMaxReadCount(), called in E:\wampserv\wamp\www\mypro\cms\Application\Admin\Controller\IndexController.class.php on line 20 and defined E:\wampserv\wamp\www\mypro\cms\Application\Common\Model\ContentModel.class.php 第 33 行.
NOTIC: [8] Undefined variable: offset E:\wampserv\wamp\www\mypro\cms\Application\Common\Model\ContentModel.class.php 第 34 行.
NOTIC: [8] Undefined variable: count E:\wampserv\wamp\www\mypro\cms\Application\Common\Model\ContentModel.class.php 第 34 行.
SQL: SELECT * FROM `cms_news` ORDER BY count desc  [ RunTime:0.000609s ]
INFO: [ view_parse ] --START--
INFO: [ template_filter ] --START--
INFO: Run Behavior\ContentReplaceBehavior [ RunTime:0.000107s ]
INFO: [ template_filter ] --END-- [ RunTime:0.000325s ]
INFO: Run Behavior\ParseTemplateBehavior [ RunTime:0.060854s ]
INFO: [ view_parse ] --END-- [ RunTime:0.061100s ]
INFO: [ view_filter ] --START--
INFO: Run Behavior\WriteHtmlCacheBehavior [ RunTime:0.000846s ]
INFO: [ view_filter ] --END-- [ RunTime:0.001122s ]
INFO: [ app_end ] --START--
INFO: Run Behavior\ShowPageTraceBehavior [ RunTime:0.001339s ]
INFO: [ app_end ] --END-- [ RunTime:0.001663s ]

[ 2016-11-16T20:07:41+08:00 ] ::1 /mypro/cms/admin.php?c=login&a=loginOut
INFO: [ app_init ] --START--
INFO: Run Behavior\BuildLiteBehavior [ RunTime:0.000036s ]
INFO: [ app_init ] --END-- [ RunTime:0.000600s ]
INFO: [ app_begin ] --START--
INFO: Run Behavior\ReadHtmlCacheBehavior [ RunTime:0.000592s ]
INFO: [ app_begin ] --END-- [ RunTime:0.000732s ]
INFO: [ app_end ] --START--
INFO: Run Behavior\ShowPageTraceBehavior [ RunTime:0.001032s ]
INFO: [ app_end ] --END-- [ RunTime:0.001252s ]

[ 2016-11-16T20:07:41+08:00 ] ::1 /mypro/cms/admin.php
INFO: [ app_init ] --START--
INFO: Run Behavior\BuildLiteBehavior [ RunTime:0.000032s ]
INFO: [ app_init ] --END-- [ RunTime:0.000614s ]
INFO: [ app_begin ] --START--
INFO: Run Behavior\ReadHtmlCacheBehavior [ RunTime:0.000596s ]
INFO: [ app_begin ] --END-- [ RunTime:0.000734s ]
INFO: [ view_parse ] --START--
INFO: [ template_filter ] --START--
INFO: Run Behavior\ContentReplaceBehavior [ RunTime:0.000064s ]
INFO: [ template_filter ] --END-- [ RunTime:0.000204s ]
INFO: Run Behavior\ParseTemplateBehavior [ RunTime:0.008397s ]
INFO: [ view_parse ] --END-- [ RunTime:0.008796s ]
INFO: [ view_filter ] --START--
INFO: Run Behavior\WriteHtmlCacheBehavior [ RunTime:0.000835s ]
INFO: [ view_filter ] --END-- [ RunTime:0.001051s ]
INFO: [ app_end ] --START--
INFO: Run Behavior\ShowPageTraceBehavior [ RunTime:0.001154s ]
INFO: [ app_end ] --END-- [ RunTime:0.001387s ]

[ 2016-11-16T20:07:56+08:00 ] ::1 /mypro/cms/admin.php?c=content
INFO: [ app_init ] --START--
INFO: Run Behavior\BuildLiteBehavior [ RunTime:0.000034s ]
INFO: [ app_init ] --END-- [ RunTime:0.000666s ]
INFO: [ app_begin ] --START--
INFO: Run Behavior\ReadHtmlCacheBehavior [ RunTime:0.000832s ]
INFO: [ app_begin ] --END-- [ RunTime:0.000990s ]
NOTIC: [8192] mysql_connect(): The mysql extension is deprecated and will be removed in the future: use mysqli or PDO instead E:\wampserv\wamp\www\mypro\cms\ThinkPHP\Library\Think\Db\Driver\Mysql.class.php 第 52 行.
SQL: SHOW COLUMNS FROM `cms_menu` [ RunTime:0.006164s ]
SQL: SELECT * FROM `cms_menu` WHERE ( type=1 )  [ RunTime:0.000408s ]
NOTIC: [8] Undefined index: catid E:\wampserv\wamp\www\mypro\cms\Application\Admin\Controller\ContentController.class.php 第 21 行.
NOTIC: [8] Undefined index: title E:\wampserv\wamp\www\mypro\cms\Application\Admin\Controller\ContentController.class.php 第 25 行.
NOTIC: [8] Undefined index: catid E:\wampserv\wamp\www\mypro\cms\Application\Admin\Controller\ContentController.class.php 第 29 行.
NOTIC: [8] Undefined index: title E:\wampserv\wamp\www\mypro\cms\Application\Admin\Controller\ContentController.class.php 第 33 行.
SQL: SHOW COLUMNS FROM `cms_news` [ RunTime:0.006393s ]
SQL: SELECT COUNT(*) AS tp_Count FROM `cms_news` LIMIT 1   [ RunTime:0.000293s ]
SQL: SELECT * FROM `cms_news` ORDER BY update_time desc,listorder desc LIMIT 0,6   [ RunTime:0.001141s ]
SQL: SELECT * FROM `cms_menu` WHERE ( type=0 )  [ RunTime:0.000427s ]
SQL: SHOW COLUMNS FROM `cms_position` [ RunTime:0.006240s ]
NOTIC: [2] Missing argument 1 for Common\Model\PositionModel::getPositionList(), called in E:\wampserv\wamp\www\mypro\cms\Application\Admin\Controller\ContentController.class.php on line 74 and defined E:\wampserv\wamp\www\mypro\cms\Application\Common\Model\PositionModel.class.php 第 22 行.
NOTIC: [2] Missing argument 2 for Common\Model\PositionModel::getPositionList(), called in E:\wampserv\wamp\www\mypro\cms\Application\Admin\Controller\ContentController.class.php on line 74 and defined E:\wampserv\wamp\www\mypro\cms\Application\Common\Model\PositionModel.class.php 第 22 行.
NOTIC: [2] Missing argument 3 for Common\Model\PositionModel::getPositionList(), called in E:\wampserv\wamp\www\mypro\cms\Application\Admin\Controller\ContentController.class.php on line 74 and defined E:\wampserv\wamp\www\mypro\cms\Application\Common\Model\PositionModel.class.php 第 22 行.
NOTIC: [8] Undefined variable: condition E:\wampserv\wamp\www\mypro\cms\Application\Common\Model\PositionModel.class.php 第 23 行.
NOTIC: [8] Undefined variable: offset E:\wampserv\wamp\www\mypro\cms\Application\Common\Model\PositionModel.class.php 第 23 行.
NOTIC: [8] Undefined variable: perPageCount E:\wampserv\wamp\www\mypro\cms\Application\Common\Model\PositionModel.class.php 第 23 行.
SQL: SELECT * FROM `cms_position`  [ RunTime:0.000363s ]
INFO: [ view_parse ] --START--
INFO: [ template_filter ] --START--
INFO: Run Behavior\ContentReplaceBehavior [ RunTime:0.000095s ]
INFO: [ template_filter ] --END-- [ RunTime:0.000256s ]
NOTIC: [8] Undefined index: catid E:\wampserv\wamp\www\mypro\cms\Application\Runtime\Cache\Admin\ccc9ced3ad798311a07cb47b740981c5.php 第 46 行.
NOTIC: [8] Undefined index: catid E:\wampserv\wamp\www\mypro\cms\Application\Runtime\Cache\Admin\ccc9ced3ad798311a07cb47b740981c5.php 第 46 行.
NOTIC: [8] Undefined index: catid E:\wampserv\wamp\www\mypro\cms\Application\Runtime\Cache\Admin\ccc9ced3ad798311a07cb47b740981c5.php 第 46 行.
NOTIC: [8] Undefined index: title E:\wampserv\wamp\www\mypro\cms\Application\Runtime\Cache\Admin\ccc9ced3ad798311a07cb47b740981c5.php 第 52 行.
INFO: Run Behavior\ParseTemplateBehavior [ RunTime:0.052329s ]
INFO: [ view_parse ] --END-- [ RunTime:0.052593s ]
INFO: [ view_filter ] --START--
INFO: Run Behavior\WriteHtmlCacheBehavior [ RunTime:0.000837s ]
INFO: [ view_filter ] --END-- [ RunTime:0.001069s ]
INFO: [ app_end ] --START--
INFO: Run Behavior\ShowPageTraceBehavior [ RunTime:0.001497s ]
INFO: [ app_end ] --END-- [ RunTime:0.001910s ]

[ 2016-11-16T20:07:56+08:00 ] ::1 /mypro/cms/admin.php
INFO: [ app_init ] --START--
INFO: Run Behavior\BuildLiteBehavior [ RunTime:0.000060s ]
INFO: [ app_init ] --END-- [ RunTime:0.000913s ]
INFO: [ app_begin ] --START--
INFO: Run Behavior\ReadHtmlCacheBehavior [ RunTime:0.001266s ]
INFO: [ app_begin ] --END-- [ RunTime:0.001591s ]
INFO: [ view_parse ] --START--
INFO: [ template_filter ] --START--
INFO: Run Behavior\ContentReplaceBehavior [ RunTime:0.000093s ]
INFO: [ template_filter ] --END-- [ RunTime:0.000252s ]
INFO: Run Behavior\ParseTemplateBehavior [ RunTime:0.010033s ]
INFO: [ view_parse ] --END-- [ RunTime:0.010359s ]
INFO: [ view_filter ] --START--
INFO: Run Behavior\WriteHtmlCacheBehavior [ RunTime:0.001019s ]
INFO: [ view_filter ] --END-- [ RunTime:0.001312s ]
INFO: [ app_end ] --START--
INFO: Run Behavior\ShowPageTraceBehavior [ RunTime:0.001188s ]
INFO: [ app_end ] --END-- [ RunTime:0.001482s ]

[ 2016-11-16T20:08:06+08:00 ] ::1 /mypro/cms/admin.php?c=login&a=loginOut
INFO: [ app_init ] --START--
INFO: Run Behavior\BuildLiteBehavior [ RunTime:0.000029s ]
INFO: [ app_init ] --END-- [ RunTime:0.000602s ]
INFO: [ app_begin ] --START--
INFO: Run Behavior\ReadHtmlCacheBehavior [ RunTime:0.000758s ]
INFO: [ app_begin ] --END-- [ RunTime:0.000898s ]
INFO: [ app_end ] --START--
INFO: Run Behavior\ShowPageTraceBehavior [ RunTime:0.000754s ]
INFO: [ app_end ] --END-- [ RunTime:0.000904s ]

[ 2016-11-16T20:08:06+08:00 ] ::1 /mypro/cms/admin.php
INFO: [ app_init ] --START--
INFO: Run Behavior\BuildLiteBehavior [ RunTime:0.000029s ]
INFO: [ app_init ] --END-- [ RunTime:0.000599s ]
INFO: [ app_begin ] --START--
INFO: Run Behavior\ReadHtmlCacheBehavior [ RunTime:0.000761s ]
INFO: [ app_begin ] --END-- [ RunTime:0.000909s ]
INFO: [ view_parse ] --START--
INFO: [ template_filter ] --START--
INFO: Run Behavior\ContentReplaceBehavior [ RunTime:0.000071s ]
INFO: [ template_filter ] --END-- [ RunTime:0.000224s ]
INFO: Run Behavior\ParseTemplateBehavior [ RunTime:0.007653s ]
INFO: [ view_parse ] --END-- [ RunTime:0.007893s ]
INFO: [ view_filter ] --START--
INFO: Run Behavior\WriteHtmlCacheBehavior [ RunTime:0.000825s ]
INFO: [ view_filter ] --END-- [ RunTime:0.001022s ]
INFO: [ app_end ] --START--
INFO: Run Behavior\ShowPageTraceBehavior [ RunTime:0.000753s ]
INFO: [ app_end ] --END-- [ RunTime:0.000889s ]

[ 2016-11-16T20:08:20+08:00 ] ::1 /mypro/cms/admin.php?c=content
INFO: [ app_init ] --START--
INFO: Run Behavior\BuildLiteBehavior [ RunTime:0.000034s ]
INFO: [ app_init ] --END-- [ RunTime:0.000688s ]
INFO: [ app_begin ] --START--
INFO: Run Behavior\ReadHtmlCacheBehavior [ RunTime:0.000782s ]
INFO: [ app_begin ] --END-- [ RunTime:0.000927s ]
NOTIC: [8192] mysql_connect(): The mysql extension is deprecated and will be removed in the future: use mysqli or PDO instead E:\wampserv\wamp\www\mypro\cms\ThinkPHP\Library\Think\Db\Driver\Mysql.class.php 第 52 行.
SQL: SHOW COLUMNS FROM `cms_menu` [ RunTime:0.005678s ]
SQL: SELECT * FROM `cms_menu` WHERE ( type=1 )  [ RunTime:0.000371s ]
NOTIC: [8] Undefined index: catid E:\wampserv\wamp\www\mypro\cms\Application\Admin\Controller\ContentController.class.php 第 21 行.
NOTIC: [8] Undefined index: title E:\wampserv\wamp\www\mypro\cms\Application\Admin\Controller\ContentController.class.php 第 25 行.
NOTIC: [8] Undefined index: catid E:\wampserv\wamp\www\mypro\cms\Application\Admin\Controller\ContentController.class.php 第 29 行.
NOTIC: [8] Undefined index: title E:\wampserv\wamp\www\mypro\cms\Application\Admin\Controller\ContentController.class.php 第 33 行.
SQL: SHOW COLUMNS FROM `cms_news` [ RunTime:0.005423s ]
SQL: SELECT COUNT(*) AS tp_Count FROM `cms_news` LIMIT 1   [ RunTime:0.000241s ]
SQL: SELECT * FROM `cms_news` ORDER BY update_time desc,listorder desc LIMIT 0,6   [ RunTime:0.000421s ]
SQL: SELECT * FROM `cms_menu` WHERE ( type=0 )  [ RunTime:0.000294s ]
SQL: SHOW COLUMNS FROM `cms_position` [ RunTime:0.005387s ]
NOTIC: [2] Missing argument 1 for Common\Model\PositionModel::getPositionList(), called in E:\wampserv\wamp\www\mypro\cms\Application\Admin\Controller\ContentController.class.php on line 74 and defined E:\wampserv\wamp\www\mypro\cms\Application\Common\Model\PositionModel.class.php 第 22 行.
NOTIC: [2] Missing argument 2 for Common\Model\PositionModel::getPositionList(), called in E:\wampserv\wamp\www\mypro\cms\Application\Admin\Controller\ContentController.class.php on line 74 and defined E:\wampserv\wamp\www\mypro\cms\Application\Common\Model\PositionModel.class.php 第 22 行.
NOTIC: [2] Missing argument 3 for Common\Model\PositionModel::getPositionList(), called in E:\wampserv\wamp\www\mypro\cms\Application\Admin\Controller\ContentController.class.php on line 74 and defined E:\wampserv\wamp\www\mypro\cms\Application\Common\Model\PositionModel.class.php 第 22 行.
NOTIC: [8] Undefined variable: condition E:\wampserv\wamp\www\mypro\cms\Application\Common\Model\PositionModel.class.php 第 23 行.
NOTIC: [8] Undefined variable: offset E:\wampserv\wamp\www\mypro\cms\Application\Common\Model\PositionModel.class.php 第 23 行.
NOTIC: [8] Undefined variable: perPageCount E:\wampserv\wamp\www\mypro\cms\Application\Common\Model\PositionModel.class.php 第 23 行.
SQL: SELECT * FROM `cms_position`  [ RunTime:0.000552s ]
INFO: [ view_parse ] --START--
INFO: [ template_filter ] --START--
INFO: Run Behavior\ContentReplaceBehavior [ RunTime:0.000100s ]
INFO: [ template_filter ] --END-- [ RunTime:0.000267s ]
NOTIC: [8] Undefined index: catid E:\wampserv\wamp\www\mypro\cms\Application\Runtime\Cache\Admin\ccc9ced3ad798311a07cb47b740981c5.php 第 46 行.
NOTIC: [8] Undefined index: catid E:\wampserv\wamp\www\mypro\cms\Application\Runtime\Cache\Admin\ccc9ced3ad798311a07cb47b740981c5.php 第 46 行.
NOTIC: [8] Undefined index: catid E:\wampserv\wamp\www\mypro\cms\Application\Runtime\Cache\Admin\ccc9ced3ad798311a07cb47b740981c5.php 第 46 行.
NOTIC: [8] Undefined index: title E:\wampserv\wamp\www\mypro\cms\Application\Runtime\Cache\Admin\ccc9ced3ad798311a07cb47b740981c5.php 第 52 行.
INFO: Run Behavior\ParseTemplateBehavior [ RunTime:0.019353s ]
INFO: [ view_parse ] --END-- [ RunTime:0.019666s ]
INFO: [ view_filter ] --START--
INFO: Run Behavior\WriteHtmlCacheBehavior [ RunTime:0.000765s ]
INFO: [ view_filter ] --END-- [ RunTime:0.000957s ]
INFO: [ app_end ] --START--
INFO: Run Behavior\ShowPageTraceBehavior [ RunTime:0.001144s ]
INFO: [ app_end ] --END-- [ RunTime:0.001367s ]

[ 2016-11-16T20:08:20+08:00 ] ::1 /mypro/cms/admin.php
INFO: [ app_init ] --START--
INFO: Run Behavior\BuildLiteBehavior [ RunTime:0.000031s ]
INFO: [ app_init ] --END-- [ RunTime:0.000555s ]
INFO: [ app_begin ] --START--
INFO: Run Behavior\ReadHtmlCacheBehavior [ RunTime:0.000757s ]
INFO: [ app_begin ] --END-- [ RunTime:0.000905s ]
INFO: [ view_parse ] --START--
INFO: [ template_filter ] --START--
INFO: Run Behavior\ContentReplaceBehavior [ RunTime:0.000070s ]
INFO: [ template_filter ] --END-- [ RunTime:0.000237s ]
INFO: Run Behavior\ParseTemplateBehavior [ RunTime:0.007672s ]
INFO: [ view_parse ] --END-- [ RunTime:0.007926s ]
INFO: [ view_filter ] --START--
INFO: Run Behavior\WriteHtmlCacheBehavior [ RunTime:0.000791s ]
INFO: [ view_filter ] --END-- [ RunTime:0.000993s ]
INFO: [ app_end ] --START--
INFO: Run Behavior\ShowPageTraceBehavior [ RunTime:0.000744s ]
INFO: [ app_end ] --END-- [ RunTime:0.000880s ]

[ 2016-11-16T20:10:54+08:00 ] ::1 /mypro/cms/admin.php
INFO: [ app_init ] --START--
INFO: Run Behavior\BuildLiteBehavior [ RunTime:0.000032s ]
INFO: [ app_init ] --END-- [ RunTime:0.000614s ]
INFO: [ app_begin ] --START--
INFO: Run Behavior\ReadHtmlCacheBehavior [ RunTime:0.000738s ]
INFO: [ app_begin ] --END-- [ RunTime:0.000876s ]
INFO: [ view_parse ] --START--
INFO: [ template_filter ] --START--
INFO: Run Behavior\ContentReplaceBehavior [ RunTime:0.000086s ]
INFO: [ template_filter ] --END-- [ RunTime:0.000310s ]
INFO: Run Behavior\ParseTemplateBehavior [ RunTime:0.008758s ]
INFO: [ view_parse ] --END-- [ RunTime:0.008990s ]
INFO: [ view_filter ] --START--
INFO: Run Behavior\WriteHtmlCacheBehavior [ RunTime:0.001029s ]
INFO: [ view_filter ] --END-- [ RunTime:0.001255s ]
INFO: [ app_end ] --START--
INFO: Run Behavior\ShowPageTraceBehavior [ RunTime:0.000847s ]
INFO: [ app_end ] --END-- [ RunTime:0.000994s ]

[ 2016-11-16T20:10:56+08:00 ] ::1 /mypro/cms/admin.php?c=login&a=check
INFO: [ app_init ] --START--
INFO: Run Behavior\BuildLiteBehavior [ RunTime:0.000028s ]
INFO: [ app_init ] --END-- [ RunTime:0.000525s ]
INFO: [ app_begin ] --START--
INFO: Run Behavior\ReadHtmlCacheBehavior [ RunTime:0.000643s ]
INFO: [ app_begin ] --END-- [ RunTime:0.000764s ]
NOTIC: [8192] mysql_connect(): The mysql extension is deprecated and will be removed in the future: use mysqli or PDO instead E:\wampserv\wamp\www\mypro\cms\ThinkPHP\Library\Think\Db\Driver\Mysql.class.php 第 52 行.
SQL: SHOW COLUMNS FROM `cms_admin` [ RunTime:0.005585s ]
SQL: SELECT * FROM `cms_admin` WHERE `username` = 'admin' AND `password` = 'e10adc3949ba59abbe56e057f20f883e' LIMIT 1   [ RunTime:0.000363s ]
SQL: UPDATE `cms_admin` SET `admin_id`=1,`username`='admin',`password`='e10adc3949ba59abbe56e057f20f883e',`lastloginip`='::1',`lastlogintime`=1479298256,`email`='732005030@qq.com',`realname`='毕丛明',`status`=1 WHERE ( admin_id=1 ) [ RunTime:0.000251s ]
INFO: [ app_end ] --START--
INFO: Run Behavior\ShowPageTraceBehavior [ RunTime:0.000875s ]
INFO: [ app_end ] --END-- [ RunTime:0.000989s ]

[ 2016-11-16T20:10:57+08:00 ] ::1 /mypro/cms/admin.php?c=Index
INFO: [ app_init ] --START--
INFO: Run Behavior\BuildLiteBehavior [ RunTime:0.000031s ]
INFO: [ app_init ] --END-- [ RunTime:0.000558s ]
INFO: [ app_begin ] --START--
INFO: Run Behavior\ReadHtmlCacheBehavior [ RunTime:0.000556s ]
INFO: [ app_begin ] --END-- [ RunTime:0.000705s ]
NOTIC: [8192] mysql_connect(): The mysql extension is deprecated and will be removed in the future: use mysqli or PDO instead E:\wampserv\wamp\www\mypro\cms\ThinkPHP\Library\Think\Db\Driver\Mysql.class.php 第 52 行.
SQL: SHOW COLUMNS FROM `cms_menu` [ RunTime:0.005325s ]
SQL: SELECT * FROM `cms_menu` WHERE ( type=1 )  [ RunTime:0.000481s ]
SQL: SHOW COLUMNS FROM `cms_news` [ RunTime:0.005216s ]
NOTIC: [2] Missing argument 1 for Common\Model\ContentModel::getlist(), called in E:\wampserv\wamp\www\mypro\cms\Application\Admin\Controller\IndexController.class.php on line 16 and defined E:\wampserv\wamp\www\mypro\cms\Application\Common\Model\ContentModel.class.php 第 17 行.
NOTIC: [8] Undefined variable: condation E:\wampserv\wamp\www\mypro\cms\Application\Common\Model\ContentModel.class.php 第 18 行.
SQL: SELECT COUNT(*) AS tp_Count FROM `cms_news` LIMIT 1   [ RunTime:0.000242s ]
SQL: SHOW COLUMNS FROM `cms_position` [ RunTime:0.005007s ]
NOTIC: [2] Missing argument 1 for Common\Model\PositionModel::getPositionList(), called in E:\wampserv\wamp\www\mypro\cms\Application\Admin\Controller\IndexController.class.php on line 19 and defined E:\wampserv\wamp\www\mypro\cms\Application\Common\Model\PositionModel.class.php 第 22 行.
NOTIC: [2] Missing argument 2 for Common\Model\PositionModel::getPositionList(), called in E:\wampserv\wamp\www\mypro\cms\Application\Admin\Controller\IndexController.class.php on line 19 and defined E:\wampserv\wamp\www\mypro\cms\Application\Common\Model\PositionModel.class.php 第 22 行.
NOTIC: [2] Missing argument 3 for Common\Model\PositionModel::getPositionList(), called in E:\wampserv\wamp\www\mypro\cms\Application\Admin\Controller\IndexController.class.php on line 19 and defined E:\wampserv\wamp\www\mypro\cms\Application\Common\Model\PositionModel.class.php 第 22 行.
NOTIC: [8] Undefined variable: condition E:\wampserv\wamp\www\mypro\cms\Application\Common\Model\PositionModel.class.php 第 23 行.
NOTIC: [8] Undefined variable: offset E:\wampserv\wamp\www\mypro\cms\Application\Common\Model\PositionModel.class.php 第 23 行.
NOTIC: [8] Undefined variable: perPageCount E:\wampserv\wamp\www\mypro\cms\Application\Common\Model\PositionModel.class.php 第 23 行.
SQL: SELECT * FROM `cms_position`  [ RunTime:0.000330s ]
NOTIC: [2] Missing argument 1 for Common\Model\ContentModel::getMaxReadCount(), called in E:\wampserv\wamp\www\mypro\cms\Application\Admin\Controller\IndexController.class.php on line 22 and defined E:\wampserv\wamp\www\mypro\cms\Application\Common\Model\ContentModel.class.php 第 33 行.
NOTIC: [2] Missing argument 2 for Common\Model\ContentModel::getMaxReadCount(), called in E:\wampserv\wamp\www\mypro\cms\Application\Admin\Controller\IndexController.class.php on line 22 and defined E:\wampserv\wamp\www\mypro\cms\Application\Common\Model\ContentModel.class.php 第 33 行.
NOTIC: [8] Undefined variable: offset E:\wampserv\wamp\www\mypro\cms\Application\Common\Model\ContentModel.class.php 第 34 行.
NOTIC: [8] Undefined variable: count E:\wampserv\wamp\www\mypro\cms\Application\Common\Model\ContentModel.class.php 第 34 行.
SQL: SELECT * FROM `cms_news` ORDER BY count desc  [ RunTime:0.000576s ]
INFO: [ view_parse ] --START--
INFO: [ template_filter ] --START--
INFO: Run Behavior\ContentReplaceBehavior [ RunTime:0.000080s ]
INFO: [ template_filter ] --END-- [ RunTime:0.000235s ]
INFO: Run Behavior\ParseTemplateBehavior [ RunTime:0.012340s ]
INFO: [ view_parse ] --END-- [ RunTime:0.012614s ]
INFO: [ view_filter ] --START--
INFO: Run Behavior\WriteHtmlCacheBehavior [ RunTime:0.000706s ]
INFO: [ view_filter ] --END-- [ RunTime:0.000975s ]
INFO: [ app_end ] --START--
INFO: Run Behavior\ShowPageTraceBehavior [ RunTime:0.000921s ]
INFO: [ app_end ] --END-- [ RunTime:0.001114s ]

[ 2016-11-16T20:11:05+08:00 ] ::1 /mypro/cms/admin.php?c=login&a=loginOut
INFO: [ app_init ] --START--
INFO: Run Behavior\BuildLiteBehavior [ RunTime:0.000032s ]
INFO: [ app_init ] --END-- [ RunTime:0.000648s ]
INFO: [ app_begin ] --START--
INFO: Run Behavior\ReadHtmlCacheBehavior [ RunTime:0.000607s ]
INFO: [ app_begin ] --END-- [ RunTime:0.000754s ]
INFO: [ app_end ] --START--
INFO: Run Behavior\ShowPageTraceBehavior [ RunTime:0.000811s ]
INFO: [ app_end ] --END-- [ RunTime:0.000984s ]

[ 2016-11-16T20:11:05+08:00 ] ::1 /mypro/cms/admin.php
INFO: [ app_init ] --START--
INFO: Run Behavior\BuildLiteBehavior [ RunTime:0.000030s ]
INFO: [ app_init ] --END-- [ RunTime:0.000595s ]
INFO: [ app_begin ] --START--
INFO: Run Behavior\ReadHtmlCacheBehavior [ RunTime:0.000596s ]
INFO: [ app_begin ] --END-- [ RunTime:0.000748s ]
INFO: [ view_parse ] --START--
INFO: [ template_filter ] --START--
INFO: Run Behavior\ContentReplaceBehavior [ RunTime:0.000120s ]
INFO: [ template_filter ] --END-- [ RunTime:0.000503s ]
INFO: Run Behavior\ParseTemplateBehavior [ RunTime:0.009772s ]
INFO: [ view_parse ] --END-- [ RunTime:0.010015s ]
INFO: [ view_filter ] --START--
INFO: Run Behavior\WriteHtmlCacheBehavior [ RunTime:0.000854s ]
INFO: [ view_filter ] --END-- [ RunTime:0.001136s ]
INFO: [ app_end ] --START--
INFO: Run Behavior\ShowPageTraceBehavior [ RunTime:0.001134s ]
INFO: [ app_end ] --END-- [ RunTime:0.001420s ]

[ 2016-11-16T20:11:12+08:00 ] ::1 /mypro/cms/admin.php?c=index
INFO: [ app_init ] --START--
INFO: Run Behavior\BuildLiteBehavior [ RunTime:0.000034s ]
INFO: [ app_init ] --END-- [ RunTime:0.000590s ]
INFO: [ app_begin ] --START--
INFO: Run Behavior\ReadHtmlCacheBehavior [ RunTime:0.000644s ]
INFO: [ app_begin ] --END-- [ RunTime:0.000823s ]
NOTIC: [8192] mysql_connect(): The mysql extension is deprecated and will be removed in the future: use mysqli or PDO instead E:\wampserv\wamp\www\mypro\cms\ThinkPHP\Library\Think\Db\Driver\Mysql.class.php 第 52 行.
SQL: SHOW COLUMNS FROM `cms_menu` [ RunTime:0.015942s ]
SQL: SELECT * FROM `cms_menu` WHERE ( type=1 )  [ RunTime:0.000535s ]
SQL: SHOW COLUMNS FROM `cms_news` [ RunTime:0.006052s ]
NOTIC: [2] Missing argument 1 for Common\Model\ContentModel::getlist(), called in E:\wampserv\wamp\www\mypro\cms\Application\Admin\Controller\IndexController.class.php on line 16 and defined E:\wampserv\wamp\www\mypro\cms\Application\Common\Model\ContentModel.class.php 第 17 行.
NOTIC: [8] Undefined variable: condation E:\wampserv\wamp\www\mypro\cms\Application\Common\Model\ContentModel.class.php 第 18 行.
SQL: SELECT COUNT(*) AS tp_Count FROM `cms_news` LIMIT 1   [ RunTime:0.000322s ]
SQL: SHOW COLUMNS FROM `cms_position` [ RunTime:0.005332s ]
NOTIC: [2] Missing argument 1 for Common\Model\PositionModel::getPositionList(), called in E:\wampserv\wamp\www\mypro\cms\Application\Admin\Controller\IndexController.class.php on line 19 and defined E:\wampserv\wamp\www\mypro\cms\Application\Common\Model\PositionModel.class.php 第 22 行.
NOTIC: [2] Missing argument 2 for Common\Model\PositionModel::getPositionList(), called in E:\wampserv\wamp\www\mypro\cms\Application\Admin\Controller\IndexController.class.php on line 19 and defined E:\wampserv\wamp\www\mypro\cms\Application\Common\Model\PositionModel.class.php 第 22 行.
NOTIC: [2] Missing argument 3 for Common\Model\PositionModel::getPositionList(), called in E:\wampserv\wamp\www\mypro\cms\Application\Admin\Controller\IndexController.class.php on line 19 and defined E:\wampserv\wamp\www\mypro\cms\Application\Common\Model\PositionModel.class.php 第 22 行.
NOTIC: [8] Undefined variable: condition E:\wampserv\wamp\www\mypro\cms\Application\Common\Model\PositionModel.class.php 第 23 行.
NOTIC: [8] Undefined variable: offset E:\wampserv\wamp\www\mypro\cms\Application\Common\Model\PositionModel.class.php 第 23 行.
NOTIC: [8] Undefined variable: perPageCount E:\wampserv\wamp\www\mypro\cms\Application\Common\Model\PositionModel.class.php 第 23 行.
SQL: SELECT * FROM `cms_position`  [ RunTime:0.000331s ]
NOTIC: [2] Missing argument 1 for Common\Model\ContentModel::getMaxReadCount(), called in E:\wampserv\wamp\www\mypro\cms\Application\Admin\Controller\IndexController.class.php on line 22 and defined E:\wampserv\wamp\www\mypro\cms\Application\Common\Model\ContentModel.class.php 第 33 行.
NOTIC: [2] Missing argument 2 for Common\Model\ContentModel::getMaxReadCount(), called in E:\wampserv\wamp\www\mypro\cms\Application\Admin\Controller\IndexController.class.php on line 22 and defined E:\wampserv\wamp\www\mypro\cms\Application\Common\Model\ContentModel.class.php 第 33 行.
NOTIC: [8] Undefined variable: offset E:\wampserv\wamp\www\mypro\cms\Application\Common\Model\ContentModel.class.php 第 34 行.
NOTIC: [8] Undefined variable: count E:\wampserv\wamp\www\mypro\cms\Application\Common\Model\ContentModel.class.php 第 34 行.
SQL: SELECT * FROM `cms_news` ORDER BY count desc  [ RunTime:0.000543s ]
INFO: [ view_parse ] --START--
INFO: [ template_filter ] --START--
INFO: Run Behavior\ContentReplaceBehavior [ RunTime:0.000072s ]
INFO: [ template_filter ] --END-- [ RunTime:0.000211s ]
INFO: Run Behavior\ParseTemplateBehavior [ RunTime:0.011263s ]
INFO: [ view_parse ] --END-- [ RunTime:0.011476s ]
INFO: [ view_filter ] --START--
INFO: Run Behavior\WriteHtmlCacheBehavior [ RunTime:0.000760s ]
INFO: [ view_filter ] --END-- [ RunTime:0.000972s ]
INFO: [ app_end ] --START--
INFO: Run Behavior\ShowPageTraceBehavior [ RunTime:0.000744s ]
INFO: [ app_end ] --END-- [ RunTime:0.000892s ]

[ 2016-11-16T20:11:12+08:00 ] ::1 /mypro/cms/admin.php
INFO: [ app_init ] --START--
INFO: Run Behavior\BuildLiteBehavior [ RunTime:0.000031s ]
INFO: [ app_init ] --END-- [ RunTime:0.000513s ]
INFO: [ app_begin ] --START--
INFO: Run Behavior\ReadHtmlCacheBehavior [ RunTime:0.000684s ]
INFO: [ app_begin ] --END-- [ RunTime:0.000870s ]
INFO: [ view_parse ] --START--
INFO: [ template_filter ] --START--
INFO: Run Behavior\ContentReplaceBehavior [ RunTime:0.000096s ]
INFO: [ template_filter ] --END-- [ RunTime:0.000267s ]
INFO: Run Behavior\ParseTemplateBehavior [ RunTime:0.007913s ]
INFO: [ view_parse ] --END-- [ RunTime:0.008151s ]
INFO: [ view_filter ] --START--
INFO: Run Behavior\WriteHtmlCacheBehavior [ RunTime:0.000776s ]
INFO: [ view_filter ] --END-- [ RunTime:0.000976s ]
INFO: [ app_end ] --START--
INFO: Run Behavior\ShowPageTraceBehavior [ RunTime:0.001325s ]
INFO: [ app_end ] --END-- [ RunTime:0.001680s ]

[ 2016-11-16T20:11:16+08:00 ] ::1 /mypro/cms/admin.php?c=menu
INFO: [ app_init ] --START--
INFO: Run Behavior\BuildLiteBehavior [ RunTime:0.000045s ]
INFO: [ app_init ] --END-- [ RunTime:0.000637s ]
INFO: [ app_begin ] --START--
INFO: Run Behavior\ReadHtmlCacheBehavior [ RunTime:0.000731s ]
INFO: [ app_begin ] --END-- [ RunTime:0.000919s ]
NOTIC: [8] Undefined index: type E:\wampserv\wamp\www\mypro\cms\Application\Admin\Controller\MenuController.class.php 第 9 行.
NOTIC: [8] Undefined index: type E:\wampserv\wamp\www\mypro\cms\Application\Admin\Controller\MenuController.class.php 第 13 行.
NOTIC: [8192] mysql_connect(): The mysql extension is deprecated and will be removed in the future: use mysqli or PDO instead E:\wampserv\wamp\www\mypro\cms\ThinkPHP\Library\Think\Db\Driver\Mysql.class.php 第 52 行.
SQL: SHOW COLUMNS FROM `cms_menu` [ RunTime:0.005614s ]
SQL: SELECT * FROM `cms_menu` ORDER BY listorder desc  [ RunTime:0.000406s ]
SQL: SELECT * FROM `cms_menu` WHERE ( type=1 )  [ RunTime:0.000419s ]
INFO: [ view_parse ] --START--
INFO: [ template_filter ] --START--
INFO: Run Behavior\ContentReplaceBehavior [ RunTime:0.000080s ]
INFO: [ template_filter ] --END-- [ RunTime:0.000237s ]
INFO: Run Behavior\ParseTemplateBehavior [ RunTime:0.015324s ]
INFO: [ view_parse ] --END-- [ RunTime:0.015576s ]
INFO: [ view_filter ] --START--
INFO: Run Behavior\WriteHtmlCacheBehavior [ RunTime:0.000956s ]
INFO: [ view_filter ] --END-- [ RunTime:0.001206s ]
INFO: [ app_end ] --START--
INFO: Run Behavior\ShowPageTraceBehavior [ RunTime:0.001249s ]
INFO: [ app_end ] --END-- [ RunTime:0.001552s ]

[ 2016-11-16T20:11:16+08:00 ] ::1 /mypro/cms/admin.php
INFO: [ app_init ] --START--
INFO: Run Behavior\BuildLiteBehavior [ RunTime:0.000029s ]
INFO: [ app_init ] --END-- [ RunTime:0.000527s ]
INFO: [ app_begin ] --START--
INFO: Run Behavior\ReadHtmlCacheBehavior [ RunTime:0.000559s ]
INFO: [ app_begin ] --END-- [ RunTime:0.000700s ]
INFO: [ view_parse ] --START--
INFO: [ template_filter ] --START--
INFO: Run Behavior\ContentReplaceBehavior [ RunTime:0.000072s ]
INFO: [ template_filter ] --END-- [ RunTime:0.000236s ]
INFO: Run Behavior\ParseTemplateBehavior [ RunTime:0.008855s ]
INFO: [ view_parse ] --END-- [ RunTime:0.009045s ]
INFO: [ view_filter ] --START--
INFO: Run Behavior\WriteHtmlCacheBehavior [ RunTime:0.000514s ]
INFO: [ view_filter ] --END-- [ RunTime:0.000642s ]
INFO: [ app_end ] --START--
INFO: Run Behavior\ShowPageTraceBehavior [ RunTime:0.000691s ]
INFO: [ app_end ] --END-- [ RunTime:0.000818s ]

[ 2016-11-16T20:11:21+08:00 ] ::1 /mypro/cms/admin.php?c=user
INFO: [ app_init ] --START--
INFO: Run Behavior\BuildLiteBehavior [ RunTime:0.000050s ]
INFO: [ app_init ] --END-- [ RunTime:0.000831s ]
INFO: [ app_begin ] --START--
INFO: Run Behavior\ReadHtmlCacheBehavior [ RunTime:0.001057s ]
INFO: [ app_begin ] --END-- [ RunTime:0.001278s ]
NOTIC: [8192] mysql_connect(): The mysql extension is deprecated and will be removed in the future: use mysqli or PDO instead E:\wampserv\wamp\www\mypro\cms\ThinkPHP\Library\Think\Db\Driver\Mysql.class.php 第 52 行.
SQL: SHOW COLUMNS FROM `cms_menu` [ RunTime:0.004853s ]
SQL: SELECT * FROM `cms_menu` WHERE ( type=1 )  [ RunTime:0.000378s ]
NOTIC: [8] Undefined index: username E:\wampserv\wamp\www\mypro\cms\Application\Admin\Controller\UserController.class.php 第 20 行.
NOTIC: [8] Undefined index: username E:\wampserv\wamp\www\mypro\cms\Application\Admin\Controller\UserController.class.php 第 24 行.
SQL: SHOW COLUMNS FROM `cms_admin` [ RunTime:0.005204s ]
SQL: SELECT COUNT(*) AS tp_Count FROM `cms_admin` LIMIT 1   [ RunTime:0.000383s ]
SQL: SELECT * FROM `cms_admin` LIMIT 0,6   [ RunTime:0.000389s ]
NOTIC: [2] Missing argument 1 for Admin\Model\AdminModel::getUserList(), called in E:\wampserv\wamp\www\mypro\cms\Application\Admin\Controller\UserController.class.php on line 55 and defined E:\wampserv\wamp\www\mypro\cms\Application\Admin\Model\AdminModel.class.php 第 35 行.
NOTIC: [2] Missing argument 2 for Admin\Model\AdminModel::getUserList(), called in E:\wampserv\wamp\www\mypro\cms\Application\Admin\Controller\UserController.class.php on line 55 and defined E:\wampserv\wamp\www\mypro\cms\Application\Admin\Model\AdminModel.class.php 第 35 行.
NOTIC: [2] Missing argument 3 for Admin\Model\AdminModel::getUserList(), called in E:\wampserv\wamp\www\mypro\cms\Application\Admin\Controller\UserController.class.php on line 55 and defined E:\wampserv\wamp\www\mypro\cms\Application\Admin\Model\AdminModel.class.php 第 35 行.
NOTIC: [8] Undefined variable: condation E:\wampserv\wamp\www\mypro\cms\Application\Admin\Model\AdminModel.class.php 第 36 行.
NOTIC: [8] Undefined variable: offset E:\wampserv\wamp\www\mypro\cms\Application\Admin\Model\AdminModel.class.php 第 36 行.
NOTIC: [8] Undefined variable: perPageCount E:\wampserv\wamp\www\mypro\cms\Application\Admin\Model\AdminModel.class.php 第 36 行.
SQL: SELECT * FROM `cms_admin`  [ RunTime:0.000321s ]
INFO: [ view_parse ] --START--
INFO: [ template_filter ] --START--
INFO: Run Behavior\ContentReplaceBehavior [ RunTime:0.000150s ]
INFO: [ template_filter ] --END-- [ RunTime:0.000440s ]
NOTIC: [8] Undefined index: username E:\wampserv\wamp\www\mypro\cms\Application\Runtime\Cache\Admin\65e605872ed5d34210f5b33beb13f5a3.php 第 42 行.
INFO: Run Behavior\ParseTemplateBehavior [ RunTime:0.014402s ]
INFO: [ view_parse ] --END-- [ RunTime:0.014580s ]
INFO: [ view_filter ] --START--
INFO: Run Behavior\WriteHtmlCacheBehavior [ RunTime:0.000812s ]
INFO: [ view_filter ] --END-- [ RunTime:0.001009s ]
INFO: [ app_end ] --START--
INFO: Run Behavior\ShowPageTraceBehavior [ RunTime:0.000950s ]
INFO: [ app_end ] --END-- [ RunTime:0.001173s ]

[ 2016-11-16T20:11:21+08:00 ] ::1 /mypro/cms/admin.php
INFO: [ app_init ] --START--
INFO: Run Behavior\BuildLiteBehavior [ RunTime:0.000029s ]
INFO: [ app_init ] --END-- [ RunTime:0.000547s ]
INFO: [ app_begin ] --START--
INFO: Run Behavior\ReadHtmlCacheBehavior [ RunTime:0.000735s ]
INFO: [ app_begin ] --END-- [ RunTime:0.000889s ]
INFO: [ view_parse ] --START--
INFO: [ template_filter ] --START--
INFO: Run Behavior\ContentReplaceBehavior [ RunTime:0.000074s ]
INFO: [ template_filter ] --END-- [ RunTime:0.000238s ]
INFO: Run Behavior\ParseTemplateBehavior [ RunTime:0.009081s ]
INFO: [ view_parse ] --END-- [ RunTime:0.009261s ]
INFO: [ view_filter ] --START--
INFO: Run Behavior\WriteHtmlCacheBehavior [ RunTime:0.000620s ]
INFO: [ view_filter ] --END-- [ RunTime:0.000761s ]
INFO: [ app_end ] --START--
INFO: Run Behavior\ShowPageTraceBehavior [ RunTime:0.000839s ]
INFO: [ app_end ] --END-- [ RunTime:0.000985s ]

[ 2016-11-16T20:11:23+08:00 ] ::1 /mypro/cms/admin.php?c=positionContent
INFO: [ app_init ] --START--
INFO: Run Behavior\BuildLiteBehavior [ RunTime:0.000043s ]
INFO: [ app_init ] --END-- [ RunTime:0.000690s ]
INFO: [ app_begin ] --START--
INFO: Run Behavior\ReadHtmlCacheBehavior [ RunTime:0.000859s ]
INFO: [ app_begin ] --END-- [ RunTime:0.001035s ]
NOTIC: [8192] mysql_connect(): The mysql extension is deprecated and will be removed in the future: use mysqli or PDO instead E:\wampserv\wamp\www\mypro\cms\ThinkPHP\Library\Think\Db\Driver\Mysql.class.php 第 52 行.
SQL: SHOW COLUMNS FROM `cms_menu` [ RunTime:0.006255s ]
SQL: SELECT * FROM `cms_menu` WHERE ( type=1 )  [ RunTime:0.000401s ]
SQL: SHOW COLUMNS FROM `cms_position` [ RunTime:0.005537s ]
NOTIC: [2] Missing argument 1 for Common\Model\PositionModel::getPositionList(), called in E:\wampserv\wamp\www\mypro\cms\Application\Admin\Controller\PositionContentController.class.php on line 17 and defined E:\wampserv\wamp\www\mypro\cms\Application\Common\Model\PositionModel.class.php 第 22 行.
NOTIC: [2] Missing argument 2 for Common\Model\PositionModel::getPositionList(), called in E:\wampserv\wamp\www\mypro\cms\Application\Admin\Controller\PositionContentController.class.php on line 17 and defined E:\wampserv\wamp\www\mypro\cms\Application\Common\Model\PositionModel.class.php 第 22 行.
NOTIC: [2] Missing argument 3 for Common\Model\PositionModel::getPositionList(), called in E:\wampserv\wamp\www\mypro\cms\Application\Admin\Controller\PositionContentController.class.php on line 17 and defined E:\wampserv\wamp\www\mypro\cms\Application\Common\Model\PositionModel.class.php 第 22 行.
NOTIC: [8] Undefined variable: condition E:\wampserv\wamp\www\mypro\cms\Application\Common\Model\PositionModel.class.php 第 23 行.
NOTIC: [8] Undefined variable: offset E:\wampserv\wamp\www\mypro\cms\Application\Common\Model\PositionModel.class.php 第 23 行.
NOTIC: [8] Undefined variable: perPageCount E:\wampserv\wamp\www\mypro\cms\Application\Common\Model\PositionModel.class.php 第 23 行.
SQL: SELECT * FROM `cms_position`  [ RunTime:0.000317s ]
NOTIC: [8] Undefined index: position_id E:\wampserv\wamp\www\mypro\cms\Application\Admin\Controller\PositionContentController.class.php 第 23 行.
NOTIC: [8] Undefined index: title E:\wampserv\wamp\www\mypro\cms\Application\Admin\Controller\PositionContentController.class.php 第 27 行.
NOTIC: [8] Undefined index: position_id E:\wampserv\wamp\www\mypro\cms\Application\Admin\Controller\PositionContentController.class.php 第 31 行.
NOTIC: [8] Undefined index: title E:\wampserv\wamp\www\mypro\cms\Application\Admin\Controller\PositionContentController.class.php 第 35 行.
SQL: SHOW COLUMNS FROM `cms_position_content` [ RunTime:0.005060s ]
SQL: SELECT COUNT(*) AS tp_Count FROM `cms_position_content` LIMIT 1   [ RunTime:0.000309s ]
SQL: SELECT * FROM `cms_position_content` ORDER BY update_time desc,listorder desc LIMIT 0,6   [ RunTime:0.000392s ]
INFO: [ view_parse ] --START--
INFO: [ template_filter ] --START--
INFO: Run Behavior\ContentReplaceBehavior [ RunTime:0.000081s ]
INFO: [ template_filter ] --END-- [ RunTime:0.000230s ]
NOTIC: [8] Undefined index: position_id E:\wampserv\wamp\www\mypro\cms\Application\Runtime\Cache\Admin\b3c2094605e2b67e8edd0c0d4b77ce4a.php 第 45 行.
NOTIC: [8] Undefined index: position_id E:\wampserv\wamp\www\mypro\cms\Application\Runtime\Cache\Admin\b3c2094605e2b67e8edd0c0d4b77ce4a.php 第 45 行.
NOTIC: [8] Undefined index: position_id E:\wampserv\wamp\www\mypro\cms\Application\Runtime\Cache\Admin\b3c2094605e2b67e8edd0c0d4b77ce4a.php 第 45 行.
NOTIC: [8] Undefined index: position_id E:\wampserv\wamp\www\mypro\cms\Application\Runtime\Cache\Admin\b3c2094605e2b67e8edd0c0d4b77ce4a.php 第 45 行.
NOTIC: [8] Undefined index: title E:\wampserv\wamp\www\mypro\cms\Application\Runtime\Cache\Admin\b3c2094605e2b67e8edd0c0d4b77ce4a.php 第 51 行.
INFO: Run Behavior\ParseTemplateBehavior [ RunTime:0.029055s ]
INFO: [ view_parse ] --END-- [ RunTime:0.029212s ]
INFO: [ view_filter ] --START--
INFO: Run Behavior\WriteHtmlCacheBehavior [ RunTime:0.000604s ]
INFO: [ view_filter ] --END-- [ RunTime:0.000731s ]
INFO: [ app_end ] --START--
INFO: Run Behavior\ShowPageTraceBehavior [ RunTime:0.001204s ]
INFO: [ app_end ] --END-- [ RunTime:0.001482s ]

[ 2016-11-16T20:11:24+08:00 ] ::1 /mypro/cms/admin.php
INFO: [ app_init ] --START--
INFO: Run Behavior\BuildLiteBehavior [ RunTime:0.000030s ]
INFO: [ app_init ] --END-- [ RunTime:0.000571s ]
INFO: [ app_begin ] --START--
INFO: Run Behavior\ReadHtmlCacheBehavior [ RunTime:0.000732s ]
INFO: [ app_begin ] --END-- [ RunTime:0.000885s ]
INFO: [ view_parse ] --START--
INFO: [ template_filter ] --START--
INFO: Run Behavior\ContentReplaceBehavior [ RunTime:0.000091s ]
INFO: [ template_filter ] --END-- [ RunTime:0.000257s ]
INFO: Run Behavior\ParseTemplateBehavior [ RunTime:0.008534s ]
INFO: [ view_parse ] --END-- [ RunTime:0.008761s ]
INFO: [ view_filter ] --START--
INFO: Run Behavior\WriteHtmlCacheBehavior [ RunTime:0.000834s ]
INFO: [ view_filter ] --END-- [ RunTime:0.001076s ]
INFO: [ app_end ] --START--
INFO: Run Behavior\ShowPageTraceBehavior [ RunTime:0.001000s ]
INFO: [ app_end ] --END-- [ RunTime:0.001234s ]

[ 2016-11-16T20:11:26+08:00 ] ::1 /mypro/cms/admin.php?c=basic
INFO: [ app_init ] --START--
INFO: Run Behavior\BuildLiteBehavior [ RunTime:0.000035s ]
INFO: [ app_init ] --END-- [ RunTime:0.000701s ]
INFO: [ app_begin ] --START--
INFO: Run Behavior\ReadHtmlCacheBehavior [ RunTime:0.000862s ]
INFO: [ app_begin ] --END-- [ RunTime:0.001048s ]
NOTIC: [8192] mysql_connect(): The mysql extension is deprecated and will be removed in the future: use mysqli or PDO instead E:\wampserv\wamp\www\mypro\cms\ThinkPHP\Library\Think\Db\Driver\Mysql.class.php 第 52 行.
SQL: SHOW COLUMNS FROM `cms_menu` [ RunTime:0.006602s ]
SQL: SELECT * FROM `cms_menu` WHERE ( type=1 )  [ RunTime:0.000535s ]
INFO: [ view_parse ] --START--
INFO: [ template_filter ] --START--
INFO: Run Behavior\ContentReplaceBehavior [ RunTime:0.000071s ]
INFO: [ template_filter ] --END-- [ RunTime:0.000216s ]
INFO: Run Behavior\ParseTemplateBehavior [ RunTime:0.052805s ]
INFO: [ view_parse ] --END-- [ RunTime:0.053078s ]
INFO: [ view_filter ] --START--
INFO: Run Behavior\WriteHtmlCacheBehavior [ RunTime:0.000724s ]
INFO: [ view_filter ] --END-- [ RunTime:0.000930s ]
INFO: [ app_end ] --START--
INFO: Run Behavior\ShowPageTraceBehavior [ RunTime:0.000734s ]
INFO: [ app_end ] --END-- [ RunTime:0.000871s ]

[ 2016-11-16T20:11:44+08:00 ] ::1 /mypro/cms/admin.php?c=basic
INFO: [ app_init ] --START--
INFO: Run Behavior\BuildLiteBehavior [ RunTime:0.000033s ]
INFO: [ app_init ] --END-- [ RunTime:0.000615s ]
INFO: [ app_begin ] --START--
INFO: Run Behavior\ReadHtmlCacheBehavior [ RunTime:0.000639s ]
INFO: [ app_begin ] --END-- [ RunTime:0.000797s ]
NOTIC: [8192] mysql_connect(): The mysql extension is deprecated and will be removed in the future: use mysqli or PDO instead E:\wampserv\wamp\www\mypro\cms\ThinkPHP\Library\Think\Db\Driver\Mysql.class.php 第 52 行.
SQL: SHOW COLUMNS FROM `cms_menu` [ RunTime:0.005898s ]
SQL: SELECT * FROM `cms_menu` WHERE ( type=1 )  [ RunTime:0.000491s ]
INFO: [ view_parse ] --START--
INFO: [ template_filter ] --START--
INFO: Run Behavior\ContentReplaceBehavior [ RunTime:0.000070s ]
INFO: [ template_filter ] --END-- [ RunTime:0.000258s ]
INFO: Run Behavior\ParseTemplateBehavior [ RunTime:0.013912s ]
INFO: [ view_parse ] --END-- [ RunTime:0.014186s ]
INFO: [ view_filter ] --START--
INFO: Run Behavior\WriteHtmlCacheBehavior [ RunTime:0.000703s ]
INFO: [ view_filter ] --END-- [ RunTime:0.000933s ]
INFO: [ app_end ] --START--
INFO: Run Behavior\ShowPageTraceBehavior [ RunTime:0.000772s ]
INFO: [ app_end ] --END-- [ RunTime:0.000976s ]

[ 2016-11-16T20:11:44+08:00 ] ::1 /mypro/cms/admin.php
INFO: [ app_init ] --START--
INFO: Run Behavior\BuildLiteBehavior [ RunTime:0.000061s ]
INFO: [ app_init ] --END-- [ RunTime:0.000850s ]
INFO: [ app_begin ] --START--
INFO: Run Behavior\ReadHtmlCacheBehavior [ RunTime:0.000587s ]
INFO: [ app_begin ] --END-- [ RunTime:0.000749s ]
INFO: [ view_parse ] --START--
INFO: [ template_filter ] --START--
INFO: Run Behavior\ContentReplaceBehavior [ RunTime:0.000072s ]
INFO: [ template_filter ] --END-- [ RunTime:0.000248s ]
INFO: Run Behavior\ParseTemplateBehavior [ RunTime:0.007957s ]
INFO: [ view_parse ] --END-- [ RunTime:0.008123s ]
INFO: [ view_filter ] --START--
INFO: Run Behavior\WriteHtmlCacheBehavior [ RunTime:0.000635s ]
INFO: [ view_filter ] --END-- [ RunTime:0.000771s ]
INFO: [ app_end ] --START--
INFO: Run Behavior\ShowPageTraceBehavior [ RunTime:0.000731s ]
INFO: [ app_end ] --END-- [ RunTime:0.000866s ]

