[ 2016-11-03T22:33:09+08:00 ] ::1 /mypro/cms/admin.php/admin/content/index/p/Public/css/bootstrap.min.css
ERR: 1064:Erreur de syntaxe près de '-5,5' à la ligne 1
 [ SQL语句 ] : SELECT * FROM `cms_news` LIMIT -5,5  

[ 2016-11-03T22:33:09+08:00 ] ::1 /mypro/cms/admin.php/admin/content/index/p/Public/js/skin/layer.css
ERR: 1064:Erreur de syntaxe près de '-5,5' à la ligne 1
 [ SQL语句 ] : SELECT * FROM `cms_news` LIMIT -5,5  

[ 2016-11-03T22:33:09+08:00 ] ::1 /mypro/cms/admin.php/admin/content/index/p/Public/js/uploadify/uploadify.css
ERR: 1064:Erreur de syntaxe près de '-5,5' à la ligne 1
 [ SQL语句 ] : SELECT * FROM `cms_news` LIMIT -5,5  

[ 2016-11-03T22:33:09+08:00 ] ::1 /mypro/cms/admin.php/admin/content/index/p/Public/js/jquery.1.10.2.js
ERR: 1064:Erreur de syntaxe près de '-5,5' à la ligne 1
 [ SQL语句 ] : SELECT * FROM `cms_news` LIMIT -5,5  

[ 2016-11-03T22:33:09+08:00 ] ::1 /mypro/cms/admin.php/admin/content/index/p/Public/css/index.css
ERR: 1064:Erreur de syntaxe près de '-5,5' à la ligne 1
 [ SQL语句 ] : SELECT * FROM `cms_news` LIMIT -5,5  

[ 2016-11-03T22:33:09+08:00 ] ::1 /mypro/cms/admin.php/admin/content/index/p/Public/js/bootstrap.js
ERR: 1064:Erreur de syntaxe près de '-5,5' à la ligne 1
 [ SQL语句 ] : SELECT * FROM `cms_news` LIMIT -5,5  

[ 2016-11-03T22:33:09+08:00 ] ::1 /mypro/cms/admin.php/admin/content/index/p/Public/js/dialog.js
ERR: 1064:Erreur de syntaxe près de '-5,5' à la ligne 1
 [ SQL语句 ] : SELECT * FROM `cms_news` LIMIT -5,5  

[ 2016-11-03T22:33:09+08:00 ] ::1 /mypro/cms/admin.php/admin/content/index/p/Public/js/admin/btnClick.js
ERR: 1064:Erreur de syntaxe près de '-5,5' à la ligne 1
 [ SQL语句 ] : SELECT * FROM `cms_news` LIMIT -5,5  

[ 2016-11-03T22:33:09+08:00 ] ::1 /mypro/cms/admin.php/admin/content/index/p/Public/js/layer.js
ERR: 1064:Erreur de syntaxe près de '-5,5' à la ligne 1
 [ SQL语句 ] : SELECT * FROM `cms_news` LIMIT -5,5  

[ 2016-11-03T22:33:21+08:00 ] ::1 /mypro/cms/admin.php/admin/content/index/p/Public/js/skin/layer.css
ERR: 1064:Erreur de syntaxe près de '-5,5' à la ligne 1
 [ SQL语句 ] : SELECT * FROM `cms_news` LIMIT -5,5  

[ 2016-11-03T22:33:21+08:00 ] ::1 /mypro/cms/admin.php/admin/content/index/p/Public/css/index.css
ERR: 1064:Erreur de syntaxe près de '-5,5' à la ligne 1
 [ SQL语句 ] : SELECT * FROM `cms_news` LIMIT -5,5  

[ 2016-11-03T22:33:21+08:00 ] ::1 /mypro/cms/admin.php/admin/content/index/p/Public/css/bootstrap.min.css
ERR: 1064:Erreur de syntaxe près de '-5,5' à la ligne 1
 [ SQL语句 ] : SELECT * FROM `cms_news` LIMIT -5,5  

[ 2016-11-03T22:33:21+08:00 ] ::1 /mypro/cms/admin.php/admin/content/index/p/Public/js/jquery.1.10.2.js
ERR: 1064:Erreur de syntaxe près de '-5,5' à la ligne 1
 [ SQL语句 ] : SELECT * FROM `cms_news` LIMIT -5,5  

[ 2016-11-03T22:33:21+08:00 ] ::1 /mypro/cms/admin.php/admin/content/index/p/Public/js/uploadify/uploadify.css
ERR: 1064:Erreur de syntaxe près de '-5,5' à la ligne 1
 [ SQL语句 ] : SELECT * FROM `cms_news` LIMIT -5,5  

[ 2016-11-03T22:33:21+08:00 ] ::1 /mypro/cms/admin.php/admin/content/index/p/Public/js/bootstrap.js
ERR: 1064:Erreur de syntaxe près de '-5,5' à la ligne 1
 [ SQL语句 ] : SELECT * FROM `cms_news` LIMIT -5,5  

[ 2016-11-03T22:33:21+08:00 ] ::1 /mypro/cms/admin.php/admin/content/index/p/Public/js/dialog.js
ERR: 1064:Erreur de syntaxe près de '-5,5' à la ligne 1
 [ SQL语句 ] : SELECT * FROM `cms_news` LIMIT -5,5  

[ 2016-11-03T22:33:21+08:00 ] ::1 /mypro/cms/admin.php/admin/content/index/p/Public/js/admin/btnClick.js
ERR: 1064:Erreur de syntaxe près de '-5,5' à la ligne 1
 [ SQL语句 ] : SELECT * FROM `cms_news` LIMIT -5,5  

[ 2016-11-03T22:33:21+08:00 ] ::1 /mypro/cms/admin.php/admin/content/index/p/Public/js/layer.js
ERR: 1064:Erreur de syntaxe près de '-5,5' à la ligne 1
 [ SQL语句 ] : SELECT * FROM `cms_news` LIMIT -5,5  

[ 2016-11-03T22:34:02+08:00 ] ::1 /mypro/cms/admin.php/admin/content/index/p/Public/css/index.css
ERR: 1064:Erreur de syntaxe près de '-5,5' à la ligne 1
 [ SQL语句 ] : SELECT * FROM `cms_news` LIMIT -5,5  

[ 2016-11-03T22:34:02+08:00 ] ::1 /mypro/cms/admin.php/admin/content/index/p/Public/js/bootstrap.js
ERR: 1064:Erreur de syntaxe près de '-5,5' à la ligne 1
 [ SQL语句 ] : SELECT * FROM `cms_news` LIMIT -5,5  

[ 2016-11-03T22:34:02+08:00 ] ::1 /mypro/cms/admin.php/admin/content/index/p/Public/js/uploadify/uploadify.css
ERR: 1064:Erreur de syntaxe près de '-5,5' à la ligne 1
 [ SQL语句 ] : SELECT * FROM `cms_news` LIMIT -5,5  

[ 2016-11-03T22:34:02+08:00 ] ::1 /mypro/cms/admin.php/admin/content/index/p/Public/css/bootstrap.min.css
ERR: 1064:Erreur de syntaxe près de '-5,5' à la ligne 1
 [ SQL语句 ] : SELECT * FROM `cms_news` LIMIT -5,5  

[ 2016-11-03T22:34:02+08:00 ] ::1 /mypro/cms/admin.php/admin/content/index/p/Public/js/jquery.1.10.2.js
ERR: 1064:Erreur de syntaxe près de '-5,5' à la ligne 1
 [ SQL语句 ] : SELECT * FROM `cms_news` LIMIT -5,5  

[ 2016-11-03T22:34:02+08:00 ] ::1 /mypro/cms/admin.php/admin/content/index/p/Public/js/skin/layer.css
ERR: 1064:Erreur de syntaxe près de '-5,5' à la ligne 1
 [ SQL语句 ] : SELECT * FROM `cms_news` LIMIT -5,5  

[ 2016-11-03T22:34:02+08:00 ] ::1 /mypro/cms/admin.php/admin/content/index/p/Public/js/dialog.js
ERR: 1064:Erreur de syntaxe près de '-5,5' à la ligne 1
 [ SQL语句 ] : SELECT * FROM `cms_news` LIMIT -5,5  

[ 2016-11-03T22:34:02+08:00 ] ::1 /mypro/cms/admin.php/admin/content/index/p/Public/js/admin/btnClick.js
ERR: 1064:Erreur de syntaxe près de '-5,5' à la ligne 1
 [ SQL语句 ] : SELECT * FROM `cms_news` LIMIT -5,5  

[ 2016-11-03T22:34:02+08:00 ] ::1 /mypro/cms/admin.php/admin/content/index/p/Public/js/layer.js
ERR: 1064:Erreur de syntaxe près de '-5,5' à la ligne 1
 [ SQL语句 ] : SELECT * FROM `cms_news` LIMIT -5,5  

[ 2016-11-03T22:34:58+08:00 ] ::1 /mypro/cms/admin.php/admin/content/index/p/Public/css/index.css
ERR: 1064:Erreur de syntaxe près de '-5,5' à la ligne 1
 [ SQL语句 ] : SELECT * FROM `cms_news` LIMIT -5,5  

[ 2016-11-03T22:34:58+08:00 ] ::1 /mypro/cms/admin.php/admin/content/index/p/Public/js/skin/layer.css
ERR: 1064:Erreur de syntaxe près de '-5,5' à la ligne 1
 [ SQL语句 ] : SELECT * FROM `cms_news` LIMIT -5,5  

[ 2016-11-03T22:34:58+08:00 ] ::1 /mypro/cms/admin.php/admin/content/index/p/Public/js/uploadify/uploadify.css
ERR: 1064:Erreur de syntaxe près de '-5,5' à la ligne 1
 [ SQL语句 ] : SELECT * FROM `cms_news` LIMIT -5,5  

[ 2016-11-03T22:34:58+08:00 ] ::1 /mypro/cms/admin.php/admin/content/index/p/Public/js/jquery.1.10.2.js
ERR: 1064:Erreur de syntaxe près de '-5,5' à la ligne 1
 [ SQL语句 ] : SELECT * FROM `cms_news` LIMIT -5,5  

[ 2016-11-03T22:34:58+08:00 ] ::1 /mypro/cms/admin.php/admin/content/index/p/Public/js/bootstrap.js
ERR: 1064:Erreur de syntaxe près de '-5,5' à la ligne 1
 [ SQL语句 ] : SELECT * FROM `cms_news` LIMIT -5,5  

[ 2016-11-03T22:34:58+08:00 ] ::1 /mypro/cms/admin.php/admin/content/index/p/Public/css/bootstrap.min.css
ERR: 1064:Erreur de syntaxe près de '-5,5' à la ligne 1
 [ SQL语句 ] : SELECT * FROM `cms_news` LIMIT -5,5  

[ 2016-11-03T22:34:58+08:00 ] ::1 /mypro/cms/admin.php/admin/content/index/p/Public/js/dialog.js
ERR: 1064:Erreur de syntaxe près de '-5,5' à la ligne 1
 [ SQL语句 ] : SELECT * FROM `cms_news` LIMIT -5,5  

[ 2016-11-03T22:34:58+08:00 ] ::1 /mypro/cms/admin.php/admin/content/index/p/Public/js/admin/btnClick.js
ERR: 1064:Erreur de syntaxe près de '-5,5' à la ligne 1
 [ SQL语句 ] : SELECT * FROM `cms_news` LIMIT -5,5  

[ 2016-11-03T22:34:58+08:00 ] ::1 /mypro/cms/admin.php/admin/content/index/p/Public/js/layer.js
ERR: 1064:Erreur de syntaxe près de '-5,5' à la ligne 1
 [ SQL语句 ] : SELECT * FROM `cms_news` LIMIT -5,5  

[ 2016-11-03T22:35:03+08:00 ] ::1 /mypro/cms/admin.php/admin/content/index/p/Public/css/index.css
ERR: 1064:Erreur de syntaxe près de '-5,5' à la ligne 1
 [ SQL语句 ] : SELECT * FROM `cms_news` LIMIT -5,5  

[ 2016-11-03T22:35:03+08:00 ] ::1 /mypro/cms/admin.php/admin/content/index/p/Public/js/uploadify/uploadify.css
ERR: 1064:Erreur de syntaxe près de '-5,5' à la ligne 1
 [ SQL语句 ] : SELECT * FROM `cms_news` LIMIT -5,5  

[ 2016-11-03T22:35:03+08:00 ] ::1 /mypro/cms/admin.php/admin/content/index/p/Public/js/bootstrap.js
ERR: 1064:Erreur de syntaxe près de '-5,5' à la ligne 1
 [ SQL语句 ] : SELECT * FROM `cms_news` LIMIT -5,5  

[ 2016-11-03T22:35:03+08:00 ] ::1 /mypro/cms/admin.php/admin/content/index/p/Public/js/skin/layer.css
ERR: 1064:Erreur de syntaxe près de '-5,5' à la ligne 1
 [ SQL语句 ] : SELECT * FROM `cms_news` LIMIT -5,5  

[ 2016-11-03T22:35:03+08:00 ] ::1 /mypro/cms/admin.php/admin/content/index/p/Public/js/jquery.1.10.2.js
ERR: 1064:Erreur de syntaxe près de '-5,5' à la ligne 1
 [ SQL语句 ] : SELECT * FROM `cms_news` LIMIT -5,5  

[ 2016-11-03T22:35:04+08:00 ] ::1 /mypro/cms/admin.php/admin/content/index/p/Public/css/bootstrap.min.css
ERR: 1064:Erreur de syntaxe près de '-5,5' à la ligne 1
 [ SQL语句 ] : SELECT * FROM `cms_news` LIMIT -5,5  

[ 2016-11-03T22:35:04+08:00 ] ::1 /mypro/cms/admin.php/admin/content/index/p/Public/js/dialog.js
ERR: 1064:Erreur de syntaxe près de '-5,5' à la ligne 1
 [ SQL语句 ] : SELECT * FROM `cms_news` LIMIT -5,5  

[ 2016-11-03T22:35:04+08:00 ] ::1 /mypro/cms/admin.php/admin/content/index/p/Public/js/admin/btnClick.js
ERR: 1064:Erreur de syntaxe près de '-5,5' à la ligne 1
 [ SQL语句 ] : SELECT * FROM `cms_news` LIMIT -5,5  

[ 2016-11-03T22:35:04+08:00 ] ::1 /mypro/cms/admin.php/admin/content/index/p/Public/js/layer.js
ERR: 1064:Erreur de syntaxe près de '-5,5' à la ligne 1
 [ SQL语句 ] : SELECT * FROM `cms_news` LIMIT -5,5  

[ 2016-11-03T22:35:16+08:00 ] ::1 /mypro/cms/admin.php/admin/content/index/p/Public/css/bootstrap.min.css
ERR: 1064:Erreur de syntaxe près de '-5,5' à la ligne 1
 [ SQL语句 ] : SELECT * FROM `cms_news` LIMIT -5,5  

[ 2016-11-03T22:35:16+08:00 ] ::1 /mypro/cms/admin.php/admin/content/index/p/Public/js/skin/layer.css
ERR: 1064:Erreur de syntaxe près de '-5,5' à la ligne 1
 [ SQL语句 ] : SELECT * FROM `cms_news` LIMIT -5,5  

[ 2016-11-03T22:35:16+08:00 ] ::1 /mypro/cms/admin.php/admin/content/index/p/Public/js/bootstrap.js
ERR: 1064:Erreur de syntaxe près de '-5,5' à la ligne 1
 [ SQL语句 ] : SELECT * FROM `cms_news` LIMIT -5,5  

[ 2016-11-03T22:35:16+08:00 ] ::1 /mypro/cms/admin.php/admin/content/index/p/Public/js/uploadify/uploadify.css
ERR: 1064:Erreur de syntaxe près de '-5,5' à la ligne 1
 [ SQL语句 ] : SELECT * FROM `cms_news` LIMIT -5,5  

[ 2016-11-03T22:35:16+08:00 ] ::1 /mypro/cms/admin.php/admin/content/index/p/Public/css/index.css
ERR: 1064:Erreur de syntaxe près de '-5,5' à la ligne 1
 [ SQL语句 ] : SELECT * FROM `cms_news` LIMIT -5,5  

[ 2016-11-03T22:35:16+08:00 ] ::1 /mypro/cms/admin.php/admin/content/index/p/Public/js/jquery.1.10.2.js
ERR: 1064:Erreur de syntaxe près de '-5,5' à la ligne 1
 [ SQL语句 ] : SELECT * FROM `cms_news` LIMIT -5,5  

[ 2016-11-03T22:35:16+08:00 ] ::1 /mypro/cms/admin.php/admin/content/index/p/Public/js/dialog.js
ERR: 1064:Erreur de syntaxe près de '-5,5' à la ligne 1
 [ SQL语句 ] : SELECT * FROM `cms_news` LIMIT -5,5  

[ 2016-11-03T22:35:16+08:00 ] ::1 /mypro/cms/admin.php/admin/content/index/p/Public/js/layer.js
ERR: 1064:Erreur de syntaxe près de '-5,5' à la ligne 1
 [ SQL语句 ] : SELECT * FROM `cms_news` LIMIT -5,5  

[ 2016-11-03T22:35:16+08:00 ] ::1 /mypro/cms/admin.php/admin/content/index/p/Public/js/admin/btnClick.js
ERR: 1064:Erreur de syntaxe près de '-5,5' à la ligne 1
 [ SQL语句 ] : SELECT * FROM `cms_news` LIMIT -5,5  

[ 2016-11-03T22:35:20+08:00 ] ::1 /mypro/cms/admin.php/admin/content/index/p/Public/js/bootstrap.js
ERR: 1064:Erreur de syntaxe près de '-5,5' à la ligne 1
 [ SQL语句 ] : SELECT * FROM `cms_news` LIMIT -5,5  

[ 2016-11-03T22:35:20+08:00 ] ::1 /mypro/cms/admin.php/admin/content/index/p/Public/css/bootstrap.min.css
ERR: 1064:Erreur de syntaxe près de '-5,5' à la ligne 1
 [ SQL语句 ] : SELECT * FROM `cms_news` LIMIT -5,5  

[ 2016-11-03T22:35:20+08:00 ] ::1 /mypro/cms/admin.php/admin/content/index/p/Public/js/jquery.1.10.2.js
ERR: 1064:Erreur de syntaxe près de '-5,5' à la ligne 1
 [ SQL语句 ] : SELECT * FROM `cms_news` LIMIT -5,5  

[ 2016-11-03T22:35:20+08:00 ] ::1 /mypro/cms/admin.php/admin/content/index/p/Public/js/skin/layer.css
ERR: 1064:Erreur de syntaxe près de '-5,5' à la ligne 1
 [ SQL语句 ] : SELECT * FROM `cms_news` LIMIT -5,5  

[ 2016-11-03T22:35:20+08:00 ] ::1 /mypro/cms/admin.php/admin/content/index/p/Public/js/uploadify/uploadify.css
ERR: 1064:Erreur de syntaxe près de '-5,5' à la ligne 1
 [ SQL语句 ] : SELECT * FROM `cms_news` LIMIT -5,5  

[ 2016-11-03T22:35:20+08:00 ] ::1 /mypro/cms/admin.php/admin/content/index/p/Public/css/index.css
ERR: 1064:Erreur de syntaxe près de '-5,5' à la ligne 1
 [ SQL语句 ] : SELECT * FROM `cms_news` LIMIT -5,5  

[ 2016-11-03T22:35:20+08:00 ] ::1 /mypro/cms/admin.php/admin/content/index/p/Public/js/dialog.js
ERR: 1064:Erreur de syntaxe près de '-5,5' à la ligne 1
 [ SQL语句 ] : SELECT * FROM `cms_news` LIMIT -5,5  

[ 2016-11-03T22:35:20+08:00 ] ::1 /mypro/cms/admin.php/admin/content/index/p/Public/js/admin/btnClick.js
ERR: 1064:Erreur de syntaxe près de '-5,5' à la ligne 1
 [ SQL语句 ] : SELECT * FROM `cms_news` LIMIT -5,5  

[ 2016-11-03T22:35:20+08:00 ] ::1 /mypro/cms/admin.php/admin/content/index/p/Public/js/layer.js
ERR: 1064:Erreur de syntaxe près de '-5,5' à la ligne 1
 [ SQL语句 ] : SELECT * FROM `cms_news` LIMIT -5,5  

[ 2016-11-03T22:35:25+08:00 ] ::1 /mypro/cms/admin.php/admin/content/index/p/Public/css/bootstrap.min.css
ERR: 1064:Erreur de syntaxe près de '-5,5' à la ligne 1
 [ SQL语句 ] : SELECT * FROM `cms_news` LIMIT -5,5  

[ 2016-11-03T22:35:25+08:00 ] ::1 /mypro/cms/admin.php/admin/content/index/p/Public/js/jquery.1.10.2.js
ERR: 1064:Erreur de syntaxe près de '-5,5' à la ligne 1
 [ SQL语句 ] : SELECT * FROM `cms_news` LIMIT -5,5  

[ 2016-11-03T22:35:25+08:00 ] ::1 /mypro/cms/admin.php/admin/content/index/p/Public/js/skin/layer.css
ERR: 1064:Erreur de syntaxe près de '-5,5' à la ligne 1
 [ SQL语句 ] : SELECT * FROM `cms_news` LIMIT -5,5  

[ 2016-11-03T22:35:25+08:00 ] ::1 /mypro/cms/admin.php/admin/content/index/p/Public/js/uploadify/uploadify.css
ERR: 1064:Erreur de syntaxe près de '-5,5' à la ligne 1
 [ SQL语句 ] : SELECT * FROM `cms_news` LIMIT -5,5  

[ 2016-11-03T22:35:25+08:00 ] ::1 /mypro/cms/admin.php/admin/content/index/p/Public/js/bootstrap.js
ERR: 1064:Erreur de syntaxe près de '-5,5' à la ligne 1
 [ SQL语句 ] : SELECT * FROM `cms_news` LIMIT -5,5  

[ 2016-11-03T22:35:25+08:00 ] ::1 /mypro/cms/admin.php/admin/content/index/p/Public/css/index.css
ERR: 1064:Erreur de syntaxe près de '-5,5' à la ligne 1
 [ SQL语句 ] : SELECT * FROM `cms_news` LIMIT -5,5  

[ 2016-11-03T22:35:25+08:00 ] ::1 /mypro/cms/admin.php/admin/content/index/p/Public/js/dialog.js
ERR: 1064:Erreur de syntaxe près de '-5,5' à la ligne 1
 [ SQL语句 ] : SELECT * FROM `cms_news` LIMIT -5,5  

[ 2016-11-03T22:35:25+08:00 ] ::1 /mypro/cms/admin.php/admin/content/index/p/Public/js/admin/btnClick.js
ERR: 1064:Erreur de syntaxe près de '-5,5' à la ligne 1
 [ SQL语句 ] : SELECT * FROM `cms_news` LIMIT -5,5  

[ 2016-11-03T22:35:25+08:00 ] ::1 /mypro/cms/admin.php/admin/content/index/p/Public/js/layer.js
ERR: 1064:Erreur de syntaxe près de '-5,5' à la ligne 1
 [ SQL语句 ] : SELECT * FROM `cms_news` LIMIT -5,5  

[ 2016-11-03T22:35:28+08:00 ] ::1 /mypro/cms/admin.php/admin/content/index/p/Public/css/bootstrap.min.css
ERR: 1064:Erreur de syntaxe près de '-5,5' à la ligne 1
 [ SQL语句 ] : SELECT * FROM `cms_news` LIMIT -5,5  

[ 2016-11-03T22:35:28+08:00 ] ::1 /mypro/cms/admin.php/admin/content/index/p/Public/css/index.css
ERR: 1064:Erreur de syntaxe près de '-5,5' à la ligne 1
 [ SQL语句 ] : SELECT * FROM `cms_news` LIMIT -5,5  

[ 2016-11-03T22:35:28+08:00 ] ::1 /mypro/cms/admin.php/admin/content/index/p/Public/js/skin/layer.css
ERR: 1064:Erreur de syntaxe près de '-5,5' à la ligne 1
 [ SQL语句 ] : SELECT * FROM `cms_news` LIMIT -5,5  

[ 2016-11-03T22:35:28+08:00 ] ::1 /mypro/cms/admin.php/admin/content/index/p/Public/js/uploadify/uploadify.css
ERR: 1064:Erreur de syntaxe près de '-5,5' à la ligne 1
 [ SQL语句 ] : SELECT * FROM `cms_news` LIMIT -5,5  

[ 2016-11-03T22:35:28+08:00 ] ::1 /mypro/cms/admin.php/admin/content/index/p/Public/js/jquery.1.10.2.js
ERR: 1064:Erreur de syntaxe près de '-5,5' à la ligne 1
 [ SQL语句 ] : SELECT * FROM `cms_news` LIMIT -5,5  

[ 2016-11-03T22:35:28+08:00 ] ::1 /mypro/cms/admin.php/admin/content/index/p/Public/js/bootstrap.js
ERR: 1064:Erreur de syntaxe près de '-5,5' à la ligne 1
 [ SQL语句 ] : SELECT * FROM `cms_news` LIMIT -5,5  

[ 2016-11-03T22:35:28+08:00 ] ::1 /mypro/cms/admin.php/admin/content/index/p/Public/js/dialog.js
ERR: 1064:Erreur de syntaxe près de '-5,5' à la ligne 1
 [ SQL语句 ] : SELECT * FROM `cms_news` LIMIT -5,5  

[ 2016-11-03T22:35:28+08:00 ] ::1 /mypro/cms/admin.php/admin/content/index/p/Public/js/admin/btnClick.js
ERR: 1064:Erreur de syntaxe près de '-5,5' à la ligne 1
 [ SQL语句 ] : SELECT * FROM `cms_news` LIMIT -5,5  

[ 2016-11-03T22:35:28+08:00 ] ::1 /mypro/cms/admin.php/admin/content/index/p/Public/js/layer.js
ERR: 1064:Erreur de syntaxe près de '-5,5' à la ligne 1
 [ SQL语句 ] : SELECT * FROM `cms_news` LIMIT -5,5  

[ 2016-11-03T22:35:32+08:00 ] ::1 /mypro/cms/admin.php/admin/content/index/p/Public/css/index.css
ERR: 1064:Erreur de syntaxe près de '-5,5' à la ligne 1
 [ SQL语句 ] : SELECT * FROM `cms_news` LIMIT -5,5  

[ 2016-11-03T22:35:32+08:00 ] ::1 /mypro/cms/admin.php/admin/content/index/p/Public/js/skin/layer.css
ERR: 1064:Erreur de syntaxe près de '-5,5' à la ligne 1
 [ SQL语句 ] : SELECT * FROM `cms_news` LIMIT -5,5  

[ 2016-11-03T22:35:32+08:00 ] ::1 /mypro/cms/admin.php/admin/content/index/p/Public/js/bootstrap.js
ERR: 1064:Erreur de syntaxe près de '-5,5' à la ligne 1
 [ SQL语句 ] : SELECT * FROM `cms_news` LIMIT -5,5  

[ 2016-11-03T22:35:32+08:00 ] ::1 /mypro/cms/admin.php/admin/content/index/p/Public/css/bootstrap.min.css
ERR: 1064:Erreur de syntaxe près de '-5,5' à la ligne 1
 [ SQL语句 ] : SELECT * FROM `cms_news` LIMIT -5,5  

[ 2016-11-03T22:35:32+08:00 ] ::1 /mypro/cms/admin.php/admin/content/index/p/Public/js/uploadify/uploadify.css
ERR: 1064:Erreur de syntaxe près de '-5,5' à la ligne 1
 [ SQL语句 ] : SELECT * FROM `cms_news` LIMIT -5,5  

[ 2016-11-03T22:35:32+08:00 ] ::1 /mypro/cms/admin.php/admin/content/index/p/Public/js/jquery.1.10.2.js
ERR: 1064:Erreur de syntaxe près de '-5,5' à la ligne 1
 [ SQL语句 ] : SELECT * FROM `cms_news` LIMIT -5,5  

[ 2016-11-03T22:35:32+08:00 ] ::1 /mypro/cms/admin.php/admin/content/index/p/Public/js/layer.js
ERR: 1064:Erreur de syntaxe près de '-5,5' à la ligne 1
 [ SQL语句 ] : SELECT * FROM `cms_news` LIMIT -5,5  

[ 2016-11-03T22:35:32+08:00 ] ::1 /mypro/cms/admin.php/admin/content/index/p/Public/js/dialog.js
ERR: 1064:Erreur de syntaxe près de '-5,5' à la ligne 1
 [ SQL语句 ] : SELECT * FROM `cms_news` LIMIT -5,5  

[ 2016-11-03T22:35:32+08:00 ] ::1 /mypro/cms/admin.php/admin/content/index/p/Public/js/admin/btnClick.js
ERR: 1064:Erreur de syntaxe près de '-5,5' à la ligne 1
 [ SQL语句 ] : SELECT * FROM `cms_news` LIMIT -5,5  

[ 2016-11-03T22:35:45+08:00 ] ::1 /mypro/cms/admin.php/admin/content/index/p/Public/css/index.css
ERR: 1064:Erreur de syntaxe près de '-5,5' à la ligne 1
 [ SQL语句 ] : SELECT * FROM `cms_news` LIMIT -5,5  

[ 2016-11-03T22:35:45+08:00 ] ::1 /mypro/cms/admin.php/admin/content/index/p/Public/js/uploadify/uploadify.css
ERR: 1064:Erreur de syntaxe près de '-5,5' à la ligne 1
 [ SQL语句 ] : SELECT * FROM `cms_news` LIMIT -5,5  

[ 2016-11-03T22:35:45+08:00 ] ::1 /mypro/cms/admin.php/admin/content/index/p/Public/js/skin/layer.css
ERR: 1064:Erreur de syntaxe près de '-5,5' à la ligne 1
 [ SQL语句 ] : SELECT * FROM `cms_news` LIMIT -5,5  

[ 2016-11-03T22:35:45+08:00 ] ::1 /mypro/cms/admin.php/admin/content/index/p/Public/js/bootstrap.js
ERR: 1064:Erreur de syntaxe près de '-5,5' à la ligne 1
 [ SQL语句 ] : SELECT * FROM `cms_news` LIMIT -5,5  

[ 2016-11-03T22:35:45+08:00 ] ::1 /mypro/cms/admin.php/admin/content/index/p/Public/js/jquery.1.10.2.js
ERR: 1064:Erreur de syntaxe près de '-5,5' à la ligne 1
 [ SQL语句 ] : SELECT * FROM `cms_news` LIMIT -5,5  

[ 2016-11-03T22:35:45+08:00 ] ::1 /mypro/cms/admin.php/admin/content/index/p/Public/css/bootstrap.min.css
ERR: 1064:Erreur de syntaxe près de '-5,5' à la ligne 1
 [ SQL语句 ] : SELECT * FROM `cms_news` LIMIT -5,5  

[ 2016-11-03T22:35:45+08:00 ] ::1 /mypro/cms/admin.php/admin/content/index/p/Public/js/dialog.js
ERR: 1064:Erreur de syntaxe près de '-5,5' à la ligne 1
 [ SQL语句 ] : SELECT * FROM `cms_news` LIMIT -5,5  

[ 2016-11-03T22:35:45+08:00 ] ::1 /mypro/cms/admin.php/admin/content/index/p/Public/js/admin/btnClick.js
ERR: 1064:Erreur de syntaxe près de '-5,5' à la ligne 1
 [ SQL语句 ] : SELECT * FROM `cms_news` LIMIT -5,5  

[ 2016-11-03T22:35:45+08:00 ] ::1 /mypro/cms/admin.php/admin/content/index/p/Public/js/layer.js
ERR: 1064:Erreur de syntaxe près de '-5,5' à la ligne 1
 [ SQL语句 ] : SELECT * FROM `cms_news` LIMIT -5,5  

[ 2016-11-03T22:36:35+08:00 ] ::1 /mypro/cms/admin.php/admin/content/index/p/Public/js/uploadify/uploadify.css
ERR: 1064:Erreur de syntaxe près de '-5,5' à la ligne 1
 [ SQL语句 ] : SELECT * FROM `cms_news` LIMIT -5,5  

[ 2016-11-03T22:36:35+08:00 ] ::1 /mypro/cms/admin.php/admin/content/index/p/Public/js/skin/layer.css
ERR: 1064:Erreur de syntaxe près de '-5,5' à la ligne 1
 [ SQL语句 ] : SELECT * FROM `cms_news` LIMIT -5,5  

[ 2016-11-03T22:36:35+08:00 ] ::1 /mypro/cms/admin.php/admin/content/index/p/Public/js/bootstrap.js
ERR: 1064:Erreur de syntaxe près de '-5,5' à la ligne 1
 [ SQL语句 ] : SELECT * FROM `cms_news` LIMIT -5,5  

[ 2016-11-03T22:36:35+08:00 ] ::1 /mypro/cms/admin.php/admin/content/index/p/Public/css/index.css
ERR: 1064:Erreur de syntaxe près de '-5,5' à la ligne 1
 [ SQL语句 ] : SELECT * FROM `cms_news` LIMIT -5,5  

[ 2016-11-03T22:36:35+08:00 ] ::1 /mypro/cms/admin.php/admin/content/index/p/Public/css/bootstrap.min.css
ERR: 1064:Erreur de syntaxe près de '-5,5' à la ligne 1
 [ SQL语句 ] : SELECT * FROM `cms_news` LIMIT -5,5  

[ 2016-11-03T22:36:35+08:00 ] ::1 /mypro/cms/admin.php/admin/content/index/p/Public/js/jquery.1.10.2.js
ERR: 1064:Erreur de syntaxe près de '-5,5' à la ligne 1
 [ SQL语句 ] : SELECT * FROM `cms_news` LIMIT -5,5  

[ 2016-11-03T22:36:35+08:00 ] ::1 /mypro/cms/admin.php/admin/content/index/p/Public/js/dialog.js
ERR: 1064:Erreur de syntaxe près de '-5,5' à la ligne 1
 [ SQL语句 ] : SELECT * FROM `cms_news` LIMIT -5,5  

[ 2016-11-03T22:36:35+08:00 ] ::1 /mypro/cms/admin.php/admin/content/index/p/Public/js/admin/btnClick.js
ERR: 1064:Erreur de syntaxe près de '-5,5' à la ligne 1
 [ SQL语句 ] : SELECT * FROM `cms_news` LIMIT -5,5  

[ 2016-11-03T22:36:35+08:00 ] ::1 /mypro/cms/admin.php/admin/content/index/p/Public/js/layer.js
ERR: 1064:Erreur de syntaxe près de '-5,5' à la ligne 1
 [ SQL语句 ] : SELECT * FROM `cms_news` LIMIT -5,5  

[ 2016-11-03T22:36:44+08:00 ] ::1 /mypro/cms/admin.php/admin/content/index/p/Public/css/bootstrap.min.css
ERR: 1064:Erreur de syntaxe près de '-5,5' à la ligne 1
 [ SQL语句 ] : SELECT * FROM `cms_news` LIMIT -5,5  

[ 2016-11-03T22:36:44+08:00 ] ::1 /mypro/cms/admin.php/admin/content/index/p/Public/css/index.css
ERR: 1064:Erreur de syntaxe près de '-5,5' à la ligne 1
 [ SQL语句 ] : SELECT * FROM `cms_news` LIMIT -5,5  

[ 2016-11-03T22:36:44+08:00 ] ::1 /mypro/cms/admin.php/admin/content/index/p/Public/js/bootstrap.js
ERR: 1064:Erreur de syntaxe près de '-5,5' à la ligne 1
 [ SQL语句 ] : SELECT * FROM `cms_news` LIMIT -5,5  

[ 2016-11-03T22:36:44+08:00 ] ::1 /mypro/cms/admin.php/admin/content/index/p/Public/js/skin/layer.css
ERR: 1064:Erreur de syntaxe près de '-5,5' à la ligne 1
 [ SQL语句 ] : SELECT * FROM `cms_news` LIMIT -5,5  

[ 2016-11-03T22:36:44+08:00 ] ::1 /mypro/cms/admin.php/admin/content/index/p/Public/js/uploadify/uploadify.css
ERR: 1064:Erreur de syntaxe près de '-5,5' à la ligne 1
 [ SQL语句 ] : SELECT * FROM `cms_news` LIMIT -5,5  

[ 2016-11-03T22:36:44+08:00 ] ::1 /mypro/cms/admin.php/admin/content/index/p/Public/js/jquery.1.10.2.js
ERR: 1064:Erreur de syntaxe près de '-5,5' à la ligne 1
 [ SQL语句 ] : SELECT * FROM `cms_news` LIMIT -5,5  

[ 2016-11-03T22:36:44+08:00 ] ::1 /mypro/cms/admin.php/admin/content/index/p/Public/js/dialog.js
ERR: 1064:Erreur de syntaxe près de '-5,5' à la ligne 1
 [ SQL语句 ] : SELECT * FROM `cms_news` LIMIT -5,5  

[ 2016-11-03T22:36:44+08:00 ] ::1 /mypro/cms/admin.php/admin/content/index/p/Public/js/admin/btnClick.js
ERR: 1064:Erreur de syntaxe près de '-5,5' à la ligne 1
 [ SQL语句 ] : SELECT * FROM `cms_news` LIMIT -5,5  

[ 2016-11-03T22:36:44+08:00 ] ::1 /mypro/cms/admin.php/admin/content/index/p/Public/js/layer.js
ERR: 1064:Erreur de syntaxe près de '-5,5' à la ligne 1
 [ SQL语句 ] : SELECT * FROM `cms_news` LIMIT -5,5  

[ 2016-11-03T23:49:27+08:00 ] ::1 /mypro/cms/admin.php?c=Content
INFO: [ app_init ] --START--
INFO: Run Behavior\BuildLiteBehavior [ RunTime:0.000039s ]
INFO: [ app_init ] --END-- [ RunTime:0.000957s ]
INFO: [ app_begin ] --START--
INFO: Run Behavior\ReadHtmlCacheBehavior [ RunTime:0.001354s ]
INFO: [ app_begin ] --END-- [ RunTime:0.001585s ]
NOTIC: [8192] mysql_connect(): The mysql extension is deprecated and will be removed in the future: use mysqli or PDO instead E:\wampserv\wamp\www\mypro\cms\ThinkPHP\Library\Think\Db\Driver\Mysql.class.php 第 52 行.
SQL: SHOW COLUMNS FROM `cms_menu` [ RunTime:0.006257s ]
SQL: SELECT * FROM `cms_menu` WHERE ( type=1 )  [ RunTime:0.000336s ]
NOTIC: [8] Undefined index: catid E:\wampserv\wamp\www\mypro\cms\Application\Admin\Controller\ContentController.class.php 第 14 行.
NOTIC: [8] Undefined index: title E:\wampserv\wamp\www\mypro\cms\Application\Admin\Controller\ContentController.class.php 第 17 行.
SQL: SHOW COLUMNS FROM `cms_news` [ RunTime:0.006772s ]
SQL: SELECT COUNT(*) AS tp_Count FROM `cms_news` LIMIT 1   [ RunTime:0.000451s ]
SQL: SELECT * FROM `cms_news` LIMIT 0,5   [ RunTime:0.000325s ]
SQL: SELECT * FROM `cms_menu` WHERE ( type=0 )  [ RunTime:0.000337s ]
INFO: [ view_parse ] --START--
INFO: [ template_filter ] --START--
INFO: Run Behavior\ContentReplaceBehavior [ RunTime:0.000089s ]
INFO: [ template_filter ] --END-- [ RunTime:0.000235s ]
INFO: Run Behavior\ParseTemplateBehavior [ RunTime:0.018126s ]
INFO: [ view_parse ] --END-- [ RunTime:0.018284s ]
INFO: [ view_filter ] --START--
INFO: Run Behavior\WriteHtmlCacheBehavior [ RunTime:0.000681s ]
INFO: [ view_filter ] --END-- [ RunTime:0.000887s ]
INFO: [ app_end ] --START--
INFO: Run Behavior\ShowPageTraceBehavior [ RunTime:0.001100s ]
INFO: [ app_end ] --END-- [ RunTime:0.001396s ]

