[ 2016-10-27T10:40:30+08:00 ] ::1 /mypro/cms/admin.php?c=login&a=checkAdmin
INFO: [ app_begin ] --START--
INFO: Run Behavior\ReadHtmlCacheBehavior [ RunTime:0.000808s ]
INFO: [ app_begin ] --END-- [ RunTime:0.002758s ]
ERR: 非法操作:checkAdmin

[ 2016-10-27T10:41:45+08:00 ] ::1 /mypro/cms/admin.php?c=login&a=checkAdmin
INFO: [ app_begin ] --START--
INFO: Run Behavior\ReadHtmlCacheBehavior [ RunTime:0.001000s ]
INFO: [ app_begin ] --END-- [ RunTime:0.001769s ]
ERR: 非法操作:checkAdmin

[ 2016-10-27T10:45:51+08:00 ] ::1 /mypro/cms/admin.php?c=login&a=check
INFO: [ app_begin ] --START--
INFO: Run Behavior\ReadHtmlCacheBehavior [ RunTime:0.000917s ]
INFO: [ app_begin ] --END-- [ RunTime:0.001772s ]
SQL: SHOW COLUMNS FROM `cms_admin` [ RunTime:0.0059s ]
NOTIC: [8] Undefined index: username E:\wampserv\wamp\www\mypro\cms\Application\Admin\Model\AdminModel.class.php 第 20 行.
NOTIC: [8] Undefined index: password E:\wampserv\wamp\www\mypro\cms\Application\Admin\Model\AdminModel.class.php 第 21 行.
SQL: SELECT * FROM `cms_admin` WHERE `username` = null AND `password` = 'd41d8cd98f00b204e9800998ecf8427e' LIMIT 1   [ RunTime:0.0005s ]
INFO: [ app_end ] --START--
INFO: Run Behavior\ShowPageTraceBehavior [ RunTime:0.000839s ]
INFO: [ app_end ] --END-- [ RunTime:0.000953s ]

[ 2016-10-27T11:08:39+08:00 ] ::1 /mypro/cms/admin.php?c=login&a=check
INFO: [ app_begin ] --START--
INFO: Run Behavior\ReadHtmlCacheBehavior [ RunTime:0.001311s ]
INFO: [ app_begin ] --END-- [ RunTime:0.002372s ]
SQL: SHOW COLUMNS FROM `cms_admin` [ RunTime:0.0053s ]
NOTIC: [8] Undefined index: username E:\wampserv\wamp\www\mypro\cms\Application\Admin\Model\AdminModel.class.php 第 20 行.
NOTIC: [8] Undefined index: password E:\wampserv\wamp\www\mypro\cms\Application\Admin\Model\AdminModel.class.php 第 21 行.
SQL: SELECT * FROM `cms_admin` WHERE `username` = null AND `password` = 'd41d8cd98f00b204e9800998ecf8427e' LIMIT 1   [ RunTime:0.0004s ]
INFO: [ app_end ] --START--
INFO: Run Behavior\ShowPageTraceBehavior [ RunTime:0.001137s ]
INFO: [ app_end ] --END-- [ RunTime:0.001332s ]

[ 2016-10-27T11:10:07+08:00 ] ::1 /mypro/cms/admin.php?c=login&a=check
INFO: [ app_begin ] --START--
INFO: Run Behavior\ReadHtmlCacheBehavior [ RunTime:0.000798s ]
INFO: [ app_begin ] --END-- [ RunTime:0.001443s ]
SQL: SHOW COLUMNS FROM `cms_admin` [ RunTime:0.0129s ]
NOTIC: [8] Undefined index: username E:\wampserv\wamp\www\mypro\cms\Application\Admin\Model\AdminModel.class.php 第 20 行.
NOTIC: [8] Undefined index: password E:\wampserv\wamp\www\mypro\cms\Application\Admin\Model\AdminModel.class.php 第 21 行.
SQL: SELECT * FROM `cms_admin` WHERE `username` = null AND `password` = 'd41d8cd98f00b204e9800998ecf8427e' LIMIT 1   [ RunTime:0.0004s ]
SQL: SELECT * FROM `cms_admin` WHERE `username` = null AND `password` = 'd41d8cd98f00b204e9800998ecf8427e' LIMIT 1   [ RunTime:0.0003s ]
INFO: [ app_end ] --START--
INFO: Run Behavior\ShowPageTraceBehavior [ RunTime:0.000814s ]
INFO: [ app_end ] --END-- [ RunTime:0.000934s ]

[ 2016-10-27T11:11:58+08:00 ] ::1 /mypro/cms/admin.php?c=login&a=check
INFO: [ app_begin ] --START--
INFO: Run Behavior\ReadHtmlCacheBehavior [ RunTime:0.000861s ]
INFO: [ app_begin ] --END-- [ RunTime:0.001616s ]
SQL: SHOW COLUMNS FROM `cms_admin` [ RunTime:0.0053s ]
NOTIC: [8] Undefined index: username E:\wampserv\wamp\www\mypro\cms\Application\Admin\Model\AdminModel.class.php 第 20 行.
NOTIC: [8] Undefined index: password E:\wampserv\wamp\www\mypro\cms\Application\Admin\Model\AdminModel.class.php 第 21 行.
SQL: SELECT * FROM `cms_admin` WHERE `username` = null AND `password` = 'd41d8cd98f00b204e9800998ecf8427e' LIMIT 1   [ RunTime:0.0003s ]
INFO: [ app_end ] --START--
INFO: Run Behavior\ShowPageTraceBehavior [ RunTime:0.000735s ]
INFO: [ app_end ] --END-- [ RunTime:0.000848s ]

[ 2016-10-27T11:13:23+08:00 ] ::1 /mypro/cms/admin.php?c=login&a=check
INFO: [ app_begin ] --START--
INFO: Run Behavior\ReadHtmlCacheBehavior [ RunTime:0.000892s ]
INFO: [ app_begin ] --END-- [ RunTime:0.001543s ]
SQL: SHOW COLUMNS FROM `cms_admin` [ RunTime:0.0047s ]
NOTIC: [8] Undefined index: username E:\wampserv\wamp\www\mypro\cms\Application\Admin\Model\AdminModel.class.php 第 20 行.
NOTIC: [8] Undefined index: password E:\wampserv\wamp\www\mypro\cms\Application\Admin\Model\AdminModel.class.php 第 21 行.
SQL: SELECT * FROM `cms_admin` WHERE `username` = null AND `password` = 'd41d8cd98f00b204e9800998ecf8427e' LIMIT 1   [ RunTime:0.0004s ]
INFO: [ app_end ] --START--
INFO: Run Behavior\ShowPageTraceBehavior [ RunTime:0.000870s ]
INFO: [ app_end ] --END-- [ RunTime:0.000988s ]

[ 2016-10-27T11:14:49+08:00 ] ::1 /mypro/cms/admin.php?c=login&a=check
INFO: [ app_begin ] --START--
INFO: Run Behavior\ReadHtmlCacheBehavior [ RunTime:0.000790s ]
INFO: [ app_begin ] --END-- [ RunTime:0.001402s ]
SQL: SHOW COLUMNS FROM `cms_admin` [ RunTime:0.0053s ]
NOTIC: [8] Undefined index: username E:\wampserv\wamp\www\mypro\cms\Application\Admin\Model\AdminModel.class.php 第 20 行.
NOTIC: [8] Undefined index: password E:\wampserv\wamp\www\mypro\cms\Application\Admin\Model\AdminModel.class.php 第 21 行.
SQL: SELECT * FROM `cms_admin` WHERE `username` = null AND `password` = 'd41d8cd98f00b204e9800998ecf8427e' LIMIT 1   [ RunTime:0.0004s ]
INFO: [ app_end ] --START--
INFO: Run Behavior\ShowPageTraceBehavior [ RunTime:0.000853s ]
INFO: [ app_end ] --END-- [ RunTime:0.000968s ]

[ 2016-10-27T11:36:09+08:00 ] ::1 /mypro/cms/admin.php?c=login&a=check
INFO: [ app_begin ] --START--
INFO: Run Behavior\ReadHtmlCacheBehavior [ RunTime:0.000731s ]
INFO: [ app_begin ] --END-- [ RunTime:0.001286s ]
SQL: SHOW COLUMNS FROM `cms_admin` [ RunTime:0.0046s ]
NOTIC: [8] Undefined index: username E:\wampserv\wamp\www\mypro\cms\Application\Admin\Model\AdminModel.class.php 第 20 行.
NOTIC: [8] Undefined index: password E:\wampserv\wamp\www\mypro\cms\Application\Admin\Model\AdminModel.class.php 第 21 行.
SQL: SELECT * FROM `cms_admin` WHERE `username` = null AND `password` = 'd41d8cd98f00b204e9800998ecf8427e' LIMIT 1   [ RunTime:0.0004s ]
INFO: [ app_end ] --START--
INFO: Run Behavior\ShowPageTraceBehavior [ RunTime:0.000875s ]
INFO: [ app_end ] --END-- [ RunTime:0.001011s ]

[ 2016-10-27T11:37:37+08:00 ] ::1 /mypro/cms/admin.php?c=login&a=check
INFO: [ app_begin ] --START--
INFO: Run Behavior\ReadHtmlCacheBehavior [ RunTime:0.001094s ]
INFO: [ app_begin ] --END-- [ RunTime:0.001804s ]
SQL: SHOW COLUMNS FROM `cms_admin` [ RunTime:0.0055s ]
NOTIC: [8] Undefined index: username E:\wampserv\wamp\www\mypro\cms\Application\Admin\Model\AdminModel.class.php 第 20 行.
NOTIC: [8] Undefined index: password E:\wampserv\wamp\www\mypro\cms\Application\Admin\Model\AdminModel.class.php 第 21 行.
SQL: SELECT * FROM `cms_admin` WHERE `username` = null AND `password` = 'd41d8cd98f00b204e9800998ecf8427e' LIMIT 1   [ RunTime:0.0004s ]
INFO: [ app_end ] --START--
INFO: Run Behavior\ShowPageTraceBehavior [ RunTime:0.000890s ]
INFO: [ app_end ] --END-- [ RunTime:0.001011s ]

[ 2016-10-27T11:38:54+08:00 ] ::1 /mypro/cms/admin.php?c=login&a=check
INFO: [ app_begin ] --START--
INFO: Run Behavior\ReadHtmlCacheBehavior [ RunTime:0.001194s ]
INFO: [ app_begin ] --END-- [ RunTime:0.002223s ]
SQL: SHOW COLUMNS FROM `cms_admin` [ RunTime:0.0049s ]
NOTIC: [8] Undefined index: username E:\wampserv\wamp\www\mypro\cms\Application\Admin\Model\AdminModel.class.php 第 20 行.
NOTIC: [8] Undefined index: password E:\wampserv\wamp\www\mypro\cms\Application\Admin\Model\AdminModel.class.php 第 21 行.
SQL: SELECT * FROM `cms_admin` WHERE `username` = null AND `password` = 'd41d8cd98f00b204e9800998ecf8427e' LIMIT 1   [ RunTime:0.0003s ]
INFO: [ app_end ] --START--
INFO: Run Behavior\ShowPageTraceBehavior [ RunTime:0.000863s ]
INFO: [ app_end ] --END-- [ RunTime:0.000984s ]

[ 2016-10-27T11:39:58+08:00 ] ::1 /mypro/cms/admin.php?c=login&a=check
INFO: [ app_begin ] --START--
INFO: Run Behavior\ReadHtmlCacheBehavior [ RunTime:0.000913s ]
INFO: [ app_begin ] --END-- [ RunTime:0.001615s ]
SQL: SHOW COLUMNS FROM `cms_admin` [ RunTime:0.0054s ]
NOTIC: [8] Undefined index: username E:\wampserv\wamp\www\mypro\cms\Application\Admin\Model\AdminModel.class.php 第 20 行.
NOTIC: [8] Undefined index: password E:\wampserv\wamp\www\mypro\cms\Application\Admin\Model\AdminModel.class.php 第 21 行.
SQL: SELECT * FROM `cms_admin` WHERE `username` = null AND `password` = 'd41d8cd98f00b204e9800998ecf8427e' LIMIT 1   [ RunTime:0.0004s ]
INFO: [ app_end ] --START--
INFO: Run Behavior\ShowPageTraceBehavior [ RunTime:0.001103s ]
INFO: [ app_end ] --END-- [ RunTime:0.001271s ]

[ 2016-10-27T11:40:56+08:00 ] ::1 /mypro/cms/admin.php?c=login&a=check
INFO: [ app_begin ] --START--
INFO: Run Behavior\ReadHtmlCacheBehavior [ RunTime:0.001528s ]
INFO: [ app_begin ] --END-- [ RunTime:0.002754s ]
SQL: SHOW COLUMNS FROM `cms_admin` [ RunTime:0.0049s ]
NOTIC: [8] Undefined index: username E:\wampserv\wamp\www\mypro\cms\Application\Admin\Model\AdminModel.class.php 第 20 行.
NOTIC: [8] Undefined index: password E:\wampserv\wamp\www\mypro\cms\Application\Admin\Model\AdminModel.class.php 第 21 行.
SQL: SELECT * FROM `cms_admin` WHERE `username` = null AND `password` = 'd41d8cd98f00b204e9800998ecf8427e' LIMIT 1   [ RunTime:0.0003s ]
INFO: [ app_end ] --START--
INFO: Run Behavior\ShowPageTraceBehavior [ RunTime:0.000804s ]
INFO: [ app_end ] --END-- [ RunTime:0.000925s ]

[ 2016-10-27T11:41:40+08:00 ] ::1 /mypro/cms/admin.php?c=login&a=check
INFO: [ app_begin ] --START--
INFO: Run Behavior\ReadHtmlCacheBehavior [ RunTime:0.000932s ]
INFO: [ app_begin ] --END-- [ RunTime:0.001781s ]
SQL: SHOW COLUMNS FROM `cms_admin` [ RunTime:0.0051s ]
NOTIC: [8] Undefined index: username E:\wampserv\wamp\www\mypro\cms\Application\Admin\Model\AdminModel.class.php 第 20 行.
NOTIC: [8] Undefined index: password E:\wampserv\wamp\www\mypro\cms\Application\Admin\Model\AdminModel.class.php 第 21 行.
SQL: SELECT * FROM `cms_admin` WHERE `username` = null AND `password` = 'd41d8cd98f00b204e9800998ecf8427e' LIMIT 1   [ RunTime:0.0003s ]
INFO: [ app_end ] --START--
INFO: Run Behavior\ShowPageTraceBehavior [ RunTime:0.000757s ]
INFO: [ app_end ] --END-- [ RunTime:0.000873s ]

[ 2016-10-27T11:42:59+08:00 ] ::1 /mypro/cms/admin.php?c=login&a=check
INFO: [ app_begin ] --START--
INFO: Run Behavior\ReadHtmlCacheBehavior [ RunTime:0.000727s ]
INFO: [ app_begin ] --END-- [ RunTime:0.001340s ]
SQL: SHOW COLUMNS FROM `cms_admin` [ RunTime:0.0046s ]
NOTIC: [8] Undefined index: username E:\wampserv\wamp\www\mypro\cms\Application\Admin\Model\AdminModel.class.php 第 20 行.
NOTIC: [8] Undefined index: password E:\wampserv\wamp\www\mypro\cms\Application\Admin\Model\AdminModel.class.php 第 21 行.
SQL: SELECT * FROM `cms_admin` WHERE `username` = null AND `password` = 'd41d8cd98f00b204e9800998ecf8427e' LIMIT 1   [ RunTime:0.0003s ]
INFO: [ app_end ] --START--
INFO: Run Behavior\ShowPageTraceBehavior [ RunTime:0.000815s ]
INFO: [ app_end ] --END-- [ RunTime:0.000932s ]

[ 2016-10-27T11:48:00+08:00 ] ::1 /mypro/cms/admin.php?c=login&a=check
INFO: [ app_begin ] --START--
INFO: Run Behavior\ReadHtmlCacheBehavior [ RunTime:0.001538s ]
INFO: [ app_begin ] --END-- [ RunTime:0.002439s ]
SQL: SHOW COLUMNS FROM `cms_admin` [ RunTime:0.0055s ]
NOTIC: [8] Undefined index: username E:\wampserv\wamp\www\mypro\cms\Application\Admin\Model\AdminModel.class.php 第 18 行.
NOTIC: [8] Undefined index: password E:\wampserv\wamp\www\mypro\cms\Application\Admin\Model\AdminModel.class.php 第 19 行.
SQL: SELECT * FROM `cms_admin` WHERE `username` = null AND `password` = 'd41d8cd98f00b204e9800998ecf8427e' LIMIT 1   [ RunTime:0.0003s ]
INFO: [ app_end ] --START--
INFO: Run Behavior\ShowPageTraceBehavior [ RunTime:0.000882s ]
INFO: [ app_end ] --END-- [ RunTime:0.001000s ]

[ 2016-10-27T11:48:27+08:00 ] ::1 /mypro/cms/admin.php?c=login&a=check
INFO: [ app_begin ] --START--
INFO: Run Behavior\ReadHtmlCacheBehavior [ RunTime:0.001268s ]
INFO: [ app_begin ] --END-- [ RunTime:0.002775s ]
SQL: SHOW COLUMNS FROM `cms_admin` [ RunTime:0.0051s ]
NOTIC: [8] Undefined index: username E:\wampserv\wamp\www\mypro\cms\Application\Admin\Model\AdminModel.class.php 第 18 行.
NOTIC: [8] Undefined index: password E:\wampserv\wamp\www\mypro\cms\Application\Admin\Model\AdminModel.class.php 第 19 行.
SQL: SELECT * FROM `cms_admin` WHERE `username` = null AND `password` = 'd41d8cd98f00b204e9800998ecf8427e' LIMIT 1   [ RunTime:0.0003s ]
INFO: [ app_end ] --START--
INFO: Run Behavior\ShowPageTraceBehavior [ RunTime:0.000984s ]
INFO: [ app_end ] --END-- [ RunTime:0.001105s ]

[ 2016-10-27T11:48:30+08:00 ] ::1 /mypro/cms/admin.php?c=login&a=check
INFO: [ app_begin ] --START--
INFO: Run Behavior\ReadHtmlCacheBehavior [ RunTime:0.001161s ]
INFO: [ app_begin ] --END-- [ RunTime:0.002205s ]
SQL: SHOW COLUMNS FROM `cms_admin` [ RunTime:0.0048s ]
NOTIC: [8] Undefined index: username E:\wampserv\wamp\www\mypro\cms\Application\Admin\Model\AdminModel.class.php 第 18 行.
NOTIC: [8] Undefined index: password E:\wampserv\wamp\www\mypro\cms\Application\Admin\Model\AdminModel.class.php 第 19 行.
SQL: SELECT * FROM `cms_admin` WHERE `username` = null AND `password` = 'd41d8cd98f00b204e9800998ecf8427e' LIMIT 1   [ RunTime:0.0003s ]
INFO: [ app_end ] --START--
INFO: Run Behavior\ShowPageTraceBehavior [ RunTime:0.000998s ]
INFO: [ app_end ] --END-- [ RunTime:0.001187s ]

[ 2016-10-27T11:48:31+08:00 ] ::1 /mypro/cms/admin.php?c=login&a=check
INFO: [ app_begin ] --START--
INFO: Run Behavior\ReadHtmlCacheBehavior [ RunTime:0.001985s ]
INFO: [ app_begin ] --END-- [ RunTime:0.003183s ]
SQL: SHOW COLUMNS FROM `cms_admin` [ RunTime:0.0046s ]
NOTIC: [8] Undefined index: username E:\wampserv\wamp\www\mypro\cms\Application\Admin\Model\AdminModel.class.php 第 18 行.
NOTIC: [8] Undefined index: password E:\wampserv\wamp\www\mypro\cms\Application\Admin\Model\AdminModel.class.php 第 19 行.
SQL: SELECT * FROM `cms_admin` WHERE `username` = null AND `password` = 'd41d8cd98f00b204e9800998ecf8427e' LIMIT 1   [ RunTime:0.0003s ]
INFO: [ app_end ] --START--
INFO: Run Behavior\ShowPageTraceBehavior [ RunTime:0.001015s ]
INFO: [ app_end ] --END-- [ RunTime:0.001163s ]

[ 2016-10-27T11:50:04+08:00 ] ::1 /mypro/cms/admin.php?c=login&a=check
INFO: [ app_begin ] --START--
INFO: Run Behavior\ReadHtmlCacheBehavior [ RunTime:0.000941s ]
INFO: [ app_begin ] --END-- [ RunTime:0.001550s ]
SQL: SHOW COLUMNS FROM `cms_admin` [ RunTime:0.0048s ]
NOTIC: [8] Undefined index: username E:\wampserv\wamp\www\mypro\cms\Application\Admin\Model\AdminModel.class.php 第 17 行.
NOTIC: [8] Undefined index: password E:\wampserv\wamp\www\mypro\cms\Application\Admin\Model\AdminModel.class.php 第 18 行.
SQL: SELECT * FROM `cms_admin` WHERE `username` = null AND `password` = 'd41d8cd98f00b204e9800998ecf8427e' LIMIT 1   [ RunTime:0.0005s ]
INFO: [ app_end ] --START--
INFO: Run Behavior\ShowPageTraceBehavior [ RunTime:0.001014s ]
INFO: [ app_end ] --END-- [ RunTime:0.001193s ]

[ 2016-10-27T11:50:46+08:00 ] ::1 /mypro/cms/admin.php?c=login&a=check
INFO: [ app_begin ] --START--
INFO: Run Behavior\ReadHtmlCacheBehavior [ RunTime:0.001406s ]
INFO: [ app_begin ] --END-- [ RunTime:0.002794s ]
SQL: SHOW COLUMNS FROM `cms_admin` [ RunTime:0.0055s ]
NOTIC: [8] Undefined index: username E:\wampserv\wamp\www\mypro\cms\Application\Admin\Model\AdminModel.class.php 第 17 行.
NOTIC: [8] Undefined index: password E:\wampserv\wamp\www\mypro\cms\Application\Admin\Model\AdminModel.class.php 第 18 行.
SQL: SELECT * FROM `cms_admin` WHERE `username` = null AND `password` = 'd41d8cd98f00b204e9800998ecf8427e' LIMIT 1   [ RunTime:0.0005s ]
INFO: [ app_end ] --START--
INFO: Run Behavior\ShowPageTraceBehavior [ RunTime:0.000916s ]
INFO: [ app_end ] --END-- [ RunTime:0.001031s ]

[ 2016-10-27T11:54:56+08:00 ] ::1 /mypro/cms/admin.php?c=login&a=check
INFO: [ app_begin ] --START--
INFO: Run Behavior\ReadHtmlCacheBehavior [ RunTime:0.001213s ]
INFO: [ app_begin ] --END-- [ RunTime:0.002172s ]
SQL: SHOW COLUMNS FROM `cms_admin` [ RunTime:0.0051s ]
NOTIC: [8] Undefined index: username E:\wampserv\wamp\www\mypro\cms\Application\Admin\Model\AdminModel.class.php 第 17 行.
NOTIC: [8] Undefined index: password E:\wampserv\wamp\www\mypro\cms\Application\Admin\Model\AdminModel.class.php 第 18 行.
SQL: SELECT * FROM `cms_admin` WHERE `username` = null AND `password` = 'd41d8cd98f00b204e9800998ecf8427e'  [ RunTime:0.0003s ]
INFO: [ app_end ] --START--
INFO: Run Behavior\ShowPageTraceBehavior [ RunTime:0.000864s ]
INFO: [ app_end ] --END-- [ RunTime:0.000981s ]

[ 2016-10-27T11:55:26+08:00 ] ::1 /mypro/cms/admin.php?c=login&a=check
INFO: [ app_begin ] --START--
INFO: Run Behavior\ReadHtmlCacheBehavior [ RunTime:0.001852s ]
INFO: [ app_begin ] --END-- [ RunTime:0.002576s ]
SQL: SHOW COLUMNS FROM `cms_admin` [ RunTime:0.2048s ]
NOTIC: [8] Undefined index: username E:\wampserv\wamp\www\mypro\cms\Application\Admin\Model\AdminModel.class.php 第 17 行.
NOTIC: [8] Undefined index: password E:\wampserv\wamp\www\mypro\cms\Application\Admin\Model\AdminModel.class.php 第 18 行.
SQL: SELECT * FROM `cms_admin` WHERE `username` = null AND `password` = 'd41d8cd98f00b204e9800998ecf8427e'  [ RunTime:0.0004s ]
INFO: [ app_end ] --START--
INFO: Run Behavior\ShowPageTraceBehavior [ RunTime:0.000936s ]
INFO: [ app_end ] --END-- [ RunTime:0.001051s ]

[ 2016-10-27T11:57:16+08:00 ] ::1 /mypro/cms/admin.php?c=login&a=check
INFO: [ app_begin ] --START--
INFO: Run Behavior\ReadHtmlCacheBehavior [ RunTime:0.001513s ]
INFO: [ app_begin ] --END-- [ RunTime:0.002715s ]
SQL: SHOW COLUMNS FROM `cms_admin` [ RunTime:0.0045s ]
NOTIC: [8] Undefined index: username E:\wampserv\wamp\www\mypro\cms\Application\Admin\Model\AdminModel.class.php 第 17 行.
NOTIC: [8] Undefined index: password E:\wampserv\wamp\www\mypro\cms\Application\Admin\Model\AdminModel.class.php 第 18 行.
SQL: SELECT * FROM `cms_admin`  [ RunTime:0.0003s ]
INFO: [ app_end ] --START--
INFO: Run Behavior\ShowPageTraceBehavior [ RunTime:0.000849s ]
INFO: [ app_end ] --END-- [ RunTime:0.000966s ]

[ 2016-10-27T12:00:38+08:00 ] ::1 /mypro/cms/admin.php?c=login&a=check
INFO: [ app_begin ] --START--
INFO: Run Behavior\ReadHtmlCacheBehavior [ RunTime:0.000958s ]
INFO: [ app_begin ] --END-- [ RunTime:0.001882s ]
SQL: SHOW COLUMNS FROM `cms_admin` [ RunTime:0.0068s ]
NOTIC: [8] Undefined index: username E:\wampserv\wamp\www\mypro\cms\Application\Admin\Model\AdminModel.class.php 第 17 行.
NOTIC: [8] Undefined index: password E:\wampserv\wamp\www\mypro\cms\Application\Admin\Model\AdminModel.class.php 第 18 行.
SQL: SELECT * FROM `cms_admin` WHERE `username` = null AND `password` = 'd41d8cd98f00b204e9800998ecf8427e'  [ RunTime:0.0004s ]
INFO: [ app_end ] --START--
INFO: Run Behavior\ShowPageTraceBehavior [ RunTime:0.000932s ]
INFO: [ app_end ] --END-- [ RunTime:0.001082s ]

[ 2016-10-27T12:01:12+08:00 ] ::1 /mypro/cms/admin.php?c=login&a=check
INFO: [ app_begin ] --START--
INFO: Run Behavior\ReadHtmlCacheBehavior [ RunTime:0.001641s ]
INFO: [ app_begin ] --END-- [ RunTime:0.002889s ]
SQL: SHOW COLUMNS FROM `cms_admin` [ RunTime:0.0050s ]
NOTIC: [8] Undefined index: username E:\wampserv\wamp\www\mypro\cms\Application\Admin\Model\AdminModel.class.php 第 17 行.
NOTIC: [8] Undefined index: password E:\wampserv\wamp\www\mypro\cms\Application\Admin\Model\AdminModel.class.php 第 18 行.
SQL: SELECT * FROM `cms_admin` WHERE `username` = null AND `password` = 'd41d8cd98f00b204e9800998ecf8427e'  [ RunTime:0.0004s ]
INFO: [ app_end ] --START--
INFO: Run Behavior\ShowPageTraceBehavior [ RunTime:0.000973s ]
INFO: [ app_end ] --END-- [ RunTime:0.001119s ]

[ 2016-10-27T12:01:35+08:00 ] ::1 /mypro/cms/admin.php?c=login&a=check
INFO: [ app_begin ] --START--
INFO: Run Behavior\ReadHtmlCacheBehavior [ RunTime:0.000716s ]
INFO: [ app_begin ] --END-- [ RunTime:0.001244s ]
SQL: SHOW COLUMNS FROM `cms_admin` [ RunTime:0.0081s ]
NOTIC: [8] Undefined index: username E:\wampserv\wamp\www\mypro\cms\Application\Admin\Model\AdminModel.class.php 第 17 行.
NOTIC: [8] Undefined index: password E:\wampserv\wamp\www\mypro\cms\Application\Admin\Model\AdminModel.class.php 第 18 行.
SQL: SELECT * FROM `cms_admin` WHERE `username` = null AND `password` = 'd41d8cd98f00b204e9800998ecf8427e'  [ RunTime:0.0012s ]
INFO: [ app_end ] --START--
INFO: Run Behavior\ShowPageTraceBehavior [ RunTime:0.002168s ]
INFO: [ app_end ] --END-- [ RunTime:0.002398s ]

[ 2016-10-27T12:02:20+08:00 ] ::1 /mypro/cms/admin.php?c=login&a=check
INFO: [ app_begin ] --START--
INFO: Run Behavior\ReadHtmlCacheBehavior [ RunTime:0.001459s ]
INFO: [ app_begin ] --END-- [ RunTime:0.002468s ]
SQL: SHOW COLUMNS FROM `cms_admin` [ RunTime:0.0058s ]
NOTIC: [8] Undefined index: username E:\wampserv\wamp\www\mypro\cms\Application\Admin\Model\AdminModel.class.php 第 17 行.
NOTIC: [8] Undefined index: password E:\wampserv\wamp\www\mypro\cms\Application\Admin\Model\AdminModel.class.php 第 18 行.
SQL: SELECT * FROM `cms_admin` WHERE `username` = null AND `password` = 'd41d8cd98f00b204e9800998ecf8427e'  [ RunTime:0.0004s ]
INFO: [ app_end ] --START--
INFO: Run Behavior\ShowPageTraceBehavior [ RunTime:0.001320s ]
INFO: [ app_end ] --END-- [ RunTime:0.001564s ]

[ 2016-10-27T12:02:48+08:00 ] ::1 /mypro/cms/admin.php?c=login&a=check
INFO: [ app_begin ] --START--
INFO: Run Behavior\ReadHtmlCacheBehavior [ RunTime:0.001077s ]
INFO: [ app_begin ] --END-- [ RunTime:0.001842s ]
SQL: SHOW COLUMNS FROM `cms_admin` [ RunTime:0.0049s ]
NOTIC: [8] Undefined index: username E:\wampserv\wamp\www\mypro\cms\Application\Admin\Model\AdminModel.class.php 第 17 行.
NOTIC: [8] Undefined index: password E:\wampserv\wamp\www\mypro\cms\Application\Admin\Model\AdminModel.class.php 第 18 行.
SQL: SELECT * FROM `cms_admin` WHERE `username` = null AND `password` = 'd41d8cd98f00b204e9800998ecf8427e'  [ RunTime:0.0003s ]
INFO: [ app_end ] --START--
INFO: Run Behavior\ShowPageTraceBehavior [ RunTime:0.000848s ]
INFO: [ app_end ] --END-- [ RunTime:0.000998s ]

[ 2016-10-27T12:03:35+08:00 ] ::1 /mypro/cms/admin.php?c=login&a=check
INFO: [ app_begin ] --START--
INFO: Run Behavior\ReadHtmlCacheBehavior [ RunTime:0.001723s ]
INFO: [ app_begin ] --END-- [ RunTime:0.002881s ]
SQL: SHOW COLUMNS FROM `cms_admin` [ RunTime:0.0055s ]
NOTIC: [8] Undefined index: username E:\wampserv\wamp\www\mypro\cms\Application\Admin\Model\AdminModel.class.php 第 17 行.
NOTIC: [8] Undefined index: password E:\wampserv\wamp\www\mypro\cms\Application\Admin\Model\AdminModel.class.php 第 18 行.
SQL: SELECT * FROM `cms_admin` WHERE `username` = null AND `password` = 'd41d8cd98f00b204e9800998ecf8427e'  [ RunTime:0.0004s ]
INFO: [ app_end ] --START--
INFO: Run Behavior\ShowPageTraceBehavior [ RunTime:0.001088s ]
INFO: [ app_end ] --END-- [ RunTime:0.001244s ]

[ 2016-10-27T12:03:50+08:00 ] ::1 /mypro/cms/admin.php?c=login&a=check
INFO: [ app_begin ] --START--
INFO: Run Behavior\ReadHtmlCacheBehavior [ RunTime:0.001861s ]
INFO: [ app_begin ] --END-- [ RunTime:0.003418s ]
SQL: SHOW COLUMNS FROM `cms_admin` [ RunTime:0.0055s ]
NOTIC: [8] Undefined index: username E:\wampserv\wamp\www\mypro\cms\Application\Admin\Model\AdminModel.class.php 第 17 行.
NOTIC: [8] Undefined index: password E:\wampserv\wamp\www\mypro\cms\Application\Admin\Model\AdminModel.class.php 第 18 行.
SQL: SELECT * FROM `cms_admin` WHERE `username` = null AND `password` = 'd41d8cd98f00b204e9800998ecf8427e'  [ RunTime:0.0003s ]
INFO: [ app_end ] --START--
INFO: Run Behavior\ShowPageTraceBehavior [ RunTime:0.001019s ]
INFO: [ app_end ] --END-- [ RunTime:0.001240s ]

[ 2016-10-27T12:05:35+08:00 ] ::1 /mypro/cms/admin.php?c=login&a=check
INFO: [ app_begin ] --START--
INFO: Run Behavior\ReadHtmlCacheBehavior [ RunTime:0.001106s ]
INFO: [ app_begin ] --END-- [ RunTime:0.002019s ]
SQL: SHOW COLUMNS FROM `cms_admin` [ RunTime:0.0609s ]
NOTIC: [8] Undefined index: username E:\wampserv\wamp\www\mypro\cms\Application\Admin\Model\AdminModel.class.php 第 17 行.
NOTIC: [8] Undefined index: password E:\wampserv\wamp\www\mypro\cms\Application\Admin\Model\AdminModel.class.php 第 18 行.
SQL: SELECT * FROM `cms_admin` WHERE `username` = null AND `password` = 'd41d8cd98f00b204e9800998ecf8427e'  [ RunTime:0.0003s ]
INFO: [ app_end ] --START--
INFO: Run Behavior\ShowPageTraceBehavior [ RunTime:0.000971s ]
INFO: [ app_end ] --END-- [ RunTime:0.001100s ]

[ 2016-10-27T12:06:56+08:00 ] ::1 /mypro/cms/admin.php?c=login&a=check
INFO: [ app_begin ] --START--
INFO: Run Behavior\ReadHtmlCacheBehavior [ RunTime:0.001579s ]
INFO: [ app_begin ] --END-- [ RunTime:0.003030s ]
SQL: SHOW COLUMNS FROM `cms_admin` [ RunTime:0.0050s ]
NOTIC: [8] Undefined index: username E:\wampserv\wamp\www\mypro\cms\Application\Admin\Model\AdminModel.class.php 第 17 行.
NOTIC: [8] Undefined index: password E:\wampserv\wamp\www\mypro\cms\Application\Admin\Model\AdminModel.class.php 第 18 行.
SQL: SELECT * FROM `cms_admin` WHERE `username` = null AND `password` = 'd41d8cd98f00b204e9800998ecf8427e'  [ RunTime:0.0004s ]
INFO: [ app_end ] --START--
INFO: Run Behavior\ShowPageTraceBehavior [ RunTime:0.000931s ]
INFO: [ app_end ] --END-- [ RunTime:0.001095s ]

[ 2016-10-27T12:10:26+08:00 ] ::1 /mypro/cms/admin.php?c=login&a=check
INFO: [ app_begin ] --START--
INFO: Run Behavior\ReadHtmlCacheBehavior [ RunTime:0.000728s ]
INFO: [ app_begin ] --END-- [ RunTime:0.001321s ]
SQL: SHOW COLUMNS FROM `cms_admin` [ RunTime:0.0049s ]
NOTIC: [8] Undefined index: username E:\wampserv\wamp\www\mypro\cms\Application\Admin\Model\AdminModel.class.php 第 17 行.
NOTIC: [8] Undefined index: password E:\wampserv\wamp\www\mypro\cms\Application\Admin\Model\AdminModel.class.php 第 18 行.
SQL: SELECT * FROM `cms_admin` WHERE `username` = null AND `password` = 'd41d8cd98f00b204e9800998ecf8427e'  [ RunTime:0.0004s ]
INFO: [ app_end ] --START--
INFO: Run Behavior\ShowPageTraceBehavior [ RunTime:0.000884s ]
INFO: [ app_end ] --END-- [ RunTime:0.001002s ]

[ 2016-10-27T12:11:07+08:00 ] ::1 /mypro/cms/admin.php?c=login&a=check
INFO: [ app_begin ] --START--
INFO: Run Behavior\ReadHtmlCacheBehavior [ RunTime:0.000945s ]
INFO: [ app_begin ] --END-- [ RunTime:0.001852s ]
SQL: SHOW COLUMNS FROM `cms_admin` [ RunTime:0.0077s ]
NOTIC: [8] Undefined index: username E:\wampserv\wamp\www\mypro\cms\Application\Admin\Model\AdminModel.class.php 第 17 行.
NOTIC: [8] Undefined index: password E:\wampserv\wamp\www\mypro\cms\Application\Admin\Model\AdminModel.class.php 第 18 行.
SQL: SELECT * FROM `cms_admin` WHERE `username` = null AND `password` = null  [ RunTime:0.0004s ]
INFO: [ app_end ] --START--
INFO: Run Behavior\ShowPageTraceBehavior [ RunTime:0.000974s ]
INFO: [ app_end ] --END-- [ RunTime:0.001095s ]

[ 2016-10-27T12:14:46+08:00 ] ::1 /mypro/cms/admin.php?c=login&a=check
INFO: [ app_begin ] --START--
INFO: Run Behavior\ReadHtmlCacheBehavior [ RunTime:0.001128s ]
INFO: [ app_begin ] --END-- [ RunTime:0.001840s ]
SQL: SHOW COLUMNS FROM `cms_admin` [ RunTime:0.0056s ]
SQL: SELECT * FROM `cms_admin` WHERE `username` = 'admin' AND `password` = '123456'  [ RunTime:0.0004s ]
INFO: [ app_end ] --START--
INFO: Run Behavior\ShowPageTraceBehavior [ RunTime:0.000909s ]
INFO: [ app_end ] --END-- [ RunTime:0.001030s ]

[ 2016-10-27T12:15:43+08:00 ] ::1 /mypro/cms/admin.php?c=login&a=check
INFO: [ app_begin ] --START--
INFO: Run Behavior\ReadHtmlCacheBehavior [ RunTime:0.001517s ]
INFO: [ app_begin ] --END-- [ RunTime:0.002355s ]
SQL: SHOW COLUMNS FROM `cms_admin` [ RunTime:0.0045s ]
SQL: SELECT * FROM `cms_admin` WHERE `username` = 'admin' AND `password` = 'e10adc3949ba59abbe56e057f20f883e'  [ RunTime:0.0004s ]
INFO: [ app_end ] --START--
INFO: Run Behavior\ShowPageTraceBehavior [ RunTime:0.001229s ]
INFO: [ app_end ] --END-- [ RunTime:0.001349s ]

[ 2016-10-27T12:16:37+08:00 ] ::1 /mypro/cms/admin.php?c=login&a=check
INFO: [ app_begin ] --START--
INFO: Run Behavior\ReadHtmlCacheBehavior [ RunTime:0.001765s ]
INFO: [ app_begin ] --END-- [ RunTime:0.003187s ]
SQL: SHOW COLUMNS FROM `cms_admin` [ RunTime:0.0051s ]
SQL: SELECT * FROM `cms_admin` WHERE `username` = 'admin' AND `password` = 'e10adc3949ba59abbe56e057f20f883e' LIMIT 1   [ RunTime:0.0004s ]
INFO: [ app_end ] --START--
INFO: Run Behavior\ShowPageTraceBehavior [ RunTime:0.001024s ]
INFO: [ app_end ] --END-- [ RunTime:0.001145s ]

[ 2016-10-27T12:19:14+08:00 ] ::1 /mypro/cms/admin.php?c=login&a=check
INFO: [ app_begin ] --START--
INFO: Run Behavior\ReadHtmlCacheBehavior [ RunTime:0.001519s ]
INFO: [ app_begin ] --END-- [ RunTime:0.002576s ]
SQL: SHOW COLUMNS FROM `cms_admin` [ RunTime:0.0055s ]
SQL: SELECT * FROM `cms_admin` WHERE `username` = 'admin' AND `password` = 'e10adc3949ba59abbe56e057f20f883e' LIMIT 1   [ RunTime:0.0003s ]
INFO: [ app_end ] --START--
INFO: Run Behavior\ShowPageTraceBehavior [ RunTime:0.000890s ]
INFO: [ app_end ] --END-- [ RunTime:0.001031s ]

[ 2016-10-27T12:20:22+08:00 ] ::1 /mypro/cms/admin.php?c=login&a=check
INFO: [ app_begin ] --START--
INFO: Run Behavior\ReadHtmlCacheBehavior [ RunTime:0.000699s ]
INFO: [ app_begin ] --END-- [ RunTime:0.001218s ]
SQL: SHOW COLUMNS FROM `cms_admin` [ RunTime:0.0047s ]
SQL: SELECT * FROM `cms_admin` WHERE `username` = 'admin' AND `password` = 'e10adc3949ba59abbe56e057f20f883e' LIMIT 1   [ RunTime:0.0003s ]
INFO: [ app_end ] --START--
INFO: Run Behavior\ShowPageTraceBehavior [ RunTime:0.000852s ]
INFO: [ app_end ] --END-- [ RunTime:0.000970s ]

[ 2016-10-27T12:22:43+08:00 ] ::1 /mypro/cms/admin.php?c=login&a=check
INFO: [ app_begin ] --START--
INFO: Run Behavior\ReadHtmlCacheBehavior [ RunTime:0.000730s ]
INFO: [ app_begin ] --END-- [ RunTime:0.001387s ]
SQL: SHOW COLUMNS FROM `cms_admin` [ RunTime:0.0064s ]
SQL: SELECT * FROM `cms_admin` WHERE `username` = 'admin' AND `password` = 'e10adc3949ba59abbe56e057f20f883e' LIMIT 1   [ RunTime:0.0004s ]
INFO: [ app_end ] --START--
INFO: Run Behavior\ShowPageTraceBehavior [ RunTime:0.000989s ]
INFO: [ app_end ] --END-- [ RunTime:0.001127s ]

[ 2016-10-27T12:24:05+08:00 ] ::1 /mypro/cms/admin.php?c=login&a=check
INFO: [ app_begin ] --START--
INFO: Run Behavior\ReadHtmlCacheBehavior [ RunTime:0.001477s ]
INFO: [ app_begin ] --END-- [ RunTime:0.002557s ]
SQL: SHOW COLUMNS FROM `cms_admin` [ RunTime:0.0049s ]
SQL: SELECT * FROM `cms_admin` WHERE `username` = 'admin' AND `password` = 'e10adc3949ba59abbe56e057f20f883e' LIMIT 1   [ RunTime:0.0004s ]
INFO: [ app_end ] --START--
INFO: Run Behavior\ShowPageTraceBehavior [ RunTime:0.000912s ]
INFO: [ app_end ] --END-- [ RunTime:0.001035s ]

[ 2016-10-27T12:27:04+08:00 ] ::1 /mypro/cms/admin.php?c=login&a=check
INFO: [ app_begin ] --START--
INFO: Run Behavior\ReadHtmlCacheBehavior [ RunTime:0.000816s ]
INFO: [ app_begin ] --END-- [ RunTime:0.001463s ]
SQL: SHOW COLUMNS FROM `cms_admin` [ RunTime:0.0048s ]
SQL: SELECT * FROM `cms_admin` WHERE `username` = 'admin' AND `password` = 'e10adc3949ba59abbe56e057f20f883e' LIMIT 1   [ RunTime:0.0004s ]
INFO: [ app_end ] --START--
INFO: Run Behavior\ShowPageTraceBehavior [ RunTime:0.000901s ]
INFO: [ app_end ] --END-- [ RunTime:0.001045s ]

[ 2016-10-27T12:35:59+08:00 ] ::1 /mypro/cms/admin.php?c=login&a=check
INFO: [ app_begin ] --START--
INFO: Run Behavior\ReadHtmlCacheBehavior [ RunTime:0.000829s ]
INFO: [ app_begin ] --END-- [ RunTime:0.001678s ]
SQL: SHOW COLUMNS FROM `cms_admin` [ RunTime:0.0054s ]
SQL: SELECT * FROM `cms_admin` WHERE `username` = 'admin' AND `password` = 'e10adc3949ba59abbe56e057f20f883e' LIMIT 1   [ RunTime:0.0003s ]
INFO: [ app_end ] --START--
INFO: Run Behavior\ShowPageTraceBehavior [ RunTime:0.000811s ]
INFO: [ app_end ] --END-- [ RunTime:0.000926s ]

[ 2016-10-27T13:22:45+08:00 ] ::1 /mypro/cms/admin.php?c=login&a=check
INFO: [ app_begin ] --START--
INFO: Run Behavior\ReadHtmlCacheBehavior [ RunTime:0.000866s ]
INFO: [ app_begin ] --END-- [ RunTime:0.001619s ]
SQL: SHOW COLUMNS FROM `cms_admin` [ RunTime:0.0058s ]
SQL: SELECT * FROM `cms_admin` WHERE `username` = 'admin' AND `password` = 'e10adc3949ba59abbe56e057f20f883e' LIMIT 1   [ RunTime:0.0005s ]
INFO: [ app_end ] --START--
INFO: Run Behavior\ShowPageTraceBehavior [ RunTime:0.000856s ]
INFO: [ app_end ] --END-- [ RunTime:0.000966s ]

[ 2016-10-27T13:24:48+08:00 ] ::1 /mypro/cms/admin.php?c=login&a=check
INFO: [ app_begin ] --START--
INFO: Run Behavior\ReadHtmlCacheBehavior [ RunTime:0.000797s ]
INFO: [ app_begin ] --END-- [ RunTime:0.001463s ]
SQL: SHOW COLUMNS FROM `cms_admin` [ RunTime:0.0050s ]
SQL: SELECT * FROM `cms_admin` WHERE `username` = 'admin' AND `password` = 'e10adc3949ba59abbe56e057f20f883e' LIMIT 1   [ RunTime:0.0003s ]
INFO: [ app_end ] --START--
INFO: Run Behavior\ShowPageTraceBehavior [ RunTime:0.000827s ]
INFO: [ app_end ] --END-- [ RunTime:0.000946s ]

[ 2016-10-27T13:54:33+08:00 ] ::1 /mypro/cms/admin.php?c=login&a=check
INFO: [ app_begin ] --START--
INFO: Run Behavior\ReadHtmlCacheBehavior [ RunTime:0.000700s ]
INFO: [ app_begin ] --END-- [ RunTime:0.001325s ]
SQL: SHOW COLUMNS FROM `cms_admin` [ RunTime:0.0056s ]
SQL: SELECT * FROM `cms_admin` WHERE `username` = 'admin' AND `password` = 'e10adc3949ba59abbe56e057f20f883e' LIMIT 1   [ RunTime:0.0004s ]
INFO: [ app_end ] --START--
INFO: Run Behavior\ShowPageTraceBehavior [ RunTime:0.000846s ]
INFO: [ app_end ] --END-- [ RunTime:0.000979s ]

[ 2016-10-27T21:38:28+08:00 ] ::1 /mypro/cms/admin.php?c=login&a=check
INFO: [ app_begin ] --START--
INFO: Run Behavior\ReadHtmlCacheBehavior [ RunTime:0.000647s ]
INFO: [ app_begin ] --END-- [ RunTime:0.001194s ]
SQL: SHOW COLUMNS FROM `cms_admin` [ RunTime:0.0531s ]
SQL: SELECT * FROM `cms_admin` WHERE `username` = 'admin' AND `password` = 'e10adc3949ba59abbe56e057f20f883e' LIMIT 1   [ RunTime:0.0093s ]
INFO: [ app_end ] --START--
INFO: Run Behavior\ShowPageTraceBehavior [ RunTime:0.000844s ]
INFO: [ app_end ] --END-- [ RunTime:0.001002s ]

