[ 2016-11-10T13:23:02+08:00 ] ::1 /mypro/cms/admin.php?c=Position&a=push
ERR: 1064:Erreur de syntaxe près de ')' à la ligne 1
 [ SQL语句 ] : SELECT * FROM `cms_position_content` WHERE ( news_id= ) 

[ 2016-11-10T13:23:02+08:00 ] ::1 /mypro/cms/admin.php?c=Position&a=push
ERR: 1064:Erreur de syntaxe près de ')' à la ligne 1
 [ SQL语句 ] : SELECT * FROM `cms_position_content` WHERE ( news_id= ) 

[ 2016-11-10T13:23:02+08:00 ] ::1 /mypro/cms/admin.php?c=Position&a=push
ERR: 1064:Erreur de syntaxe près de ')' à la ligne 1
 [ SQL语句 ] : SELECT * FROM `cms_position_content` WHERE ( news_id= ) 

[ 2016-11-10T13:31:40+08:00 ] ::1 /mypro/cms/admin.php?c=Position&a=push
ERR: 1064:Erreur de syntaxe près de ')' à la ligne 1
 [ SQL语句 ] : SELECT * FROM `cms_position_content` WHERE ( news_id= ) 
ERR: 1064:Erreur de syntaxe près de ')' à la ligne 1
 [ SQL语句 ] : SELECT * FROM `cms_position_content` WHERE ( news_id= ) 

[ 2016-11-10T13:31:40+08:00 ] ::1 /mypro/cms/admin.php?c=Position&a=push
ERR: 1064:Erreur de syntaxe près de ')' à la ligne 1
 [ SQL语句 ] : SELECT * FROM `cms_position_content` WHERE ( news_id= ) 
ERR: 1064:Erreur de syntaxe près de ')' à la ligne 1
 [ SQL语句 ] : SELECT * FROM `cms_position_content` WHERE ( news_id= ) 

[ 2016-11-10T13:31:40+08:00 ] ::1 /mypro/cms/admin.php?c=Position&a=push
ERR: 1064:Erreur de syntaxe près de ')' à la ligne 1
 [ SQL语句 ] : SELECT * FROM `cms_position_content` WHERE ( news_id= ) 
ERR: 1064:Erreur de syntaxe près de ')' à la ligne 1
 [ SQL语句 ] : SELECT * FROM `cms_position_content` WHERE ( news_id= ) 

[ 2016-11-10T13:33:56+08:00 ] ::1 /mypro/cms/admin.php?c=Position&a=push
ERR: 1064:Erreur de syntaxe près de ')' à la ligne 1
 [ SQL语句 ] : SELECT * FROM `cms_position_content` WHERE ( news_id= ) 
ERR: 1064:Erreur de syntaxe près de ')' à la ligne 1
 [ SQL语句 ] : SELECT * FROM `cms_position_content` WHERE ( news_id= ) 

[ 2016-11-10T13:33:59+08:00 ] ::1 /mypro/cms/admin.php?c=Position&a=push
ERR: 1064:Erreur de syntaxe près de ')' à la ligne 1
 [ SQL语句 ] : SELECT * FROM `cms_position_content` WHERE ( news_id= ) 
ERR: 1064:Erreur de syntaxe près de ')' à la ligne 1
 [ SQL语句 ] : SELECT * FROM `cms_position_content` WHERE ( news_id= ) 

[ 2016-11-10T13:34:35+08:00 ] ::1 /mypro/cms/admin.php?c=Position&a=push
ERR: 1064:Erreur de syntaxe près de ')' à la ligne 1
 [ SQL语句 ] : SELECT * FROM `cms_position_content` WHERE ( news_id= ) 
ERR: 1064:Erreur de syntaxe près de ')' à la ligne 1
 [ SQL语句 ] : SELECT * FROM `cms_position_content` WHERE ( news_id= ) 

[ 2016-11-10T13:37:23+08:00 ] ::1 /mypro/cms/admin.php?c=Position&a=push
ERR: 1064:Erreur de syntaxe près de ')' à la ligne 1
 [ SQL语句 ] : SELECT * FROM `cms_position_content` WHERE ( news_id= ) 

[ 2016-11-10T15:33:24+08:00 ] ::1 /mypro/cms/admin.php?c=Position&a=edit&id=
ERR: 非法操作:edit

[ 2016-11-10T15:33:27+08:00 ] ::1 /mypro/cms/admin.php?c=Position&a=edit&id=
ERR: 非法操作:edit

[ 2016-11-10T15:35:07+08:00 ] ::1 /mypro/cms/admin.php?c=Position&a=push
ERR: 1064:Erreur de syntaxe près de ')' à la ligne 1
 [ SQL语句 ] : SELECT * FROM `cms_position_content` WHERE ( news_id= ) 

[ 2016-11-10T15:35:07+08:00 ] ::1 /mypro/cms/admin.php?c=Position&a=push
ERR: 1064:Erreur de syntaxe près de ')' à la ligne 1
 [ SQL语句 ] : SELECT * FROM `cms_position_content` WHERE ( news_id= ) 

[ 2016-11-10T20:46:57+08:00 ] ::1 /mypro/cms/admin.php?c=Position&a=push
ERR: 1064:Erreur de syntaxe près de ')' à la ligne 1
 [ SQL语句 ] : SELECT * FROM `cms_position_content` WHERE ( news_id= ) 

[ 2016-11-10T20:53:20+08:00 ] ::1 /mypro/cms/admin.php?c=Position&a=push
ERR: 1064:Erreur de syntaxe près de ')' à la ligne 1
 [ SQL语句 ] : SELECT * FROM `cms_position_content` WHERE ( news_id= ) 

[ 2016-11-10T20:53:32+08:00 ] ::1 /mypro/cms/admin.php?c=Position&a=push
ERR: 1064:Erreur de syntaxe près de ')' à la ligne 1
 [ SQL语句 ] : SELECT * FROM `cms_position_content` WHERE ( news_id= ) 

[ 2016-11-10T21:24:15+08:00 ] ::1 /mypro/cms/admin.php?c=Position&a=push
ERR: 1064:Erreur de syntaxe près de ')' à la ligne 1
 [ SQL语句 ] : SELECT * FROM `cms_position_content` WHERE ( news_id= ) 
ERR: 1064:Erreur de syntaxe près de ')' à la ligne 1
 [ SQL语句 ] : SELECT * FROM `cms_position_content` WHERE ( news_id= ) 

[ 2016-11-10T21:25:33+08:00 ] ::1 /mypro/cms/admin.php?c=Position&a=push
ERR: 1064:Erreur de syntaxe près de ')' à la ligne 1
 [ SQL语句 ] : SELECT * FROM `cms_position_content` WHERE ( news_id= ) 
ERR: 1064:Erreur de syntaxe près de ')' à la ligne 1
 [ SQL语句 ] : SELECT * FROM `cms_position_content` WHERE ( news_id= ) 

[ 2016-11-10T21:28:18+08:00 ] ::1 /mypro/cms/admin.php?c=Position&a=push
ERR: 1064:Erreur de syntaxe près de ')' à la ligne 1
 [ SQL语句 ] : SELECT * FROM `cms_position_content` WHERE ( news_id= ) 
ERR: 1064:Erreur de syntaxe près de ')' à la ligne 1
 [ SQL语句 ] : SELECT * FROM `cms_position_content` WHERE ( news_id= ) 

[ 2016-11-10T22:43:52+08:00 ] ::1 /mypro/cms/admin.php?c=Position&a=push
ERR: 1064:Erreur de syntaxe près de ')' à la ligne 1
 [ SQL语句 ] : SELECT * FROM `cms_position_content` WHERE ( news_id= ) 
ERR: 1064:Erreur de syntaxe près de ')' à la ligne 1
 [ SQL语句 ] : SELECT * FROM `cms_position_content` WHERE ( news_id= ) 

[ 2016-11-10T22:53:24+08:00 ] ::1 /mypro/cms/admin.php?c=Position&a=push
ERR: 1064:Erreur de syntaxe près de ')' à la ligne 1
 [ SQL语句 ] : SELECT * FROM `cms_position_content` WHERE ( news_id= ) 
ERR: 1064:Erreur de syntaxe près de ')' à la ligne 1
 [ SQL语句 ] : SELECT * FROM `cms_position_content` WHERE ( news_id= ) 

[ 2016-11-10T22:56:05+08:00 ] ::1 /mypro/cms/admin.php?c=Position&a=push
ERR: 1064:Erreur de syntaxe près de ')' à la ligne 1
 [ SQL语句 ] : SELECT * FROM `cms_position_content` WHERE ( news_id= ) 
ERR: 1064:Erreur de syntaxe près de ')' à la ligne 1
 [ SQL语句 ] : SELECT * FROM `cms_position_content` WHERE ( news_id= ) 
ERR: 1064:Erreur de syntaxe près de ')' à la ligne 1
 [ SQL语句 ] : SELECT * FROM `cms_position_content` WHERE ( news_id= ) 
ERR: 1064:Erreur de syntaxe près de ')' à la ligne 1
 [ SQL语句 ] : SELECT * FROM `cms_position_content` WHERE ( news_id= ) 
ERR: 1064:Erreur de syntaxe près de ')' à la ligne 1
 [ SQL语句 ] : SELECT * FROM `cms_position_content` WHERE ( news_id= ) 
ERR: 1064:Erreur de syntaxe près de ')' à la ligne 1
 [ SQL语句 ] : SELECT * FROM `cms_position_content` WHERE ( news_id= ) 

[ 2016-11-10T23:01:42+08:00 ] ::1 /mypro/cms/admin.php?c=Position&a=push
ERR: 1064:Erreur de syntaxe près de ')' à la ligne 1
 [ SQL语句 ] : SELECT * FROM `cms_position_content` WHERE ( news_id= ) 
ERR: 1064:Erreur de syntaxe près de ')' à la ligne 1
 [ SQL语句 ] : SELECT * FROM `cms_position_content` WHERE ( news_id= ) 
ERR: 1064:Erreur de syntaxe près de ')' à la ligne 1
 [ SQL语句 ] : SELECT * FROM `cms_position_content` WHERE ( news_id= ) 
ERR: 1064:Erreur de syntaxe près de ')' à la ligne 1
 [ SQL语句 ] : SELECT * FROM `cms_position_content` WHERE ( news_id= ) 
ERR: 1064:Erreur de syntaxe près de ')' à la ligne 1
 [ SQL语句 ] : SELECT * FROM `cms_position_content` WHERE ( news_id= ) 
ERR: 1064:Erreur de syntaxe près de ')' à la ligne 1
 [ SQL语句 ] : SELECT * FROM `cms_position_content` WHERE ( news_id= ) 

