[ 2016-10-30T16:22:21+08:00 ] ::1 /mypro/cms/Public/js/bootstrap.min.js
ERR: 无法加载模块:Public

[ 2016-10-30T16:23:06+08:00 ] ::1 /mypro/cms/Public/js/bootstrap.min.js
ERR: 无法加载模块:Public

[ 2016-10-30T16:23:18+08:00 ] ::1 /mypro/cms/Public/js/bootstrap.min.js
ERR: 无法加载模块:Public

[ 2016-10-30T16:23:38+08:00 ] ::1 /mypro/cms/Public/js/bootstrap.min.js
ERR: 无法加载模块:Public

[ 2016-10-30T16:24:27+08:00 ] ::1 /mypro/cms/Public/js/bootstrap.min.js
ERR: 无法加载模块:Public

[ 2016-10-30T16:25:06+08:00 ] ::1 /mypro/cms/Public/js/bootstrap.min.js
ERR: 无法加载模块:Public

[ 2016-10-30T16:25:26+08:00 ] ::1 /mypro/cms/Public/js/bootstrap.min.js
ERR: 无法加载模块:Public

[ 2016-10-30T16:26:36+08:00 ] ::1 /mypro/cms/Public/js/bootstrap.min.js
ERR: 无法加载模块:Public

[ 2016-10-30T16:27:16+08:00 ] ::1 /mypro/cms/Public/js/bootstrap.min.js
ERR: 无法加载模块:Public

[ 2016-10-30T16:27:16+08:00 ] ::1 /mypro/cms/Public/js/bootstrap.min.js
ERR: 无法加载模块:Public

[ 2016-10-30T18:46:47+08:00 ] ::1 /mypro/cms/Public/js/skin/layer.css
ERR: 无法加载模块:Public

[ 2016-10-30T18:46:48+08:00 ] ::1 /mypro/cms/Public/css/js/skin/default/icon.png
ERR: 无法加载模块:Public

[ 2016-10-30T18:46:48+08:00 ] ::1 /mypro/cms/Public/js/skin/layer.css
ERR: 无法加载模块:Public

[ 2016-10-30T18:46:51+08:00 ] ::1 /mypro/cms/Public/js/skin/layer.css
ERR: 无法加载模块:Public

[ 2016-10-30T18:46:52+08:00 ] ::1 /mypro/cms/Public/js/skin/layer.css
ERR: 无法加载模块:Public

[ 2016-10-30T18:46:52+08:00 ] ::1 /mypro/cms/Public/js/skin/layer.css
ERR: 无法加载模块:Public

[ 2016-10-30T18:47:18+08:00 ] ::1 /mypro/cms/Public/js/skin/layer.css
ERR: 无法加载模块:Public

[ 2016-10-30T18:47:18+08:00 ] ::1 /mypro/cms/Public/js/skin/layer.css
ERR: 无法加载模块:Public

[ 2016-10-30T18:48:05+08:00 ] ::1 /mypro/cms/Public/js/skin/layer.css
ERR: 无法加载模块:Public

[ 2016-10-30T18:50:17+08:00 ] ::1 /mypro/cms/Public/js/skin/layer.css
ERR: 无法加载模块:Public

[ 2016-10-30T18:51:02+08:00 ] ::1 /mypro/cms/Public/js/skin/layer.css
ERR: 无法加载模块:Public

[ 2016-10-30T18:52:04+08:00 ] ::1 /mypro/cms/Public/js/skin/layer.css
ERR: 无法加载模块:Public

[ 2016-10-30T18:52:38+08:00 ] ::1 /mypro/cms/Public/js/skin/layer.css
ERR: 无法加载模块:Public

[ 2016-10-30T18:56:17+08:00 ] ::1 /mypro/cms/Public/js/skin/layer.css
ERR: 无法加载模块:Public

[ 2016-10-30T18:56:38+08:00 ] ::1 /mypro/cms/undefined
ERR: 无法加载模块:Undefined

[ 2016-10-30T18:57:35+08:00 ] ::1 /mypro/cms/Public/js/skin/layer.css
ERR: 无法加载模块:Public

[ 2016-10-30T18:58:34+08:00 ] ::1 /mypro/cms/Public/js/skin/layer.css
ERR: 无法加载模块:Public

[ 2016-10-30T18:59:48+08:00 ] ::1 /mypro/cms/Public/js/skin/layer.css
ERR: 无法加载模块:Public

[ 2016-10-30T19:00:04+08:00 ] ::1 /mypro/cms/Public/js/skin/layer.css
ERR: 无法加载模块:Public

[ 2016-10-30T19:00:12+08:00 ] ::1 /mypro/cms/undefined
ERR: 无法加载模块:Undefined

[ 2016-10-30T19:04:19+08:00 ] ::1 /mypro/cms/Public/js/skin/layer.css
ERR: 无法加载模块:Public

[ 2016-10-30T19:06:37+08:00 ] ::1 /mypro/cms/Public/js/skin/layer.css
ERR: 无法加载模块:Public

[ 2016-10-30T19:07:11+08:00 ] ::1 /mypro/cms/Public/js/skin/layer.css
ERR: 无法加载模块:Public

[ 2016-10-30T19:08:14+08:00 ] ::1 /mypro/cms/Public/js/skin/layer.css
ERR: 无法加载模块:Public

[ 2016-10-30T19:09:25+08:00 ] ::1 /mypro/cms/Public/js/skin/layer.css
ERR: 无法加载模块:Public

[ 2016-10-30T19:11:11+08:00 ] ::1 /mypro/cms/Public/js/skin/layer.css
ERR: 无法加载模块:Public

[ 2016-10-30T19:13:23+08:00 ] ::1 /mypro/cms/Public/js/skin/layer.css
ERR: 无法加载模块:Public

[ 2016-10-30T19:14:27+08:00 ] ::1 /mypro/cms/Public/js/skin/layer.css
ERR: 无法加载模块:Public

[ 2016-10-30T19:15:04+08:00 ] ::1 /mypro/cms/Public/js/skin/layer.css
ERR: 无法加载模块:Public

[ 2016-10-30T19:17:44+08:00 ] ::1 /mypro/cms/Public/js/skin/layer.css
ERR: 无法加载模块:Public

[ 2016-10-30T19:18:23+08:00 ] ::1 /mypro/cms/Public/js/skin/layer.css
ERR: 无法加载模块:Public

[ 2016-10-30T19:21:00+08:00 ] ::1 /mypro/cms/Public/js/skin/layer.css
ERR: 无法加载模块:Public

[ 2016-10-30T19:21:19+08:00 ] ::1 /mypro/cms/Public/js/skin/layer.css
ERR: 无法加载模块:Public

[ 2016-10-30T19:22:30+08:00 ] ::1 /mypro/cms/Public/js/skin/layer.css
ERR: 无法加载模块:Public

[ 2016-10-30T19:23:09+08:00 ] ::1 /mypro/cms/Public/js/skin/layer.css
ERR: 无法加载模块:Public

[ 2016-10-30T19:23:29+08:00 ] ::1 /mypro/cms/Public/js/skin/layer.css
ERR: 无法加载模块:Public

[ 2016-10-30T19:23:42+08:00 ] ::1 /mypro/cms/Public/js/skin/layer.css
ERR: 无法加载模块:Public

[ 2016-10-30T19:24:46+08:00 ] ::1 /mypro/cms/Public/js/skin/layer.css
ERR: 无法加载模块:Public

[ 2016-10-30T19:25:11+08:00 ] ::1 /mypro/cms/Public/js/skin/layer.css
ERR: 无法加载模块:Public

[ 2016-10-30T19:25:25+08:00 ] ::1 /mypro/cms/Public/js/skin/layer.css
ERR: 无法加载模块:Public

[ 2016-10-30T19:27:12+08:00 ] ::1 /mypro/cms/Public/js/skin/layer.css
ERR: 无法加载模块:Public

[ 2016-10-30T19:29:18+08:00 ] ::1 /mypro/cms/Public/js/skin/layer.css
ERR: 无法加载模块:Public

[ 2016-10-30T19:30:25+08:00 ] ::1 /mypro/cms/Public/js/skin/layer.css
ERR: 无法加载模块:Public

[ 2016-10-30T19:30:38+08:00 ] ::1 /mypro/cms/Public/js/skin/layer.css
ERR: 无法加载模块:Public

[ 2016-10-30T19:30:54+08:00 ] ::1 /mypro/cms/Public/js/skin/layer.css
ERR: 无法加载模块:Public

[ 2016-10-30T19:32:05+08:00 ] ::1 /mypro/cms/Public/js/skin/layer.css
ERR: 无法加载模块:Public

[ 2016-10-30T19:32:15+08:00 ] ::1 /mypro/cms/Public/js/skin/layer.css
ERR: 无法加载模块:Public

[ 2016-10-30T19:32:26+08:00 ] ::1 /mypro/cms/Public/js/skin/layer.css
ERR: 无法加载模块:Public

[ 2016-10-30T19:32:36+08:00 ] ::1 /mypro/cms/Public/js/skin/layer.css
ERR: 无法加载模块:Public

[ 2016-10-30T19:34:17+08:00 ] ::1 /mypro/cms/Public/js/skin/layer.css
ERR: 无法加载模块:Public

[ 2016-10-30T19:35:40+08:00 ] ::1 /mypro/cms/Public/js/skin/layer.css
ERR: 无法加载模块:Public

[ 2016-10-30T19:37:30+08:00 ] ::1 /mypro/cms/Public/js/skin/layer.css
ERR: 无法加载模块:Public

[ 2016-10-30T19:39:00+08:00 ] ::1 /mypro/cms/Public/js/skin/layer.css
ERR: 无法加载模块:Public

[ 2016-10-30T19:39:32+08:00 ] ::1 /mypro/cms/Public/js/skin/layer.css
ERR: 无法加载模块:Public

[ 2016-10-30T19:40:45+08:00 ] ::1 /mypro/cms/Public/js/skin/layer.css
ERR: 无法加载模块:Public

[ 2016-10-30T19:42:59+08:00 ] ::1 /mypro/cms/Public/js/skin/layer.css
ERR: 无法加载模块:Public

[ 2016-10-30T19:45:31+08:00 ] ::1 /mypro/cms/Public/js/skin/layer.css
ERR: 无法加载模块:Public

[ 2016-10-30T19:49:13+08:00 ] ::1 /mypro/cms/Public/js/skin/layer.css
ERR: 无法加载模块:Public

[ 2016-10-30T19:51:57+08:00 ] ::1 /mypro/cms/Public/js/skin/layer.css
ERR: 无法加载模块:Public

[ 2016-10-30T19:52:34+08:00 ] ::1 /mypro/cms/Public/js/skin/layer.css
ERR: 无法加载模块:Public

[ 2016-10-30T19:54:09+08:00 ] ::1 /mypro/cms/Public/js/skin/layer.css
ERR: 无法加载模块:Public

[ 2016-10-30T19:54:10+08:00 ] ::1 /mypro/cms/Public/js/skin/layer.css
ERR: 无法加载模块:Public

[ 2016-10-30T19:54:44+08:00 ] ::1 /mypro/cms/Public/js/skin/layer.css
ERR: 无法加载模块:Public

[ 2016-10-30T19:57:54+08:00 ] ::1 /mypro/cms/Public/js/skin/layer.css
ERR: 无法加载模块:Public

[ 2016-10-30T20:00:31+08:00 ] ::1 /mypro/cms/Public/js/skin/layer.css
ERR: 无法加载模块:Public

[ 2016-10-30T20:01:36+08:00 ] ::1 /mypro/cms/Public/js/skin/layer.css
ERR: 无法加载模块:Public

[ 2016-10-30T21:54:41+08:00 ] ::1 /mypro/cms/Public/js/skin/layer.css
ERR: 无法加载模块:Public

[ 2016-10-30T21:54:46+08:00 ] ::1 /mypro/cms/Public/js/skin/layer.css
ERR: 无法加载模块:Public

[ 2016-10-30T21:56:02+08:00 ] ::1 /mypro/cms/Public/js/skin/layer.css
ERR: 无法加载模块:Public

[ 2016-10-30T21:57:07+08:00 ] ::1 /mypro/cms/Public/js/skin/layer.css
ERR: 无法加载模块:Public

[ 2016-10-30T21:57:29+08:00 ] ::1 /mypro/cms/Public/js/skin/layer.css
ERR: 无法加载模块:Public

[ 2016-10-30T22:02:10+08:00 ] ::1 /mypro/cms/Public/js/skin/layer.css
ERR: 无法加载模块:Public

[ 2016-10-30T22:02:20+08:00 ] ::1 /mypro/cms/Public/js/skin/layer.css
ERR: 无法加载模块:Public

[ 2016-10-30T22:02:29+08:00 ] ::1 /mypro/cms/Public/css/js/skin/default/icon.png
ERR: 无法加载模块:Public

[ 2016-10-30T22:02:30+08:00 ] ::1 /mypro/cms/Public/js/skin/layer.css
ERR: 无法加载模块:Public

[ 2016-10-30T22:03:41+08:00 ] ::1 /mypro/cms/Public/js/skin/layer.css
ERR: 无法加载模块:Public

[ 2016-10-30T22:04:40+08:00 ] ::1 /mypro/cms/Public/js/skin/layer.css
ERR: 无法加载模块:Public

[ 2016-10-30T22:04:58+08:00 ] ::1 /mypro/cms/Public/js/skin/layer.css
ERR: 无法加载模块:Public

[ 2016-10-30T22:05:09+08:00 ] ::1 /mypro/cms/Public/js/skin/layer.css
ERR: 无法加载模块:Public

[ 2016-10-30T22:07:35+08:00 ] ::1 /mypro/cms/Public/js/skin/layer.css
ERR: 无法加载模块:Public

[ 2016-10-30T22:08:27+08:00 ] ::1 /mypro/cms/Public/js/skin/layer.css
ERR: 无法加载模块:Public

[ 2016-10-30T22:08:28+08:00 ] ::1 /mypro/cms/Public/js/skin/layer.css
ERR: 无法加载模块:Public

[ 2016-10-30T22:08:30+08:00 ] ::1 /mypro/cms/Public/js/skin/layer.css
ERR: 无法加载模块:Public

[ 2016-10-30T22:11:29+08:00 ] ::1 /mypro/cms/Public/js/skin/layer.css
ERR: 无法加载模块:Public

[ 2016-10-30T22:17:07+08:00 ] ::1 /mypro/cms/Public/js/skin/layer.css
ERR: 无法加载模块:Public

[ 2016-10-30T22:23:13+08:00 ] ::1 /mypro/cms/Public/js/skin/layer.css
ERR: 无法加载模块:Public

[ 2016-10-30T22:25:50+08:00 ] ::1 /mypro/cms/Public/js/skin/layer.css
ERR: 无法加载模块:Public

[ 2016-10-30T22:26:11+08:00 ] ::1 /mypro/cms/Public/js/skin/layer.css
ERR: 无法加载模块:Public

[ 2016-10-30T22:26:21+08:00 ] ::1 /mypro/cms/Public/js/skin/layer.css
ERR: 无法加载模块:Public

[ 2016-10-30T22:26:33+08:00 ] ::1 /mypro/cms/Public/js/skin/layer.css
ERR: 无法加载模块:Public

[ 2016-10-30T22:28:37+08:00 ] ::1 /mypro/cms/Public/js/skin/layer.css
ERR: 无法加载模块:Public

[ 2016-10-30T22:29:46+08:00 ] ::1 /mypro/cms/Public/js/skin/layer.css
ERR: 无法加载模块:Public

[ 2016-10-30T22:32:30+08:00 ] ::1 /mypro/cms/Public/js/skin/layer.css
ERR: 无法加载模块:Public

[ 2016-10-30T22:33:14+08:00 ] ::1 /mypro/cms/Public/js/skin/layer.css
ERR: 无法加载模块:Public

[ 2016-10-30T22:37:26+08:00 ] ::1 /mypro/cms/Public/js/skin/layer.css
ERR: 无法加载模块:Public

[ 2016-10-30T22:38:20+08:00 ] ::1 /mypro/cms/Public/js/skin/layer.css
ERR: 无法加载模块:Public

[ 2016-10-30T22:38:41+08:00 ] ::1 /mypro/cms/Public/js/skin/layer.css
ERR: 无法加载模块:Public

[ 2016-10-30T22:39:43+08:00 ] ::1 /mypro/cms/Public/js/skin/layer.css
ERR: 无法加载模块:Public

[ 2016-10-30T22:39:46+08:00 ] ::1 /mypro/cms/Public/js/skin/layer.css
ERR: 无法加载模块:Public

[ 2016-10-30T22:39:49+08:00 ] ::1 /mypro/cms/Public/js/skin/layer.css
ERR: 无法加载模块:Public

[ 2016-10-30T22:40:00+08:00 ] ::1 /mypro/cms/Public/js/skin/layer.css
ERR: 无法加载模块:Public

[ 2016-10-30T22:40:22+08:00 ] ::1 /mypro/cms/Public/js/skin/layer.css
ERR: 无法加载模块:Public

[ 2016-10-30T22:41:41+08:00 ] ::1 /mypro/cms/Public/js/skin/layer.css
ERR: 无法加载模块:Public

[ 2016-10-30T22:41:45+08:00 ] ::1 /mypro/cms/Public/js/skin/layer.css
ERR: 无法加载模块:Public

[ 2016-10-30T22:42:41+08:00 ] ::1 /mypro/cms/Public/js/skin/layer.css
ERR: 无法加载模块:Public

[ 2016-10-30T22:42:44+08:00 ] ::1 /mypro/cms/Public/js/skin/layer.css
ERR: 无法加载模块:Public

[ 2016-10-30T22:43:00+08:00 ] ::1 /mypro/cms/Public/js/skin/layer.css
ERR: 无法加载模块:Public

[ 2016-10-30T22:44:24+08:00 ] ::1 /mypro/cms/Public/js/skin/layer.css
ERR: 无法加载模块:Public

[ 2016-10-30T22:44:44+08:00 ] ::1 /mypro/cms/Public/js/skin/layer.css
ERR: 无法加载模块:Public

[ 2016-10-30T22:44:56+08:00 ] ::1 /mypro/cms/Public/js/skin/layer.css
ERR: 无法加载模块:Public

[ 2016-10-30T22:50:53+08:00 ] ::1 /mypro/cms/Public/js/skin/layer.css
ERR: 无法加载模块:Public

[ 2016-10-30T22:50:54+08:00 ] ::1 /mypro/cms/Public/js/skin/layer.css
ERR: 无法加载模块:Public

[ 2016-10-30T22:50:56+08:00 ] ::1 /mypro/cms/Public/js/skin/layer.css
ERR: 无法加载模块:Public

[ 2016-10-30T22:51:51+08:00 ] ::1 /mypro/cms/Public/js/skin/layer.css
ERR: 无法加载模块:Public

[ 2016-10-30T22:51:52+08:00 ] ::1 /mypro/cms/Public/js/skin/layer.css
ERR: 无法加载模块:Public

[ 2016-10-30T22:51:53+08:00 ] ::1 /mypro/cms/Public/js/skin/layer.css
ERR: 无法加载模块:Public

[ 2016-10-30T22:51:53+08:00 ] ::1 /mypro/cms/Public/js/skin/layer.css
ERR: 无法加载模块:Public

[ 2016-10-30T22:51:54+08:00 ] ::1 /mypro/cms/Public/js/skin/layer.css
ERR: 无法加载模块:Public

[ 2016-10-30T22:51:55+08:00 ] ::1 /mypro/cms/Public/js/skin/layer.css
ERR: 无法加载模块:Public

[ 2016-10-30T22:51:56+08:00 ] ::1 /mypro/cms/Public/js/skin/layer.css
ERR: 无法加载模块:Public

[ 2016-10-30T22:51:57+08:00 ] ::1 /mypro/cms/Public/js/skin/layer.css
ERR: 无法加载模块:Public

[ 2016-10-30T22:52:42+08:00 ] ::1 /mypro/cms/Public/js/skin/layer.css
ERR: 无法加载模块:Public

[ 2016-10-30T22:52:43+08:00 ] ::1 /mypro/cms/Public/js/skin/layer.css
ERR: 无法加载模块:Public

[ 2016-10-30T22:52:44+08:00 ] ::1 /mypro/cms/Public/js/skin/layer.css
ERR: 无法加载模块:Public

[ 2016-10-30T22:52:50+08:00 ] ::1 /mypro/cms/Public/js/skin/layer.css
ERR: 无法加载模块:Public

[ 2016-10-30T22:52:56+08:00 ] ::1 /mypro/cms/Public/js/skin/layer.css
ERR: 无法加载模块:Public

[ 2016-10-30T22:53:17+08:00 ] ::1 /mypro/cms/Public/js/skin/layer.css
ERR: 无法加载模块:Public

[ 2016-10-30T22:53:27+08:00 ] ::1 /mypro/cms/Public/js/skin/layer.css
ERR: 无法加载模块:Public

[ 2016-10-30T23:02:48+08:00 ] ::1 /mypro/cms/Public/js/skin/layer.css
ERR: 无法加载模块:Public

[ 2016-10-30T23:02:49+08:00 ] ::1 /mypro/cms/Public/js/skin/layer.css
ERR: 无法加载模块:Public

[ 2016-10-30T23:03:15+08:00 ] ::1 /mypro/cms/Public/js/skin/layer.css
ERR: 无法加载模块:Public

[ 2016-10-30T23:03:40+08:00 ] ::1 /mypro/cms/Public/js/skin/layer.css
ERR: 无法加载模块:Public

[ 2016-10-30T23:05:13+08:00 ] ::1 /mypro/cms/Public/js/skin/layer.css
ERR: 无法加载模块:Public

[ 2016-10-30T23:05:15+08:00 ] ::1 /mypro/cms/Public/js/skin/layer.css
ERR: 无法加载模块:Public

[ 2016-10-30T23:05:31+08:00 ] ::1 /mypro/cms/Public/js/skin/layer.css
ERR: 无法加载模块:Public

[ 2016-10-30T23:07:52+08:00 ] ::1 /mypro/cms/Public/js/skin/layer.css
ERR: 无法加载模块:Public

[ 2016-10-30T23:08:00+08:00 ] ::1 /mypro/cms/Public/js/skin/layer.css
ERR: 无法加载模块:Public

[ 2016-10-30T23:08:55+08:00 ] ::1 /mypro/cms/Public/js/skin/layer.css
ERR: 无法加载模块:Public

[ 2016-10-30T23:08:56+08:00 ] ::1 /mypro/cms/Public/js/skin/layer.css
ERR: 无法加载模块:Public

