[ 2016-11-16T16:09:32+08:00 ] ::1 /mypro/cms/index.php?c=Detail&id=24
INFO: [ app_init ] --START--
INFO: Run Behavior\BuildLiteBehavior [ RunTime:0.000030s ]
INFO: [ app_init ] --END-- [ RunTime:0.000585s ]
INFO: [ app_begin ] --START--
INFO: Run Behavior\ReadHtmlCacheBehavior [ RunTime:0.000746s ]
INFO: [ app_begin ] --END-- [ RunTime:0.000919s ]
NOTIC: [2048] Declaration of Home\Controller\CommonController::error() should be compatible with Think\Controller::error($message = '', $jumpUrl = '', $ajax = false) E:\wampserv\wamp\www\mypro\cms\Application\Home\Controller\CommonController.class.php 第 11 行.
NOTIC: [8192] mysql_connect(): The mysql extension is deprecated and will be removed in the future: use mysqli or PDO instead E:\wampserv\wamp\www\mypro\cms\ThinkPHP\Library\Think\Db\Driver\Mysql.class.php 第 52 行.
SQL: SHOW COLUMNS FROM `cms_menu` [ RunTime:0.069686s ]
SQL: SELECT * FROM `cms_menu` WHERE ( type=0 )  [ RunTime:0.000485s ]
SQL: SHOW COLUMNS FROM `cms_news` [ RunTime:0.007809s ]
SQL: SELECT * FROM `cms_news` ORDER BY count desc LIMIT 0,5   [ RunTime:0.000728s ]
SQL: SHOW COLUMNS FROM `cms_position_content` [ RunTime:0.038033s ]
SQL: SELECT * FROM `cms_position_content` WHERE `position_id` = 5 ORDER BY update_time desc,listorder desc LIMIT 0,3   [ RunTime:0.001239s ]
NOTIC: [2] Missing argument 2 for Common\Model\ContentModel::getCurrentList(), called in E:\wampserv\wamp\www\mypro\cms\Application\Home\Controller\DetailController.class.php on line 18 and defined E:\wampserv\wamp\www\mypro\cms\Application\Common\Model\ContentModel.class.php 第 22 行.
NOTIC: [2] Missing argument 3 for Common\Model\ContentModel::getCurrentList(), called in E:\wampserv\wamp\www\mypro\cms\Application\Home\Controller\DetailController.class.php on line 18 and defined E:\wampserv\wamp\www\mypro\cms\Application\Common\Model\ContentModel.class.php 第 22 行.
NOTIC: [8] Undefined variable: offset E:\wampserv\wamp\www\mypro\cms\Application\Common\Model\ContentModel.class.php 第 23 行.
NOTIC: [8] Undefined variable: perPageCount E:\wampserv\wamp\www\mypro\cms\Application\Common\Model\ContentModel.class.php 第 23 行.
SQL: SELECT * FROM `cms_news` WHERE `news_id` = 24 ORDER BY update_time desc,listorder desc  [ RunTime:0.000708s ]
SQL: SHOW COLUMNS FROM `cms_news_content` [ RunTime:0.038131s ]
SQL: SELECT * FROM `cms_news_content` WHERE `news_id` = 24 LIMIT 1   [ RunTime:0.005270s ]
SQL: UPDATE `cms_news` SET `count`=91 WHERE `news_id` = 24 [ RunTime:0.000980s ]
INFO: [ view_parse ] --START--
INFO: [ template_filter ] --START--
INFO: Run Behavior\ContentReplaceBehavior [ RunTime:0.000200s ]
INFO: [ template_filter ] --END-- [ RunTime:0.000544s ]
INFO: Run Behavior\ParseTemplateBehavior [ RunTime:0.247466s ]
INFO: [ view_parse ] --END-- [ RunTime:0.248009s ]
INFO: [ view_filter ] --START--
INFO: Run Behavior\WriteHtmlCacheBehavior [ RunTime:0.001232s ]
INFO: [ view_filter ] --END-- [ RunTime:0.001676s ]
INFO: [ app_end ] --START--
INFO: Run Behavior\ShowPageTraceBehavior [ RunTime:0.002213s ]
INFO: [ app_end ] --END-- [ RunTime:0.002836s ]

[ 2016-11-16T16:09:33+08:00 ] ::1 /mypro/cms/index.php?c=Index&a=getCount
INFO: [ app_init ] --START--
INFO: Run Behavior\BuildLiteBehavior [ RunTime:0.000063s ]
INFO: [ app_init ] --END-- [ RunTime:0.001112s ]
INFO: [ app_begin ] --START--
INFO: Run Behavior\ReadHtmlCacheBehavior [ RunTime:0.001058s ]
INFO: [ app_begin ] --END-- [ RunTime:0.001328s ]
NOTIC: [2048] Declaration of Home\Controller\CommonController::error() should be compatible with Think\Controller::error($message = '', $jumpUrl = '', $ajax = false) E:\wampserv\wamp\www\mypro\cms\Application\Home\Controller\CommonController.class.php 第 11 行.
NOTIC: [8192] mysql_connect(): The mysql extension is deprecated and will be removed in the future: use mysqli or PDO instead E:\wampserv\wamp\www\mypro\cms\ThinkPHP\Library\Think\Db\Driver\Mysql.class.php 第 52 行.
SQL: SHOW COLUMNS FROM `cms_news` [ RunTime:0.028111s ]
SQL: SELECT * FROM `cms_news` WHERE `news_id` IN ('')  [ RunTime:0.000358s ]
INFO: [ app_end ] --START--
INFO: Run Behavior\ShowPageTraceBehavior [ RunTime:0.000770s ]
INFO: [ app_end ] --END-- [ RunTime:0.000894s ]

