[ 2017-01-17T12:59:29+08:00 ] ::1 /mypro/cms1/index.php?c=index
INFO: [ app_init ] --START--
INFO: Run Behavior\BuildLiteBehavior [ RunTime:0.000056s ]
INFO: [ app_init ] --END-- [ RunTime:0.001099s ]
INFO: [ app_begin ] --START--
INFO: Run Behavior\ReadHtmlCacheBehavior [ RunTime:0.001081s ]
INFO: [ app_begin ] --END-- [ RunTime:0.001259s ]
NOTIC: [2048] Declaration of Home\Controller\CommonController::error() should be compatible with Think\Controller::error($message = '', $jumpUrl = '', $ajax = false) E:\wampserv\wamp\www\mypro\cms1\Application\Home\Controller\CommonController.class.php 第 11 行.
NOTIC: [8192] mysql_connect(): The mysql extension is deprecated and will be removed in the future: use mysqli or PDO instead E:\wampserv\wamp\www\mypro\cms1\ThinkPHP\Library\Think\Db\Driver\Mysql.class.php 第 52 行.
SQL: SHOW COLUMNS FROM `cms_menu` [ RunTime:0.008052s ]
SQL: SELECT * FROM `cms_menu` WHERE ( type=0 )  [ RunTime:0.000497s ]
SQL: SHOW COLUMNS FROM `cms_position_content` [ RunTime:0.004681s ]
SQL: SELECT * FROM `cms_position_content` WHERE `position_id` = 2 ORDER BY update_time desc,listorder desc LIMIT 0,3   [ RunTime:0.000436s ]
SQL: SELECT * FROM `cms_position_content` WHERE `position_id` = 3 ORDER BY update_time desc,listorder desc LIMIT 0,3   [ RunTime:0.001621s ]
SQL: SHOW COLUMNS FROM `cms_news` [ RunTime:0.005465s ]
SQL: SELECT * FROM `cms_news` ORDER BY count desc LIMIT 0,5   [ RunTime:0.000508s ]
SQL: SELECT * FROM `cms_position_content` WHERE `position_id` = 5 ORDER BY update_time desc,listorder desc LIMIT 0,3   [ RunTime:0.000326s ]
NOTIC: [2] Missing argument 1 for Common\Model\ContentModel::getlist(), called in E:\wampserv\wamp\www\mypro\cms1\Application\Home\Controller\IndexController.class.php on line 40 and defined E:\wampserv\wamp\www\mypro\cms1\Application\Common\Model\ContentModel.class.php 第 17 行.
NOTIC: [8] Undefined variable: condation E:\wampserv\wamp\www\mypro\cms1\Application\Common\Model\ContentModel.class.php 第 18 行.
SQL: SELECT COUNT(*) AS tp_Count FROM `cms_news` LIMIT 1   [ RunTime:0.000211s ]
SQL: SELECT * FROM `cms_news` ORDER BY update_time desc,listorder desc LIMIT 0,5   [ RunTime:0.000440s ]
NOTIC: [2] Missing argument 1 for Common\Model\ContentModel::getCurrentList(), called in E:\wampserv\wamp\www\mypro\cms1\Application\Home\Controller\IndexController.class.php on line 90 and defined E:\wampserv\wamp\www\mypro\cms1\Application\Common\Model\ContentModel.class.php 第 22 行.
NOTIC: [2] Missing argument 2 for Common\Model\ContentModel::getCurrentList(), called in E:\wampserv\wamp\www\mypro\cms1\Application\Home\Controller\IndexController.class.php on line 90 and defined E:\wampserv\wamp\www\mypro\cms1\Application\Common\Model\ContentModel.class.php 第 22 行.
NOTIC: [2] Missing argument 3 for Common\Model\ContentModel::getCurrentList(), called in E:\wampserv\wamp\www\mypro\cms1\Application\Home\Controller\IndexController.class.php on line 90 and defined E:\wampserv\wamp\www\mypro\cms1\Application\Common\Model\ContentModel.class.php 第 22 行.
NOTIC: [8] Undefined variable: condation E:\wampserv\wamp\www\mypro\cms1\Application\Common\Model\ContentModel.class.php 第 23 行.
NOTIC: [8] Undefined variable: offset E:\wampserv\wamp\www\mypro\cms1\Application\Common\Model\ContentModel.class.php 第 23 行.
NOTIC: [8] Undefined variable: perPageCount E:\wampserv\wamp\www\mypro\cms1\Application\Common\Model\ContentModel.class.php 第 23 行.
SQL: SELECT * FROM `cms_news` ORDER BY update_time desc,listorder desc  [ RunTime:0.001018s ]
INFO: [ view_parse ] --START--
INFO: [ template_filter ] --START--
INFO: Run Behavior\ContentReplaceBehavior [ RunTime:0.000112s ]
INFO: [ template_filter ] --END-- [ RunTime:0.000283s ]
INFO: Run Behavior\ParseTemplateBehavior [ RunTime:0.116458s ]
INFO: [ view_parse ] --END-- [ RunTime:0.116761s ]
INFO: [ view_filter ] --START--
INFO: Run Behavior\WriteHtmlCacheBehavior [ RunTime:0.037613s ]
INFO: [ view_filter ] --END-- [ RunTime:0.038415s ]
INFO: [ app_end ] --START--
INFO: Run Behavior\ShowPageTraceBehavior [ RunTime:0.003422s ]
INFO: [ app_end ] --END-- [ RunTime:0.003985s ]

[ 2017-01-17T12:59:34+08:00 ] ::1 /mypro/cms1/index.php?m=Home&c=Index&a=index&p=2
INFO: [ app_init ] --START--
INFO: Run Behavior\BuildLiteBehavior [ RunTime:0.000036s ]
INFO: [ app_init ] --END-- [ RunTime:0.000689s ]
INFO: [ app_begin ] --START--
INFO: Run Behavior\ReadHtmlCacheBehavior [ RunTime:0.000976s ]
INFO: [ app_begin ] --END-- [ RunTime:0.001142s ]
NOTIC: [2048] Declaration of Home\Controller\CommonController::error() should be compatible with Think\Controller::error($message = '', $jumpUrl = '', $ajax = false) E:\wampserv\wamp\www\mypro\cms1\Application\Home\Controller\CommonController.class.php 第 11 行.
NOTIC: [8192] mysql_connect(): The mysql extension is deprecated and will be removed in the future: use mysqli or PDO instead E:\wampserv\wamp\www\mypro\cms1\ThinkPHP\Library\Think\Db\Driver\Mysql.class.php 第 52 行.
SQL: SHOW COLUMNS FROM `cms_menu` [ RunTime:0.004625s ]
SQL: SELECT * FROM `cms_menu` WHERE ( type=0 )  [ RunTime:0.000393s ]
SQL: SHOW COLUMNS FROM `cms_position_content` [ RunTime:0.004475s ]
SQL: SELECT * FROM `cms_position_content` WHERE `position_id` = 2 ORDER BY update_time desc,listorder desc LIMIT 0,3   [ RunTime:0.000463s ]
SQL: SELECT * FROM `cms_position_content` WHERE `position_id` = 3 ORDER BY update_time desc,listorder desc LIMIT 0,3   [ RunTime:0.000329s ]
SQL: SHOW COLUMNS FROM `cms_news` [ RunTime:0.004608s ]
SQL: SELECT * FROM `cms_news` ORDER BY count desc LIMIT 0,5   [ RunTime:0.000578s ]
SQL: SELECT * FROM `cms_position_content` WHERE `position_id` = 5 ORDER BY update_time desc,listorder desc LIMIT 0,3   [ RunTime:0.000330s ]
NOTIC: [2] Missing argument 1 for Common\Model\ContentModel::getlist(), called in E:\wampserv\wamp\www\mypro\cms1\Application\Home\Controller\IndexController.class.php on line 40 and defined E:\wampserv\wamp\www\mypro\cms1\Application\Common\Model\ContentModel.class.php 第 17 行.
NOTIC: [8] Undefined variable: condation E:\wampserv\wamp\www\mypro\cms1\Application\Common\Model\ContentModel.class.php 第 18 行.
SQL: SELECT COUNT(*) AS tp_Count FROM `cms_news` LIMIT 1   [ RunTime:0.000218s ]
SQL: SELECT * FROM `cms_news` ORDER BY update_time desc,listorder desc LIMIT 5,5   [ RunTime:0.000450s ]
NOTIC: [2] Missing argument 1 for Common\Model\ContentModel::getCurrentList(), called in E:\wampserv\wamp\www\mypro\cms1\Application\Home\Controller\IndexController.class.php on line 90 and defined E:\wampserv\wamp\www\mypro\cms1\Application\Common\Model\ContentModel.class.php 第 22 行.
NOTIC: [2] Missing argument 2 for Common\Model\ContentModel::getCurrentList(), called in E:\wampserv\wamp\www\mypro\cms1\Application\Home\Controller\IndexController.class.php on line 90 and defined E:\wampserv\wamp\www\mypro\cms1\Application\Common\Model\ContentModel.class.php 第 22 行.
NOTIC: [2] Missing argument 3 for Common\Model\ContentModel::getCurrentList(), called in E:\wampserv\wamp\www\mypro\cms1\Application\Home\Controller\IndexController.class.php on line 90 and defined E:\wampserv\wamp\www\mypro\cms1\Application\Common\Model\ContentModel.class.php 第 22 行.
NOTIC: [8] Undefined variable: condation E:\wampserv\wamp\www\mypro\cms1\Application\Common\Model\ContentModel.class.php 第 23 行.
NOTIC: [8] Undefined variable: offset E:\wampserv\wamp\www\mypro\cms1\Application\Common\Model\ContentModel.class.php 第 23 行.
NOTIC: [8] Undefined variable: perPageCount E:\wampserv\wamp\www\mypro\cms1\Application\Common\Model\ContentModel.class.php 第 23 行.
SQL: SELECT * FROM `cms_news` ORDER BY update_time desc,listorder desc  [ RunTime:0.000783s ]
INFO: [ view_parse ] --START--
INFO: [ template_filter ] --START--
INFO: Run Behavior\ContentReplaceBehavior [ RunTime:0.000108s ]
INFO: [ template_filter ] --END-- [ RunTime:0.000274s ]
INFO: Run Behavior\ParseTemplateBehavior [ RunTime:0.082649s ]
INFO: [ view_parse ] --END-- [ RunTime:0.082947s ]
INFO: [ view_filter ] --START--
INFO: Run Behavior\WriteHtmlCacheBehavior [ RunTime:0.001679s ]
INFO: [ view_filter ] --END-- [ RunTime:0.002034s ]
INFO: [ app_end ] --START--
INFO: Run Behavior\ShowPageTraceBehavior [ RunTime:0.004274s ]
INFO: [ app_end ] --END-- [ RunTime:0.004960s ]

[ 2017-01-17T12:59:39+08:00 ] ::1 /mypro/cms1/index.php?m=Home&c=Index&a=index&p=1
INFO: [ app_init ] --START--
INFO: Run Behavior\BuildLiteBehavior [ RunTime:0.000036s ]
INFO: [ app_init ] --END-- [ RunTime:0.000722s ]
INFO: [ app_begin ] --START--
INFO: Run Behavior\ReadHtmlCacheBehavior [ RunTime:0.000976s ]
INFO: [ app_begin ] --END-- [ RunTime:0.001142s ]
NOTIC: [2048] Declaration of Home\Controller\CommonController::error() should be compatible with Think\Controller::error($message = '', $jumpUrl = '', $ajax = false) E:\wampserv\wamp\www\mypro\cms1\Application\Home\Controller\CommonController.class.php 第 11 行.
NOTIC: [8192] mysql_connect(): The mysql extension is deprecated and will be removed in the future: use mysqli or PDO instead E:\wampserv\wamp\www\mypro\cms1\ThinkPHP\Library\Think\Db\Driver\Mysql.class.php 第 52 行.
SQL: SHOW COLUMNS FROM `cms_menu` [ RunTime:0.099544s ]
SQL: SELECT * FROM `cms_menu` WHERE ( type=0 )  [ RunTime:0.000418s ]
SQL: SHOW COLUMNS FROM `cms_position_content` [ RunTime:0.104519s ]
SQL: SELECT * FROM `cms_position_content` WHERE `position_id` = 2 ORDER BY update_time desc,listorder desc LIMIT 0,3   [ RunTime:0.000873s ]
SQL: SELECT * FROM `cms_position_content` WHERE `position_id` = 3 ORDER BY update_time desc,listorder desc LIMIT 0,3   [ RunTime:0.000650s ]
SQL: SHOW COLUMNS FROM `cms_news` [ RunTime:0.268293s ]
SQL: SELECT * FROM `cms_news` ORDER BY count desc LIMIT 0,5   [ RunTime:0.001043s ]
SQL: SELECT * FROM `cms_position_content` WHERE `position_id` = 5 ORDER BY update_time desc,listorder desc LIMIT 0,3   [ RunTime:0.000629s ]
NOTIC: [2] Missing argument 1 for Common\Model\ContentModel::getlist(), called in E:\wampserv\wamp\www\mypro\cms1\Application\Home\Controller\IndexController.class.php on line 40 and defined E:\wampserv\wamp\www\mypro\cms1\Application\Common\Model\ContentModel.class.php 第 17 行.
NOTIC: [8] Undefined variable: condation E:\wampserv\wamp\www\mypro\cms1\Application\Common\Model\ContentModel.class.php 第 18 行.
SQL: SELECT COUNT(*) AS tp_Count FROM `cms_news` LIMIT 1   [ RunTime:0.000413s ]
SQL: SELECT * FROM `cms_news` ORDER BY update_time desc,listorder desc LIMIT 0,5   [ RunTime:0.000868s ]
NOTIC: [2] Missing argument 1 for Common\Model\ContentModel::getCurrentList(), called in E:\wampserv\wamp\www\mypro\cms1\Application\Home\Controller\IndexController.class.php on line 90 and defined E:\wampserv\wamp\www\mypro\cms1\Application\Common\Model\ContentModel.class.php 第 22 行.
NOTIC: [2] Missing argument 2 for Common\Model\ContentModel::getCurrentList(), called in E:\wampserv\wamp\www\mypro\cms1\Application\Home\Controller\IndexController.class.php on line 90 and defined E:\wampserv\wamp\www\mypro\cms1\Application\Common\Model\ContentModel.class.php 第 22 行.
NOTIC: [2] Missing argument 3 for Common\Model\ContentModel::getCurrentList(), called in E:\wampserv\wamp\www\mypro\cms1\Application\Home\Controller\IndexController.class.php on line 90 and defined E:\wampserv\wamp\www\mypro\cms1\Application\Common\Model\ContentModel.class.php 第 22 行.
NOTIC: [8] Undefined variable: condation E:\wampserv\wamp\www\mypro\cms1\Application\Common\Model\ContentModel.class.php 第 23 行.
NOTIC: [8] Undefined variable: offset E:\wampserv\wamp\www\mypro\cms1\Application\Common\Model\ContentModel.class.php 第 23 行.
NOTIC: [8] Undefined variable: perPageCount E:\wampserv\wamp\www\mypro\cms1\Application\Common\Model\ContentModel.class.php 第 23 行.
SQL: SELECT * FROM `cms_news` ORDER BY update_time desc,listorder desc  [ RunTime:0.001477s ]
INFO: [ view_parse ] --START--
INFO: [ template_filter ] --START--
INFO: Run Behavior\ContentReplaceBehavior [ RunTime:0.000570s ]
INFO: [ template_filter ] --END-- [ RunTime:0.001107s ]
INFO: Run Behavior\ParseTemplateBehavior [ RunTime:0.066845s ]
INFO: [ view_parse ] --END-- [ RunTime:0.067218s ]
INFO: [ view_filter ] --START--
INFO: Run Behavior\WriteHtmlCacheBehavior [ RunTime:0.001661s ]
INFO: [ view_filter ] --END-- [ RunTime:0.002019s ]
INFO: [ app_end ] --START--
INFO: Run Behavior\ShowPageTraceBehavior [ RunTime:0.003908s ]
INFO: [ app_end ] --END-- [ RunTime:0.004560s ]

[ 2017-01-17T12:59:42+08:00 ] ::1 /mypro/cms1/index.php?m=Home&c=Index&a=index&p=2
INFO: [ app_init ] --START--
INFO: Run Behavior\BuildLiteBehavior [ RunTime:0.000035s ]
INFO: [ app_init ] --END-- [ RunTime:0.000701s ]
INFO: [ app_begin ] --START--
INFO: Run Behavior\ReadHtmlCacheBehavior [ RunTime:0.000949s ]
INFO: [ app_begin ] --END-- [ RunTime:0.001117s ]
NOTIC: [2048] Declaration of Home\Controller\CommonController::error() should be compatible with Think\Controller::error($message = '', $jumpUrl = '', $ajax = false) E:\wampserv\wamp\www\mypro\cms1\Application\Home\Controller\CommonController.class.php 第 11 行.
NOTIC: [8192] mysql_connect(): The mysql extension is deprecated and will be removed in the future: use mysqli or PDO instead E:\wampserv\wamp\www\mypro\cms1\ThinkPHP\Library\Think\Db\Driver\Mysql.class.php 第 52 行.
SQL: SHOW COLUMNS FROM `cms_menu` [ RunTime:0.004153s ]
SQL: SELECT * FROM `cms_menu` WHERE ( type=0 )  [ RunTime:0.000358s ]
SQL: SHOW COLUMNS FROM `cms_position_content` [ RunTime:0.004203s ]
SQL: SELECT * FROM `cms_position_content` WHERE `position_id` = 2 ORDER BY update_time desc,listorder desc LIMIT 0,3   [ RunTime:0.000402s ]
SQL: SELECT * FROM `cms_position_content` WHERE `position_id` = 3 ORDER BY update_time desc,listorder desc LIMIT 0,3   [ RunTime:0.000290s ]
SQL: SHOW COLUMNS FROM `cms_news` [ RunTime:0.004538s ]
SQL: SELECT * FROM `cms_news` ORDER BY count desc LIMIT 0,5   [ RunTime:0.000463s ]
SQL: SELECT * FROM `cms_position_content` WHERE `position_id` = 5 ORDER BY update_time desc,listorder desc LIMIT 0,3   [ RunTime:0.000298s ]
NOTIC: [2] Missing argument 1 for Common\Model\ContentModel::getlist(), called in E:\wampserv\wamp\www\mypro\cms1\Application\Home\Controller\IndexController.class.php on line 40 and defined E:\wampserv\wamp\www\mypro\cms1\Application\Common\Model\ContentModel.class.php 第 17 行.
NOTIC: [8] Undefined variable: condation E:\wampserv\wamp\www\mypro\cms1\Application\Common\Model\ContentModel.class.php 第 18 行.
SQL: SELECT COUNT(*) AS tp_Count FROM `cms_news` LIMIT 1   [ RunTime:0.000190s ]
SQL: SELECT * FROM `cms_news` ORDER BY update_time desc,listorder desc LIMIT 5,5   [ RunTime:0.000396s ]
NOTIC: [2] Missing argument 1 for Common\Model\ContentModel::getCurrentList(), called in E:\wampserv\wamp\www\mypro\cms1\Application\Home\Controller\IndexController.class.php on line 90 and defined E:\wampserv\wamp\www\mypro\cms1\Application\Common\Model\ContentModel.class.php 第 22 行.
NOTIC: [2] Missing argument 2 for Common\Model\ContentModel::getCurrentList(), called in E:\wampserv\wamp\www\mypro\cms1\Application\Home\Controller\IndexController.class.php on line 90 and defined E:\wampserv\wamp\www\mypro\cms1\Application\Common\Model\ContentModel.class.php 第 22 行.
NOTIC: [2] Missing argument 3 for Common\Model\ContentModel::getCurrentList(), called in E:\wampserv\wamp\www\mypro\cms1\Application\Home\Controller\IndexController.class.php on line 90 and defined E:\wampserv\wamp\www\mypro\cms1\Application\Common\Model\ContentModel.class.php 第 22 行.
NOTIC: [8] Undefined variable: condation E:\wampserv\wamp\www\mypro\cms1\Application\Common\Model\ContentModel.class.php 第 23 行.
NOTIC: [8] Undefined variable: offset E:\wampserv\wamp\www\mypro\cms1\Application\Common\Model\ContentModel.class.php 第 23 行.
NOTIC: [8] Undefined variable: perPageCount E:\wampserv\wamp\www\mypro\cms1\Application\Common\Model\ContentModel.class.php 第 23 行.
SQL: SELECT * FROM `cms_news` ORDER BY update_time desc,listorder desc  [ RunTime:0.000581s ]
INFO: [ view_parse ] --START--
INFO: [ template_filter ] --START--
INFO: Run Behavior\ContentReplaceBehavior [ RunTime:0.000115s ]
INFO: [ template_filter ] --END-- [ RunTime:0.000283s ]
INFO: Run Behavior\ParseTemplateBehavior [ RunTime:0.027409s ]
INFO: [ view_parse ] --END-- [ RunTime:0.027590s ]
INFO: [ view_filter ] --START--
INFO: Run Behavior\WriteHtmlCacheBehavior [ RunTime:0.000835s ]
INFO: [ view_filter ] --END-- [ RunTime:0.000995s ]
INFO: [ app_end ] --START--
INFO: Run Behavior\ShowPageTraceBehavior [ RunTime:0.001783s ]
INFO: [ app_end ] --END-- [ RunTime:0.002106s ]

[ 2017-01-17T12:59:48+08:00 ] ::1 /mypro/cms1/index.php?c=Cat&id=3
INFO: [ app_init ] --START--
INFO: Run Behavior\BuildLiteBehavior [ RunTime:0.000036s ]
INFO: [ app_init ] --END-- [ RunTime:0.000717s ]
INFO: [ app_begin ] --START--
INFO: Run Behavior\ReadHtmlCacheBehavior [ RunTime:0.000973s ]
INFO: [ app_begin ] --END-- [ RunTime:0.001138s ]
NOTIC: [2048] Declaration of Home\Controller\CommonController::error() should be compatible with Think\Controller::error($message = '', $jumpUrl = '', $ajax = false) E:\wampserv\wamp\www\mypro\cms1\Application\Home\Controller\CommonController.class.php 第 11 行.
NOTIC: [8192] mysql_connect(): The mysql extension is deprecated and will be removed in the future: use mysqli or PDO instead E:\wampserv\wamp\www\mypro\cms1\ThinkPHP\Library\Think\Db\Driver\Mysql.class.php 第 52 行.
SQL: SHOW COLUMNS FROM `cms_menu` [ RunTime:0.006895s ]
SQL: SELECT * FROM `cms_menu` WHERE ( type=0 )  [ RunTime:0.000507s ]
SQL: SHOW COLUMNS FROM `cms_news` [ RunTime:0.006082s ]
SQL: SELECT * FROM `cms_news` ORDER BY count desc LIMIT 0,5   [ RunTime:0.000804s ]
SQL: SHOW COLUMNS FROM `cms_position_content` [ RunTime:0.004995s ]
SQL: SELECT * FROM `cms_position_content` WHERE `position_id` = 5 ORDER BY update_time desc,listorder desc LIMIT 0,3   [ RunTime:0.000466s ]
SQL: SELECT COUNT(*) AS tp_Count FROM `cms_news` WHERE `catid` = 3 LIMIT 1   [ RunTime:0.027420s ]
SQL: SELECT * FROM `cms_news` WHERE `catid` = 3 ORDER BY update_time desc,listorder desc LIMIT 0,5   [ RunTime:0.001197s ]
INFO: [ view_parse ] --START--
INFO: [ template_filter ] --START--
INFO: Run Behavior\ContentReplaceBehavior [ RunTime:0.000114s ]
INFO: [ template_filter ] --END-- [ RunTime:0.000386s ]
INFO: Run Behavior\ParseTemplateBehavior [ RunTime:0.095072s ]
INFO: [ view_parse ] --END-- [ RunTime:0.095349s ]
INFO: [ view_filter ] --START--
INFO: Run Behavior\WriteHtmlCacheBehavior [ RunTime:0.001541s ]
INFO: [ view_filter ] --END-- [ RunTime:0.001988s ]
INFO: [ app_end ] --START--
INFO: Run Behavior\ShowPageTraceBehavior [ RunTime:0.001935s ]
INFO: [ app_end ] --END-- [ RunTime:0.002210s ]

[ 2017-01-17T12:59:52+08:00 ] ::1 /mypro/cms1/index.php?c=Cat&id=8
INFO: [ app_init ] --START--
INFO: Run Behavior\BuildLiteBehavior [ RunTime:0.000050s ]
INFO: [ app_init ] --END-- [ RunTime:0.000715s ]
INFO: [ app_begin ] --START--
INFO: Run Behavior\ReadHtmlCacheBehavior [ RunTime:0.000990s ]
INFO: [ app_begin ] --END-- [ RunTime:0.001157s ]
NOTIC: [2048] Declaration of Home\Controller\CommonController::error() should be compatible with Think\Controller::error($message = '', $jumpUrl = '', $ajax = false) E:\wampserv\wamp\www\mypro\cms1\Application\Home\Controller\CommonController.class.php 第 11 行.
NOTIC: [8192] mysql_connect(): The mysql extension is deprecated and will be removed in the future: use mysqli or PDO instead E:\wampserv\wamp\www\mypro\cms1\ThinkPHP\Library\Think\Db\Driver\Mysql.class.php 第 52 行.
SQL: SHOW COLUMNS FROM `cms_menu` [ RunTime:0.004532s ]
SQL: SELECT * FROM `cms_menu` WHERE ( type=0 )  [ RunTime:0.000413s ]
SQL: SHOW COLUMNS FROM `cms_news` [ RunTime:0.004527s ]
SQL: SELECT * FROM `cms_news` ORDER BY count desc LIMIT 0,5   [ RunTime:0.000514s ]
SQL: SHOW COLUMNS FROM `cms_position_content` [ RunTime:0.004216s ]
SQL: SELECT * FROM `cms_position_content` WHERE `position_id` = 5 ORDER BY update_time desc,listorder desc LIMIT 0,3   [ RunTime:0.000389s ]
SQL: SELECT COUNT(*) AS tp_Count FROM `cms_news` WHERE `catid` = 8 LIMIT 1   [ RunTime:0.000444s ]
SQL: SELECT * FROM `cms_news` WHERE `catid` = 8 ORDER BY update_time desc,listorder desc LIMIT 0,5   [ RunTime:0.001153s ]
INFO: [ view_parse ] --START--
INFO: [ template_filter ] --START--
INFO: Run Behavior\ContentReplaceBehavior [ RunTime:0.000094s ]
INFO: [ template_filter ] --END-- [ RunTime:0.000263s ]
INFO: Run Behavior\ParseTemplateBehavior [ RunTime:0.019745s ]
INFO: [ view_parse ] --END-- [ RunTime:0.019930s ]
INFO: [ view_filter ] --START--
INFO: Run Behavior\WriteHtmlCacheBehavior [ RunTime:0.000793s ]
INFO: [ view_filter ] --END-- [ RunTime:0.000949s ]
INFO: [ app_end ] --START--
INFO: Run Behavior\ShowPageTraceBehavior [ RunTime:0.001550s ]
INFO: [ app_end ] --END-- [ RunTime:0.001843s ]

[ 2017-01-17T12:59:55+08:00 ] ::1 /mypro/cms1/index.php?c=Cat&id=12
INFO: [ app_init ] --START--
INFO: Run Behavior\BuildLiteBehavior [ RunTime:0.000035s ]
INFO: [ app_init ] --END-- [ RunTime:0.000703s ]
INFO: [ app_begin ] --START--
INFO: Run Behavior\ReadHtmlCacheBehavior [ RunTime:0.000993s ]
INFO: [ app_begin ] --END-- [ RunTime:0.001161s ]
NOTIC: [2048] Declaration of Home\Controller\CommonController::error() should be compatible with Think\Controller::error($message = '', $jumpUrl = '', $ajax = false) E:\wampserv\wamp\www\mypro\cms1\Application\Home\Controller\CommonController.class.php 第 11 行.
NOTIC: [8192] mysql_connect(): The mysql extension is deprecated and will be removed in the future: use mysqli or PDO instead E:\wampserv\wamp\www\mypro\cms1\ThinkPHP\Library\Think\Db\Driver\Mysql.class.php 第 52 行.
SQL: SHOW COLUMNS FROM `cms_menu` [ RunTime:0.004564s ]
SQL: SELECT * FROM `cms_menu` WHERE ( type=0 )  [ RunTime:0.000394s ]
SQL: SHOW COLUMNS FROM `cms_news` [ RunTime:0.005066s ]
SQL: SELECT * FROM `cms_news` ORDER BY count desc LIMIT 0,5   [ RunTime:0.000594s ]
SQL: SHOW COLUMNS FROM `cms_position_content` [ RunTime:0.004186s ]
SQL: SELECT * FROM `cms_position_content` WHERE `position_id` = 5 ORDER BY update_time desc,listorder desc LIMIT 0,3   [ RunTime:0.000383s ]
SQL: SELECT COUNT(*) AS tp_Count FROM `cms_news` WHERE `catid` = 12 LIMIT 1   [ RunTime:0.000286s ]
SQL: SELECT * FROM `cms_news` WHERE `catid` = 12 ORDER BY update_time desc,listorder desc LIMIT 0,5   [ RunTime:0.000399s ]
INFO: [ view_parse ] --START--
INFO: [ template_filter ] --START--
INFO: Run Behavior\ContentReplaceBehavior [ RunTime:0.000091s ]
INFO: [ template_filter ] --END-- [ RunTime:0.000265s ]
INFO: Run Behavior\ParseTemplateBehavior [ RunTime:0.021307s ]
INFO: [ view_parse ] --END-- [ RunTime:0.021490s ]
INFO: [ view_filter ] --START--
INFO: Run Behavior\WriteHtmlCacheBehavior [ RunTime:0.000767s ]
INFO: [ view_filter ] --END-- [ RunTime:0.000925s ]
INFO: [ app_end ] --START--
INFO: Run Behavior\ShowPageTraceBehavior [ RunTime:0.000964s ]
INFO: [ app_end ] --END-- [ RunTime:0.001125s ]

[ 2017-01-17T12:59:57+08:00 ] ::1 /mypro/cms1/index.php?c=Cat&id=3
INFO: [ app_init ] --START--
INFO: Run Behavior\BuildLiteBehavior [ RunTime:0.000034s ]
INFO: [ app_init ] --END-- [ RunTime:0.000702s ]
INFO: [ app_begin ] --START--
INFO: Run Behavior\ReadHtmlCacheBehavior [ RunTime:0.001341s ]
INFO: [ app_begin ] --END-- [ RunTime:0.001534s ]
NOTIC: [2048] Declaration of Home\Controller\CommonController::error() should be compatible with Think\Controller::error($message = '', $jumpUrl = '', $ajax = false) E:\wampserv\wamp\www\mypro\cms1\Application\Home\Controller\CommonController.class.php 第 11 行.
NOTIC: [8192] mysql_connect(): The mysql extension is deprecated and will be removed in the future: use mysqli or PDO instead E:\wampserv\wamp\www\mypro\cms1\ThinkPHP\Library\Think\Db\Driver\Mysql.class.php 第 52 行.
SQL: SHOW COLUMNS FROM `cms_menu` [ RunTime:0.004693s ]
SQL: SELECT * FROM `cms_menu` WHERE ( type=0 )  [ RunTime:0.000396s ]
SQL: SHOW COLUMNS FROM `cms_news` [ RunTime:0.004731s ]
SQL: SELECT * FROM `cms_news` ORDER BY count desc LIMIT 0,5   [ RunTime:0.000509s ]
SQL: SHOW COLUMNS FROM `cms_position_content` [ RunTime:0.004454s ]
SQL: SELECT * FROM `cms_position_content` WHERE `position_id` = 5 ORDER BY update_time desc,listorder desc LIMIT 0,3   [ RunTime:0.000416s ]
SQL: SELECT COUNT(*) AS tp_Count FROM `cms_news` WHERE `catid` = 3 LIMIT 1   [ RunTime:0.000290s ]
SQL: SELECT * FROM `cms_news` WHERE `catid` = 3 ORDER BY update_time desc,listorder desc LIMIT 0,5   [ RunTime:0.000782s ]
INFO: [ view_parse ] --START--
INFO: [ template_filter ] --START--
INFO: Run Behavior\ContentReplaceBehavior [ RunTime:0.000093s ]
INFO: [ template_filter ] --END-- [ RunTime:0.000261s ]
INFO: Run Behavior\ParseTemplateBehavior [ RunTime:0.019828s ]
INFO: [ view_parse ] --END-- [ RunTime:0.020032s ]
INFO: [ view_filter ] --START--
INFO: Run Behavior\WriteHtmlCacheBehavior [ RunTime:0.000843s ]
INFO: [ view_filter ] --END-- [ RunTime:0.001003s ]
INFO: [ app_end ] --START--
INFO: Run Behavior\ShowPageTraceBehavior [ RunTime:0.001627s ]
INFO: [ app_end ] --END-- [ RunTime:0.001918s ]

[ 2017-01-17T12:59:58+08:00 ] ::1 /mypro/cms1/index.php?c=Cat&id=8
INFO: [ app_init ] --START--
INFO: Run Behavior\BuildLiteBehavior [ RunTime:0.000036s ]
INFO: [ app_init ] --END-- [ RunTime:0.000726s ]
INFO: [ app_begin ] --START--
INFO: Run Behavior\ReadHtmlCacheBehavior [ RunTime:0.000945s ]
INFO: [ app_begin ] --END-- [ RunTime:0.001108s ]
NOTIC: [2048] Declaration of Home\Controller\CommonController::error() should be compatible with Think\Controller::error($message = '', $jumpUrl = '', $ajax = false) E:\wampserv\wamp\www\mypro\cms1\Application\Home\Controller\CommonController.class.php 第 11 行.
NOTIC: [8192] mysql_connect(): The mysql extension is deprecated and will be removed in the future: use mysqli or PDO instead E:\wampserv\wamp\www\mypro\cms1\ThinkPHP\Library\Think\Db\Driver\Mysql.class.php 第 52 行.
SQL: SHOW COLUMNS FROM `cms_menu` [ RunTime:0.007476s ]
SQL: SELECT * FROM `cms_menu` WHERE ( type=0 )  [ RunTime:0.000388s ]
SQL: SHOW COLUMNS FROM `cms_news` [ RunTime:0.004782s ]
SQL: SELECT * FROM `cms_news` ORDER BY count desc LIMIT 0,5   [ RunTime:0.000517s ]
SQL: SHOW COLUMNS FROM `cms_position_content` [ RunTime:0.005022s ]
SQL: SELECT * FROM `cms_position_content` WHERE `position_id` = 5 ORDER BY update_time desc,listorder desc LIMIT 0,3   [ RunTime:0.000414s ]
SQL: SELECT COUNT(*) AS tp_Count FROM `cms_news` WHERE `catid` = 8 LIMIT 1   [ RunTime:0.000273s ]
SQL: SELECT * FROM `cms_news` WHERE `catid` = 8 ORDER BY update_time desc,listorder desc LIMIT 0,5   [ RunTime:0.000460s ]
INFO: [ view_parse ] --START--
INFO: [ template_filter ] --START--
INFO: Run Behavior\ContentReplaceBehavior [ RunTime:0.000095s ]
INFO: [ template_filter ] --END-- [ RunTime:0.000269s ]
INFO: Run Behavior\ParseTemplateBehavior [ RunTime:0.021860s ]
INFO: [ view_parse ] --END-- [ RunTime:0.022053s ]
INFO: [ view_filter ] --START--
INFO: Run Behavior\WriteHtmlCacheBehavior [ RunTime:0.000876s ]
INFO: [ view_filter ] --END-- [ RunTime:0.001032s ]
INFO: [ app_end ] --START--
INFO: Run Behavior\ShowPageTraceBehavior [ RunTime:0.001307s ]
INFO: [ app_end ] --END-- [ RunTime:0.001581s ]

[ 2017-01-17T13:00:03+08:00 ] ::1 /mypro/cms1/index.php?c=Cat&id=3
INFO: [ app_init ] --START--
INFO: Run Behavior\BuildLiteBehavior [ RunTime:0.000039s ]
INFO: [ app_init ] --END-- [ RunTime:0.000801s ]
INFO: [ app_begin ] --START--
INFO: Run Behavior\ReadHtmlCacheBehavior [ RunTime:0.000967s ]
INFO: [ app_begin ] --END-- [ RunTime:0.001131s ]
NOTIC: [2048] Declaration of Home\Controller\CommonController::error() should be compatible with Think\Controller::error($message = '', $jumpUrl = '', $ajax = false) E:\wampserv\wamp\www\mypro\cms1\Application\Home\Controller\CommonController.class.php 第 11 行.
NOTIC: [8192] mysql_connect(): The mysql extension is deprecated and will be removed in the future: use mysqli or PDO instead E:\wampserv\wamp\www\mypro\cms1\ThinkPHP\Library\Think\Db\Driver\Mysql.class.php 第 52 行.
SQL: SHOW COLUMNS FROM `cms_menu` [ RunTime:0.250941s ]
SQL: SELECT * FROM `cms_menu` WHERE ( type=0 )  [ RunTime:0.001010s ]
SQL: SHOW COLUMNS FROM `cms_news` [ RunTime:0.010350s ]
SQL: SELECT * FROM `cms_news` ORDER BY count desc LIMIT 0,5   [ RunTime:0.001100s ]
SQL: SHOW COLUMNS FROM `cms_position_content` [ RunTime:0.009055s ]
SQL: SELECT * FROM `cms_position_content` WHERE `position_id` = 5 ORDER BY update_time desc,listorder desc LIMIT 0,3   [ RunTime:0.000874s ]
SQL: SELECT COUNT(*) AS tp_Count FROM `cms_news` WHERE `catid` = 3 LIMIT 1   [ RunTime:0.000600s ]
SQL: SELECT * FROM `cms_news` WHERE `catid` = 3 ORDER BY update_time desc,listorder desc LIMIT 0,5   [ RunTime:0.001590s ]
INFO: [ view_parse ] --START--
INFO: [ template_filter ] --START--
INFO: Run Behavior\ContentReplaceBehavior [ RunTime:0.000119s ]
INFO: [ template_filter ] --END-- [ RunTime:0.000349s ]
INFO: Run Behavior\ParseTemplateBehavior [ RunTime:0.027304s ]
INFO: [ view_parse ] --END-- [ RunTime:0.027686s ]
INFO: [ view_filter ] --START--
INFO: Run Behavior\WriteHtmlCacheBehavior [ RunTime:0.001130s ]
INFO: [ view_filter ] --END-- [ RunTime:0.001319s ]
INFO: [ app_end ] --START--
INFO: Run Behavior\ShowPageTraceBehavior [ RunTime:0.001504s ]
INFO: [ app_end ] --END-- [ RunTime:0.001791s ]

[ 2017-01-17T13:03:20+08:00 ] ::1 /mypro/cms1/index.php?c=Cat&id=3
INFO: [ app_init ] --START--
INFO: Run Behavior\BuildLiteBehavior [ RunTime:0.000046s ]
INFO: [ app_init ] --END-- [ RunTime:0.000948s ]
INFO: [ app_begin ] --START--
INFO: Run Behavior\ReadHtmlCacheBehavior [ RunTime:0.001315s ]
INFO: [ app_begin ] --END-- [ RunTime:0.001527s ]
NOTIC: [2048] Declaration of Home\Controller\CommonController::error() should be compatible with Think\Controller::error($message = '', $jumpUrl = '', $ajax = false) E:\wampserv\wamp\www\mypro\cms1\Application\Home\Controller\CommonController.class.php 第 11 行.
NOTIC: [8192] mysql_connect(): The mysql extension is deprecated and will be removed in the future: use mysqli or PDO instead E:\wampserv\wamp\www\mypro\cms1\ThinkPHP\Library\Think\Db\Driver\Mysql.class.php 第 52 行.
SQL: SHOW COLUMNS FROM `cms_menu` [ RunTime:0.005487s ]
SQL: SELECT * FROM `cms_menu` WHERE ( type=0 )  [ RunTime:0.000449s ]
SQL: SHOW COLUMNS FROM `cms_news` [ RunTime:0.004745s ]
SQL: SELECT * FROM `cms_news` ORDER BY count desc LIMIT 0,5   [ RunTime:0.000529s ]
SQL: SHOW COLUMNS FROM `cms_position_content` [ RunTime:0.004228s ]
SQL: SELECT * FROM `cms_position_content` WHERE `position_id` = 5 ORDER BY update_time desc,listorder desc LIMIT 0,3   [ RunTime:0.000517s ]
SQL: SELECT COUNT(*) AS tp_Count FROM `cms_news` WHERE `catid` = 3 LIMIT 1   [ RunTime:0.000434s ]
SQL: SELECT * FROM `cms_news` WHERE `catid` = 3 ORDER BY update_time desc,listorder desc LIMIT 0,5   [ RunTime:0.000596s ]
INFO: [ view_parse ] --START--
INFO: [ template_filter ] --START--
INFO: Run Behavior\ContentReplaceBehavior [ RunTime:0.000093s ]
INFO: [ template_filter ] --END-- [ RunTime:0.000264s ]
INFO: Run Behavior\ParseTemplateBehavior [ RunTime:0.022126s ]
INFO: [ view_parse ] --END-- [ RunTime:0.022416s ]
INFO: [ view_filter ] --START--
INFO: Run Behavior\WriteHtmlCacheBehavior [ RunTime:0.001151s ]
INFO: [ view_filter ] --END-- [ RunTime:0.001414s ]
INFO: [ app_end ] --START--
INFO: Run Behavior\ShowPageTraceBehavior [ RunTime:0.001842s ]
INFO: [ app_end ] --END-- [ RunTime:0.002162s ]

[ 2017-01-17T13:03:24+08:00 ] ::1 /mypro/cms1/index.php?c=Cat&id=8
INFO: [ app_init ] --START--
INFO: Run Behavior\BuildLiteBehavior [ RunTime:0.000037s ]
INFO: [ app_init ] --END-- [ RunTime:0.000778s ]
INFO: [ app_begin ] --START--
INFO: Run Behavior\ReadHtmlCacheBehavior [ RunTime:0.001011s ]
INFO: [ app_begin ] --END-- [ RunTime:0.001187s ]
NOTIC: [2048] Declaration of Home\Controller\CommonController::error() should be compatible with Think\Controller::error($message = '', $jumpUrl = '', $ajax = false) E:\wampserv\wamp\www\mypro\cms1\Application\Home\Controller\CommonController.class.php 第 11 行.
NOTIC: [8192] mysql_connect(): The mysql extension is deprecated and will be removed in the future: use mysqli or PDO instead E:\wampserv\wamp\www\mypro\cms1\ThinkPHP\Library\Think\Db\Driver\Mysql.class.php 第 52 行.
SQL: SHOW COLUMNS FROM `cms_menu` [ RunTime:0.004352s ]
SQL: SELECT * FROM `cms_menu` WHERE ( type=0 )  [ RunTime:0.000390s ]
SQL: SHOW COLUMNS FROM `cms_news` [ RunTime:0.004468s ]
SQL: SELECT * FROM `cms_news` ORDER BY count desc LIMIT 0,5   [ RunTime:0.000526s ]
SQL: SHOW COLUMNS FROM `cms_position_content` [ RunTime:0.004342s ]
SQL: SELECT * FROM `cms_position_content` WHERE `position_id` = 5 ORDER BY update_time desc,listorder desc LIMIT 0,3   [ RunTime:0.000427s ]
SQL: SELECT COUNT(*) AS tp_Count FROM `cms_news` WHERE `catid` = 8 LIMIT 1   [ RunTime:0.000368s ]
SQL: SELECT * FROM `cms_news` WHERE `catid` = 8 ORDER BY update_time desc,listorder desc LIMIT 0,5   [ RunTime:0.000718s ]
INFO: [ view_parse ] --START--
INFO: [ template_filter ] --START--
INFO: Run Behavior\ContentReplaceBehavior [ RunTime:0.000091s ]
INFO: [ template_filter ] --END-- [ RunTime:0.000258s ]
INFO: Run Behavior\ParseTemplateBehavior [ RunTime:0.019558s ]
INFO: [ view_parse ] --END-- [ RunTime:0.019829s ]
INFO: [ view_filter ] --START--
INFO: Run Behavior\WriteHtmlCacheBehavior [ RunTime:0.001090s ]
INFO: [ view_filter ] --END-- [ RunTime:0.001323s ]
INFO: [ app_end ] --START--
INFO: Run Behavior\ShowPageTraceBehavior [ RunTime:0.001705s ]
INFO: [ app_end ] --END-- [ RunTime:0.002001s ]

[ 2017-01-17T13:03:25+08:00 ] ::1 /mypro/cms1/index.php?c=Cat&id=12
INFO: [ app_init ] --START--
INFO: Run Behavior\BuildLiteBehavior [ RunTime:0.000037s ]
INFO: [ app_init ] --END-- [ RunTime:0.000669s ]
INFO: [ app_begin ] --START--
INFO: Run Behavior\ReadHtmlCacheBehavior [ RunTime:0.001481s ]
INFO: [ app_begin ] --END-- [ RunTime:0.001658s ]
NOTIC: [2048] Declaration of Home\Controller\CommonController::error() should be compatible with Think\Controller::error($message = '', $jumpUrl = '', $ajax = false) E:\wampserv\wamp\www\mypro\cms1\Application\Home\Controller\CommonController.class.php 第 11 行.
NOTIC: [8192] mysql_connect(): The mysql extension is deprecated and will be removed in the future: use mysqli or PDO instead E:\wampserv\wamp\www\mypro\cms1\ThinkPHP\Library\Think\Db\Driver\Mysql.class.php 第 52 行.
SQL: SHOW COLUMNS FROM `cms_menu` [ RunTime:0.004473s ]
SQL: SELECT * FROM `cms_menu` WHERE ( type=0 )  [ RunTime:0.000392s ]
SQL: SHOW COLUMNS FROM `cms_news` [ RunTime:0.005286s ]
SQL: SELECT * FROM `cms_news` ORDER BY count desc LIMIT 0,5   [ RunTime:0.000563s ]
SQL: SHOW COLUMNS FROM `cms_position_content` [ RunTime:0.004680s ]
SQL: SELECT * FROM `cms_position_content` WHERE `position_id` = 5 ORDER BY update_time desc,listorder desc LIMIT 0,3   [ RunTime:0.000435s ]
SQL: SELECT COUNT(*) AS tp_Count FROM `cms_news` WHERE `catid` = 12 LIMIT 1   [ RunTime:0.000316s ]
SQL: SELECT * FROM `cms_news` WHERE `catid` = 12 ORDER BY update_time desc,listorder desc LIMIT 0,5   [ RunTime:0.000450s ]
INFO: [ view_parse ] --START--
INFO: [ template_filter ] --START--
INFO: Run Behavior\ContentReplaceBehavior [ RunTime:0.000090s ]
INFO: [ template_filter ] --END-- [ RunTime:0.000255s ]
INFO: Run Behavior\ParseTemplateBehavior [ RunTime:0.020247s ]
INFO: [ view_parse ] --END-- [ RunTime:0.020535s ]
INFO: [ view_filter ] --START--
INFO: Run Behavior\WriteHtmlCacheBehavior [ RunTime:0.001144s ]
INFO: [ view_filter ] --END-- [ RunTime:0.001499s ]
INFO: [ app_end ] --START--
INFO: Run Behavior\ShowPageTraceBehavior [ RunTime:0.001245s ]
INFO: [ app_end ] --END-- [ RunTime:0.001496s ]

[ 2017-01-17T13:03:27+08:00 ] ::1 /mypro/cms1/index.php?c=Index
INFO: [ app_init ] --START--
INFO: Run Behavior\BuildLiteBehavior [ RunTime:0.000035s ]
INFO: [ app_init ] --END-- [ RunTime:0.000684s ]
INFO: [ app_begin ] --START--
INFO: Run Behavior\ReadHtmlCacheBehavior [ RunTime:0.001131s ]
INFO: [ app_begin ] --END-- [ RunTime:0.001360s ]
NOTIC: [2048] Declaration of Home\Controller\CommonController::error() should be compatible with Think\Controller::error($message = '', $jumpUrl = '', $ajax = false) E:\wampserv\wamp\www\mypro\cms1\Application\Home\Controller\CommonController.class.php 第 11 行.
NOTIC: [8192] mysql_connect(): The mysql extension is deprecated and will be removed in the future: use mysqli or PDO instead E:\wampserv\wamp\www\mypro\cms1\ThinkPHP\Library\Think\Db\Driver\Mysql.class.php 第 52 行.
SQL: SHOW COLUMNS FROM `cms_menu` [ RunTime:0.004763s ]
SQL: SELECT * FROM `cms_menu` WHERE ( type=0 )  [ RunTime:0.000407s ]
SQL: SHOW COLUMNS FROM `cms_position_content` [ RunTime:0.004314s ]
SQL: SELECT * FROM `cms_position_content` WHERE `position_id` = 2 ORDER BY update_time desc,listorder desc LIMIT 0,3   [ RunTime:0.000473s ]
SQL: SELECT * FROM `cms_position_content` WHERE `position_id` = 3 ORDER BY update_time desc,listorder desc LIMIT 0,3   [ RunTime:0.000542s ]
SQL: SHOW COLUMNS FROM `cms_news` [ RunTime:0.005017s ]
SQL: SELECT * FROM `cms_news` ORDER BY count desc LIMIT 0,5   [ RunTime:0.000507s ]
SQL: SELECT * FROM `cms_position_content` WHERE `position_id` = 5 ORDER BY update_time desc,listorder desc LIMIT 0,3   [ RunTime:0.000320s ]
NOTIC: [2] Missing argument 1 for Common\Model\ContentModel::getlist(), called in E:\wampserv\wamp\www\mypro\cms1\Application\Home\Controller\IndexController.class.php on line 40 and defined E:\wampserv\wamp\www\mypro\cms1\Application\Common\Model\ContentModel.class.php 第 17 行.
NOTIC: [8] Undefined variable: condation E:\wampserv\wamp\www\mypro\cms1\Application\Common\Model\ContentModel.class.php 第 18 行.
SQL: SELECT COUNT(*) AS tp_Count FROM `cms_news` LIMIT 1   [ RunTime:0.000210s ]
SQL: SELECT * FROM `cms_news` ORDER BY update_time desc,listorder desc LIMIT 0,5   [ RunTime:0.000436s ]
NOTIC: [2] Missing argument 1 for Common\Model\ContentModel::getCurrentList(), called in E:\wampserv\wamp\www\mypro\cms1\Application\Home\Controller\IndexController.class.php on line 90 and defined E:\wampserv\wamp\www\mypro\cms1\Application\Common\Model\ContentModel.class.php 第 22 行.
NOTIC: [2] Missing argument 2 for Common\Model\ContentModel::getCurrentList(), called in E:\wampserv\wamp\www\mypro\cms1\Application\Home\Controller\IndexController.class.php on line 90 and defined E:\wampserv\wamp\www\mypro\cms1\Application\Common\Model\ContentModel.class.php 第 22 行.
NOTIC: [2] Missing argument 3 for Common\Model\ContentModel::getCurrentList(), called in E:\wampserv\wamp\www\mypro\cms1\Application\Home\Controller\IndexController.class.php on line 90 and defined E:\wampserv\wamp\www\mypro\cms1\Application\Common\Model\ContentModel.class.php 第 22 行.
NOTIC: [8] Undefined variable: condation E:\wampserv\wamp\www\mypro\cms1\Application\Common\Model\ContentModel.class.php 第 23 行.
NOTIC: [8] Undefined variable: offset E:\wampserv\wamp\www\mypro\cms1\Application\Common\Model\ContentModel.class.php 第 23 行.
NOTIC: [8] Undefined variable: perPageCount E:\wampserv\wamp\www\mypro\cms1\Application\Common\Model\ContentModel.class.php 第 23 行.
SQL: SELECT * FROM `cms_news` ORDER BY update_time desc,listorder desc  [ RunTime:0.000668s ]
INFO: [ view_parse ] --START--
INFO: [ template_filter ] --START--
INFO: Run Behavior\ContentReplaceBehavior [ RunTime:0.000113s ]
INFO: [ template_filter ] --END-- [ RunTime:0.000289s ]
INFO: Run Behavior\ParseTemplateBehavior [ RunTime:0.026399s ]
INFO: [ view_parse ] --END-- [ RunTime:0.026669s ]
INFO: [ view_filter ] --START--
INFO: Run Behavior\WriteHtmlCacheBehavior [ RunTime:0.001124s ]
INFO: [ view_filter ] --END-- [ RunTime:0.001466s ]
INFO: [ app_end ] --START--
INFO: Run Behavior\ShowPageTraceBehavior [ RunTime:0.001729s ]
INFO: [ app_end ] --END-- [ RunTime:0.002081s ]

[ 2017-01-17T13:03:28+08:00 ] ::1 /mypro/cms1/index.php?c=Cat&id=3
INFO: [ app_init ] --START--
INFO: Run Behavior\BuildLiteBehavior [ RunTime:0.000037s ]
INFO: [ app_init ] --END-- [ RunTime:0.000785s ]
INFO: [ app_begin ] --START--
INFO: Run Behavior\ReadHtmlCacheBehavior [ RunTime:0.001055s ]
INFO: [ app_begin ] --END-- [ RunTime:0.001226s ]
NOTIC: [2048] Declaration of Home\Controller\CommonController::error() should be compatible with Think\Controller::error($message = '', $jumpUrl = '', $ajax = false) E:\wampserv\wamp\www\mypro\cms1\Application\Home\Controller\CommonController.class.php 第 11 行.
NOTIC: [8192] mysql_connect(): The mysql extension is deprecated and will be removed in the future: use mysqli or PDO instead E:\wampserv\wamp\www\mypro\cms1\ThinkPHP\Library\Think\Db\Driver\Mysql.class.php 第 52 行.
SQL: SHOW COLUMNS FROM `cms_menu` [ RunTime:0.004527s ]
SQL: SELECT * FROM `cms_menu` WHERE ( type=0 )  [ RunTime:0.000406s ]
SQL: SHOW COLUMNS FROM `cms_news` [ RunTime:0.004826s ]
SQL: SELECT * FROM `cms_news` ORDER BY count desc LIMIT 0,5   [ RunTime:0.000523s ]
SQL: SHOW COLUMNS FROM `cms_position_content` [ RunTime:0.004048s ]
SQL: SELECT * FROM `cms_position_content` WHERE `position_id` = 5 ORDER BY update_time desc,listorder desc LIMIT 0,3   [ RunTime:0.000593s ]
SQL: SELECT COUNT(*) AS tp_Count FROM `cms_news` WHERE `catid` = 3 LIMIT 1   [ RunTime:0.000389s ]
SQL: SELECT * FROM `cms_news` WHERE `catid` = 3 ORDER BY update_time desc,listorder desc LIMIT 0,5   [ RunTime:0.000574s ]
INFO: [ view_parse ] --START--
INFO: [ template_filter ] --START--
INFO: Run Behavior\ContentReplaceBehavior [ RunTime:0.000093s ]
INFO: [ template_filter ] --END-- [ RunTime:0.000258s ]
INFO: Run Behavior\ParseTemplateBehavior [ RunTime:0.019693s ]
INFO: [ view_parse ] --END-- [ RunTime:0.019891s ]
INFO: [ view_filter ] --START--
INFO: Run Behavior\WriteHtmlCacheBehavior [ RunTime:0.000861s ]
INFO: [ view_filter ] --END-- [ RunTime:0.001023s ]
INFO: [ app_end ] --START--
INFO: Run Behavior\ShowPageTraceBehavior [ RunTime:0.001556s ]
INFO: [ app_end ] --END-- [ RunTime:0.001832s ]

[ 2017-01-17T13:03:30+08:00 ] ::1 /mypro/cms1/index.php?c=Cat&id=8
INFO: [ app_init ] --START--
INFO: Run Behavior\BuildLiteBehavior [ RunTime:0.000037s ]
INFO: [ app_init ] --END-- [ RunTime:0.000785s ]
INFO: [ app_begin ] --START--
INFO: Run Behavior\ReadHtmlCacheBehavior [ RunTime:0.001012s ]
INFO: [ app_begin ] --END-- [ RunTime:0.001181s ]
NOTIC: [2048] Declaration of Home\Controller\CommonController::error() should be compatible with Think\Controller::error($message = '', $jumpUrl = '', $ajax = false) E:\wampserv\wamp\www\mypro\cms1\Application\Home\Controller\CommonController.class.php 第 11 行.
NOTIC: [8192] mysql_connect(): The mysql extension is deprecated and will be removed in the future: use mysqli or PDO instead E:\wampserv\wamp\www\mypro\cms1\ThinkPHP\Library\Think\Db\Driver\Mysql.class.php 第 52 行.
SQL: SHOW COLUMNS FROM `cms_menu` [ RunTime:0.004428s ]
SQL: SELECT * FROM `cms_menu` WHERE ( type=0 )  [ RunTime:0.000420s ]
SQL: SHOW COLUMNS FROM `cms_news` [ RunTime:0.004507s ]
SQL: SELECT * FROM `cms_news` ORDER BY count desc LIMIT 0,5   [ RunTime:0.000550s ]
SQL: SHOW COLUMNS FROM `cms_position_content` [ RunTime:0.005786s ]
SQL: SELECT * FROM `cms_position_content` WHERE `position_id` = 5 ORDER BY update_time desc,listorder desc LIMIT 0,3   [ RunTime:0.000413s ]
SQL: SELECT COUNT(*) AS tp_Count FROM `cms_news` WHERE `catid` = 8 LIMIT 1   [ RunTime:0.000275s ]
SQL: SELECT * FROM `cms_news` WHERE `catid` = 8 ORDER BY update_time desc,listorder desc LIMIT 0,5   [ RunTime:0.000467s ]
INFO: [ view_parse ] --START--
INFO: [ template_filter ] --START--
INFO: Run Behavior\ContentReplaceBehavior [ RunTime:0.000093s ]
INFO: [ template_filter ] --END-- [ RunTime:0.000258s ]
INFO: Run Behavior\ParseTemplateBehavior [ RunTime:0.019653s ]
INFO: [ view_parse ] --END-- [ RunTime:0.019838s ]
INFO: [ view_filter ] --START--
INFO: Run Behavior\WriteHtmlCacheBehavior [ RunTime:0.000840s ]
INFO: [ view_filter ] --END-- [ RunTime:0.000995s ]
INFO: [ app_end ] --START--
INFO: Run Behavior\ShowPageTraceBehavior [ RunTime:0.001591s ]
INFO: [ app_end ] --END-- [ RunTime:0.001938s ]

[ 2017-01-17T13:03:31+08:00 ] ::1 /mypro/cms1/index.php?c=Cat&id=12
INFO: [ app_init ] --START--
INFO: Run Behavior\BuildLiteBehavior [ RunTime:0.000067s ]
INFO: [ app_init ] --END-- [ RunTime:0.000838s ]
INFO: [ app_begin ] --START--
INFO: Run Behavior\ReadHtmlCacheBehavior [ RunTime:0.000954s ]
INFO: [ app_begin ] --END-- [ RunTime:0.001122s ]
NOTIC: [2048] Declaration of Home\Controller\CommonController::error() should be compatible with Think\Controller::error($message = '', $jumpUrl = '', $ajax = false) E:\wampserv\wamp\www\mypro\cms1\Application\Home\Controller\CommonController.class.php 第 11 行.
NOTIC: [8192] mysql_connect(): The mysql extension is deprecated and will be removed in the future: use mysqli or PDO instead E:\wampserv\wamp\www\mypro\cms1\ThinkPHP\Library\Think\Db\Driver\Mysql.class.php 第 52 行.
SQL: SHOW COLUMNS FROM `cms_menu` [ RunTime:0.023032s ]
SQL: SELECT * FROM `cms_menu` WHERE ( type=0 )  [ RunTime:0.000393s ]
SQL: SHOW COLUMNS FROM `cms_news` [ RunTime:0.198066s ]
SQL: SELECT * FROM `cms_news` ORDER BY count desc LIMIT 0,5   [ RunTime:0.001116s ]
SQL: SHOW COLUMNS FROM `cms_position_content` [ RunTime:0.008533s ]
SQL: SELECT * FROM `cms_position_content` WHERE `position_id` = 5 ORDER BY update_time desc,listorder desc LIMIT 0,3   [ RunTime:0.001118s ]
SQL: SELECT COUNT(*) AS tp_Count FROM `cms_news` WHERE `catid` = 12 LIMIT 1   [ RunTime:0.000679s ]
SQL: SELECT * FROM `cms_news` WHERE `catid` = 12 ORDER BY update_time desc,listorder desc LIMIT 0,5   [ RunTime:0.000842s ]
INFO: [ view_parse ] --START--
INFO: [ template_filter ] --START--
INFO: Run Behavior\ContentReplaceBehavior [ RunTime:0.000130s ]
INFO: [ template_filter ] --END-- [ RunTime:0.000356s ]
INFO: Run Behavior\ParseTemplateBehavior [ RunTime:0.035262s ]
INFO: [ view_parse ] --END-- [ RunTime:0.035563s ]
INFO: [ view_filter ] --START--
INFO: Run Behavior\WriteHtmlCacheBehavior [ RunTime:0.001187s ]
INFO: [ view_filter ] --END-- [ RunTime:0.001406s ]
INFO: [ app_end ] --START--
INFO: Run Behavior\ShowPageTraceBehavior [ RunTime:0.001423s ]
INFO: [ app_end ] --END-- [ RunTime:0.001649s ]

[ 2017-01-17T13:04:39+08:00 ] ::1 /mypro/cms1/index.php?c=Cat&id=3
INFO: [ app_init ] --START--
INFO: Run Behavior\BuildLiteBehavior [ RunTime:0.000049s ]
INFO: [ app_init ] --END-- [ RunTime:0.000951s ]
INFO: [ app_begin ] --START--
INFO: Run Behavior\ReadHtmlCacheBehavior [ RunTime:0.001052s ]
INFO: [ app_begin ] --END-- [ RunTime:0.001222s ]
NOTIC: [2048] Declaration of Home\Controller\CommonController::error() should be compatible with Think\Controller::error($message = '', $jumpUrl = '', $ajax = false) E:\wampserv\wamp\www\mypro\cms1\Application\Home\Controller\CommonController.class.php 第 11 行.
NOTIC: [8192] mysql_connect(): The mysql extension is deprecated and will be removed in the future: use mysqli or PDO instead E:\wampserv\wamp\www\mypro\cms1\ThinkPHP\Library\Think\Db\Driver\Mysql.class.php 第 52 行.
SQL: SHOW COLUMNS FROM `cms_menu` [ RunTime:0.004404s ]
SQL: SELECT * FROM `cms_menu` WHERE ( type=0 )  [ RunTime:0.000445s ]
SQL: SHOW COLUMNS FROM `cms_news` [ RunTime:0.004173s ]
SQL: SELECT * FROM `cms_news` ORDER BY count desc LIMIT 0,5   [ RunTime:0.000532s ]
SQL: SHOW COLUMNS FROM `cms_position_content` [ RunTime:0.005062s ]
SQL: SELECT * FROM `cms_position_content` WHERE `position_id` = 5 ORDER BY update_time desc,listorder desc LIMIT 0,3   [ RunTime:0.000691s ]
SQL: SELECT COUNT(*) AS tp_Count FROM `cms_news` WHERE `catid` = 3 LIMIT 1   [ RunTime:0.000459s ]
SQL: SELECT * FROM `cms_news` WHERE `catid` = 3 ORDER BY update_time desc,listorder desc LIMIT 0,5   [ RunTime:0.001066s ]
INFO: [ view_parse ] --START--
INFO: [ template_filter ] --START--
INFO: Run Behavior\ContentReplaceBehavior [ RunTime:0.000091s ]
INFO: [ template_filter ] --END-- [ RunTime:0.000262s ]
INFO: Run Behavior\ParseTemplateBehavior [ RunTime:0.019691s ]
INFO: [ view_parse ] --END-- [ RunTime:0.019886s ]
INFO: [ view_filter ] --START--
INFO: Run Behavior\WriteHtmlCacheBehavior [ RunTime:0.000914s ]
INFO: [ view_filter ] --END-- [ RunTime:0.001146s ]
INFO: [ app_end ] --START--
INFO: Run Behavior\ShowPageTraceBehavior [ RunTime:0.001877s ]
INFO: [ app_end ] --END-- [ RunTime:0.002273s ]

[ 2017-01-17T13:04:40+08:00 ] ::1 /mypro/cms1/index.php?c=Cat&id=8
INFO: [ app_init ] --START--
INFO: Run Behavior\BuildLiteBehavior [ RunTime:0.000035s ]
INFO: [ app_init ] --END-- [ RunTime:0.000699s ]
INFO: [ app_begin ] --START--
INFO: Run Behavior\ReadHtmlCacheBehavior [ RunTime:0.001268s ]
INFO: [ app_begin ] --END-- [ RunTime:0.001450s ]
NOTIC: [2048] Declaration of Home\Controller\CommonController::error() should be compatible with Think\Controller::error($message = '', $jumpUrl = '', $ajax = false) E:\wampserv\wamp\www\mypro\cms1\Application\Home\Controller\CommonController.class.php 第 11 行.
NOTIC: [8192] mysql_connect(): The mysql extension is deprecated and will be removed in the future: use mysqli or PDO instead E:\wampserv\wamp\www\mypro\cms1\ThinkPHP\Library\Think\Db\Driver\Mysql.class.php 第 52 行.
SQL: SHOW COLUMNS FROM `cms_menu` [ RunTime:0.005256s ]
SQL: SELECT * FROM `cms_menu` WHERE ( type=0 )  [ RunTime:0.000369s ]
SQL: SHOW COLUMNS FROM `cms_news` [ RunTime:0.004133s ]
SQL: SELECT * FROM `cms_news` ORDER BY count desc LIMIT 0,5   [ RunTime:0.000462s ]
SQL: SHOW COLUMNS FROM `cms_position_content` [ RunTime:0.005554s ]
SQL: SELECT * FROM `cms_position_content` WHERE `position_id` = 5 ORDER BY update_time desc,listorder desc LIMIT 0,3   [ RunTime:0.000434s ]
SQL: SELECT COUNT(*) AS tp_Count FROM `cms_news` WHERE `catid` = 8 LIMIT 1   [ RunTime:0.000648s ]
SQL: SELECT * FROM `cms_news` WHERE `catid` = 8 ORDER BY update_time desc,listorder desc LIMIT 0,5   [ RunTime:0.000593s ]
INFO: [ view_parse ] --START--
INFO: [ template_filter ] --START--
INFO: Run Behavior\ContentReplaceBehavior [ RunTime:0.000176s ]
INFO: [ template_filter ] --END-- [ RunTime:0.000473s ]
INFO: Run Behavior\ParseTemplateBehavior [ RunTime:0.022019s ]
INFO: [ view_parse ] --END-- [ RunTime:0.022439s ]
INFO: [ view_filter ] --START--
INFO: Run Behavior\WriteHtmlCacheBehavior [ RunTime:0.001761s ]
INFO: [ view_filter ] --END-- [ RunTime:0.002088s ]
INFO: [ app_end ] --START--
INFO: Run Behavior\ShowPageTraceBehavior [ RunTime:0.002450s ]
INFO: [ app_end ] --END-- [ RunTime:0.002949s ]

[ 2017-01-17T13:04:43+08:00 ] ::1 /mypro/cms1/index.php?c=Cat&id=3
INFO: [ app_init ] --START--
INFO: Run Behavior\BuildLiteBehavior [ RunTime:0.000035s ]
INFO: [ app_init ] --END-- [ RunTime:0.000714s ]
INFO: [ app_begin ] --START--
INFO: Run Behavior\ReadHtmlCacheBehavior [ RunTime:0.001150s ]
INFO: [ app_begin ] --END-- [ RunTime:0.001351s ]
NOTIC: [2048] Declaration of Home\Controller\CommonController::error() should be compatible with Think\Controller::error($message = '', $jumpUrl = '', $ajax = false) E:\wampserv\wamp\www\mypro\cms1\Application\Home\Controller\CommonController.class.php 第 11 行.
NOTIC: [8192] mysql_connect(): The mysql extension is deprecated and will be removed in the future: use mysqli or PDO instead E:\wampserv\wamp\www\mypro\cms1\ThinkPHP\Library\Think\Db\Driver\Mysql.class.php 第 52 行.
SQL: SHOW COLUMNS FROM `cms_menu` [ RunTime:0.020278s ]
SQL: SELECT * FROM `cms_menu` WHERE ( type=0 )  [ RunTime:0.000440s ]
SQL: SHOW COLUMNS FROM `cms_news` [ RunTime:0.004861s ]
SQL: SELECT * FROM `cms_news` ORDER BY count desc LIMIT 0,5   [ RunTime:0.000559s ]
SQL: SHOW COLUMNS FROM `cms_position_content` [ RunTime:0.004812s ]
SQL: SELECT * FROM `cms_position_content` WHERE `position_id` = 5 ORDER BY update_time desc,listorder desc LIMIT 0,3   [ RunTime:0.000484s ]
SQL: SELECT COUNT(*) AS tp_Count FROM `cms_news` WHERE `catid` = 3 LIMIT 1   [ RunTime:0.000339s ]
SQL: SELECT * FROM `cms_news` WHERE `catid` = 3 ORDER BY update_time desc,listorder desc LIMIT 0,5   [ RunTime:0.000662s ]
INFO: [ view_parse ] --START--
INFO: [ template_filter ] --START--
INFO: Run Behavior\ContentReplaceBehavior [ RunTime:0.000095s ]
INFO: [ template_filter ] --END-- [ RunTime:0.000266s ]
INFO: Run Behavior\ParseTemplateBehavior [ RunTime:0.020460s ]
INFO: [ view_parse ] --END-- [ RunTime:0.020755s ]
INFO: [ view_filter ] --START--
INFO: Run Behavior\WriteHtmlCacheBehavior [ RunTime:0.001207s ]
INFO: [ view_filter ] --END-- [ RunTime:0.001447s ]
INFO: [ app_end ] --START--
INFO: Run Behavior\ShowPageTraceBehavior [ RunTime:0.001649s ]
INFO: [ app_end ] --END-- [ RunTime:0.002015s ]

[ 2017-01-17T13:04:46+08:00 ] ::1 /mypro/cms1/index.php?c=Cat&id=8
INFO: [ app_init ] --START--
INFO: Run Behavior\BuildLiteBehavior [ RunTime:0.000038s ]
INFO: [ app_init ] --END-- [ RunTime:0.000760s ]
INFO: [ app_begin ] --START--
INFO: Run Behavior\ReadHtmlCacheBehavior [ RunTime:0.000969s ]
INFO: [ app_begin ] --END-- [ RunTime:0.001141s ]
NOTIC: [2048] Declaration of Home\Controller\CommonController::error() should be compatible with Think\Controller::error($message = '', $jumpUrl = '', $ajax = false) E:\wampserv\wamp\www\mypro\cms1\Application\Home\Controller\CommonController.class.php 第 11 行.
NOTIC: [8192] mysql_connect(): The mysql extension is deprecated and will be removed in the future: use mysqli or PDO instead E:\wampserv\wamp\www\mypro\cms1\ThinkPHP\Library\Think\Db\Driver\Mysql.class.php 第 52 行.
SQL: SHOW COLUMNS FROM `cms_menu` [ RunTime:0.004346s ]
SQL: SELECT * FROM `cms_menu` WHERE ( type=0 )  [ RunTime:0.000345s ]
SQL: SHOW COLUMNS FROM `cms_news` [ RunTime:0.004009s ]
SQL: SELECT * FROM `cms_news` ORDER BY count desc LIMIT 0,5   [ RunTime:0.000926s ]
SQL: SHOW COLUMNS FROM `cms_position_content` [ RunTime:0.004247s ]
SQL: SELECT * FROM `cms_position_content` WHERE `position_id` = 5 ORDER BY update_time desc,listorder desc LIMIT 0,3   [ RunTime:0.000488s ]
SQL: SELECT COUNT(*) AS tp_Count FROM `cms_news` WHERE `catid` = 8 LIMIT 1   [ RunTime:0.000285s ]
SQL: SELECT * FROM `cms_news` WHERE `catid` = 8 ORDER BY update_time desc,listorder desc LIMIT 0,5   [ RunTime:0.000431s ]
INFO: [ view_parse ] --START--
INFO: [ template_filter ] --START--
INFO: Run Behavior\ContentReplaceBehavior [ RunTime:0.000095s ]
INFO: [ template_filter ] --END-- [ RunTime:0.000268s ]
INFO: Run Behavior\ParseTemplateBehavior [ RunTime:0.037679s ]
INFO: [ view_parse ] --END-- [ RunTime:0.037862s ]
INFO: [ view_filter ] --START--
INFO: Run Behavior\WriteHtmlCacheBehavior [ RunTime:0.000792s ]
INFO: [ view_filter ] --END-- [ RunTime:0.000989s ]
INFO: [ app_end ] --START--
INFO: Run Behavior\ShowPageTraceBehavior [ RunTime:0.001558s ]
INFO: [ app_end ] --END-- [ RunTime:0.001822s ]

[ 2017-01-17T13:04:46+08:00 ] ::1 /mypro/cms1/index.php?c=Cat&id=12
INFO: [ app_init ] --START--
INFO: Run Behavior\BuildLiteBehavior [ RunTime:0.000041s ]
INFO: [ app_init ] --END-- [ RunTime:0.001009s ]
INFO: [ app_begin ] --START--
INFO: Run Behavior\ReadHtmlCacheBehavior [ RunTime:0.001018s ]
INFO: [ app_begin ] --END-- [ RunTime:0.001189s ]
NOTIC: [2048] Declaration of Home\Controller\CommonController::error() should be compatible with Think\Controller::error($message = '', $jumpUrl = '', $ajax = false) E:\wampserv\wamp\www\mypro\cms1\Application\Home\Controller\CommonController.class.php 第 11 行.
NOTIC: [8192] mysql_connect(): The mysql extension is deprecated and will be removed in the future: use mysqli or PDO instead E:\wampserv\wamp\www\mypro\cms1\ThinkPHP\Library\Think\Db\Driver\Mysql.class.php 第 52 行.
SQL: SHOW COLUMNS FROM `cms_menu` [ RunTime:0.004466s ]
SQL: SELECT * FROM `cms_menu` WHERE ( type=0 )  [ RunTime:0.000536s ]
SQL: SHOW COLUMNS FROM `cms_news` [ RunTime:0.005127s ]
SQL: SELECT * FROM `cms_news` ORDER BY count desc LIMIT 0,5   [ RunTime:0.000600s ]
SQL: SHOW COLUMNS FROM `cms_position_content` [ RunTime:0.004455s ]
SQL: SELECT * FROM `cms_position_content` WHERE `position_id` = 5 ORDER BY update_time desc,listorder desc LIMIT 0,3   [ RunTime:0.000436s ]
SQL: SELECT COUNT(*) AS tp_Count FROM `cms_news` WHERE `catid` = 12 LIMIT 1   [ RunTime:0.000407s ]
SQL: SELECT * FROM `cms_news` WHERE `catid` = 12 ORDER BY update_time desc,listorder desc LIMIT 0,5   [ RunTime:0.000510s ]
INFO: [ view_parse ] --START--
INFO: [ template_filter ] --START--
INFO: Run Behavior\ContentReplaceBehavior [ RunTime:0.000169s ]
INFO: [ template_filter ] --END-- [ RunTime:0.000432s ]
INFO: Run Behavior\ParseTemplateBehavior [ RunTime:0.020840s ]
INFO: [ view_parse ] --END-- [ RunTime:0.021021s ]
INFO: [ view_filter ] --START--
INFO: Run Behavior\WriteHtmlCacheBehavior [ RunTime:0.000852s ]
INFO: [ view_filter ] --END-- [ RunTime:0.001009s ]
INFO: [ app_end ] --START--
INFO: Run Behavior\ShowPageTraceBehavior [ RunTime:0.001317s ]
INFO: [ app_end ] --END-- [ RunTime:0.001536s ]

